22-05-09 18:28:02.766 : 

22-05-09 18:28:02.766 : #################### Trainning Resumed ####################
22-05-09 18:28:12.800 : 

22-05-09 18:28:12.800 : #################### Trainning Resumed ####################
22-05-09 18:28:13.054 : ===>Trainning Data:[ Train:9988  Valid:1998] Batch:8
22-05-09 18:28:38.369 : ===>Input:[8,3,400,400] output:[8,3,400,400]
22-05-09 18:28:38.484 :        DEVICE ID : cuda
22-05-09 18:28:44.410 : L1 loss function
22-05-09 18:28:44.411 : ===> TrainEpoch =0  lr = 0.0002
22-05-09 18:31:45.580 : 

22-05-09 18:31:45.580 : #################### Trainning Resumed ####################
22-05-09 18:31:45.815 : ===>Trainning Data:[ Train:9988  Valid:1998] Batch:8
22-05-09 18:32:06.713 : ===>Input:[8,3,336,372] output:[8,3,336,372]
22-05-09 18:32:06.844 :        DEVICE ID : cuda
22-05-09 18:32:10.329 : L1 loss function
22-05-09 18:32:10.330 : ===> TrainEpoch =0  lr = 0.0002
22-05-09 19:53:47.241 : ===> Epoch[0]: Loss_l1: 0.04544  Duration: 81.615967 min
22-05-09 20:09:38.445 : ===> Valid. psnr: 26.2609, ssim: 0.7195, loss: 0.0329
22-05-09 20:09:38.659 : ===> Checkpoint saved to checkpoints/enhance_net_checkpoints/enhance_net_x1/v4/checkpoint_base_epoch_0.pth
22-05-09 20:09:38.659 : 

22-05-09 20:24:50.926 : 

22-05-09 20:24:50.926 : #################### Trainning Resumed ####################
22-05-09 20:24:51.167 : ===>Trainning Data:[ Train:9988  Valid:1998] Batch:8
22-05-09 20:25:11.791 : ===>Input:[8,3,356,328] output:[8,3,356,328]
22-05-09 20:25:11.913 :        DEVICE ID : cuda
22-05-09 20:25:17.468 : L1 loss function
22-05-09 20:25:17.662 : ===> TrainEpoch =1  lr = 0.0002
22-05-10 08:40:21.289 : 

22-05-10 08:40:21.290 : #################### Trainning Resumed ####################
22-05-10 08:40:30.099 : 

22-05-10 08:40:30.100 : #################### Trainning Resumed ####################
22-05-10 08:40:30.321 : ===>Trainning Data:[ Train:9988  Valid:1998] Batch:8
22-05-10 08:41:00.631 : ===>Input:[8,3,316,500] output:[8,3,316,500]
22-05-10 09:04:13.631 : 

22-05-10 09:04:13.631 : #################### Trainning Resumed ####################
22-05-10 09:04:15.667 : ===>Trainning Data:[ Train:9988  Valid:1998] Batch:8
22-05-10 09:04:51.469 : ===>Input:[8,3,456,256] output:[8,3,456,256]
22-05-10 09:04:51.615 :        DEVICE ID : cuda
22-05-10 09:04:57.540 : L1 loss function
22-05-10 09:04:57.541 : ===> TrainEpoch =0  lr = 0.0002
22-05-10 09:05:47.089 : 

22-05-10 09:05:47.089 : #################### Trainning Resumed ####################
22-05-10 09:05:48.164 : ===>Trainning Data:[ Train:9988  Valid:1998] Batch:8
22-05-10 09:06:18.696 : ===>Input:[8,3,256,256] output:[8,3,256,256]
22-05-10 09:06:18.818 :        DEVICE ID : cuda
22-05-10 09:06:24.858 : L1 loss function
22-05-10 09:06:24.861 : ===> TrainEpoch =0  lr = 0.0002
22-05-10 09:07:07.274 : 

22-05-10 09:07:07.275 : #################### Trainning Resumed ####################
22-05-10 09:07:08.361 : ===>Trainning Data:[ Train:9988  Valid:1998] Batch:8
22-05-10 09:07:33.018 : ===>Input:[8,3,128,128] output:[8,3,128,128]
22-05-10 09:07:33.106 :        DEVICE ID : cuda
22-05-10 09:07:35.728 : L1 loss function
22-05-10 09:07:35.729 : ===> TrainEpoch =0  lr = 0.0002
22-05-10 09:11:26.902 : 

22-05-10 09:11:26.902 : #################### Trainning Resumed ####################
22-05-10 09:11:27.970 : ===>Trainning Data:[ Train:9988  Valid:1998] Batch:8
22-05-10 09:11:40.145 : ===>Input:[8,3,200,200] output:[8,3,200,200]
22-05-10 09:11:40.195 :        DEVICE ID : cuda
22-05-10 09:11:42.865 : L1 loss function
22-05-10 09:11:42.866 : ===> TrainEpoch =0  lr = 0.0002
22-05-10 09:14:17.678 : 

22-05-10 09:14:17.678 : #################### Trainning Resumed ####################
22-05-10 09:14:18.735 : ===>Trainning Data:[ Train:9988  Valid:1998] Batch:8
22-05-10 09:14:42.247 : ===>Input:[8,3,200,200] output:[8,3,200,200]
22-05-10 09:14:42.342 :        DEVICE ID : cuda
22-05-10 09:14:45.038 : L1 loss function
22-05-10 09:14:45.039 : ===> TrainEpoch =0  lr = 0.0002
22-05-10 09:16:38.078 : 

22-05-10 09:16:38.079 : #################### Trainning Resumed ####################
22-05-10 09:16:39.146 : ===>Trainning Data:[ Train:9988  Valid:1998] Batch:8
22-05-10 09:21:06.971 : 

22-05-10 09:21:06.971 : #################### Trainning Resumed ####################
22-05-10 09:21:08.900 : ===>Trainning Data:[ Train:9988  Valid:1998] Batch:8
22-05-10 09:32:02.681 : 

22-05-10 09:32:02.682 : #################### Trainning Resumed ####################
22-05-10 09:32:04.684 : ===>Trainning Data:[ Train:9988  Valid:1998] Batch:8
22-05-10 09:32:43.036 : 

22-05-10 09:32:43.036 : #################### Trainning Resumed ####################
22-05-10 09:32:44.037 : ===>Trainning Data:[ Train:9988  Valid:1998] Batch:8
22-05-10 09:33:00.049 : 

22-05-10 09:33:00.049 : #################### Trainning Resumed ####################
22-05-10 09:33:00.097 : ===>Trainning Data:[ Train:9988  Valid:1998] Batch:8
22-05-10 09:36:51.528 : 

22-05-10 09:36:51.528 : #################### Trainning Resumed ####################
22-05-10 09:36:53.535 : ===>Trainning Data:[ Train:9988  Valid:1998] Batch:8
22-05-10 09:37:07.531 : ===>Input:[8,3,120,120] output:[8,3,120,120]
22-05-10 09:37:07.642 :        DEVICE ID : cuda
22-05-10 09:37:13.232 : L1 loss function
22-05-10 09:37:13.233 : ===> TrainEpoch =0  lr = 0.0002
22-05-10 09:38:37.047 : 

22-05-10 09:38:37.048 : #################### Trainning Resumed ####################
22-05-10 09:38:38.127 : ===>Trainning Data:[ Train:9988  Valid:1998] Batch:8
22-05-10 09:42:00.054 : 

22-05-10 09:42:00.054 : #################### Trainning Resumed ####################
22-05-10 09:42:00.103 : ===>Trainning Data:[ Train:9988  Valid:1998] Batch:8
22-05-10 09:43:43.948 : 

22-05-10 09:43:43.948 : #################### Trainning Resumed ####################
22-05-10 09:43:44.945 : ===>Trainning Data:[ Train:9988  Valid:1998] Batch:8
22-05-10 09:44:04.048 : ===>Input:[8,3,200,200] output:[8,3,200,200]
22-05-10 09:44:04.150 :        DEVICE ID : cuda
22-05-10 09:44:09.867 : L1 loss function
22-05-10 09:44:09.868 : ===> TrainEpoch =0  lr = 0.0002
22-05-10 09:48:19.982 : 

22-05-10 09:48:19.982 : #################### Trainning Resumed ####################
22-05-10 09:48:21.043 : ===>Trainning Data:[ Train:9988  Valid:1998] Batch:8
22-05-10 09:48:42.483 : ===>Input:[8,3,200,200] output:[8,3,200,200]
22-05-10 09:48:42.671 :        DEVICE ID : cuda
22-05-10 09:48:48.766 : L1 loss function
22-05-10 09:48:48.768 : ===> TrainEpoch =0  lr = 0.0002
