22-01-22 18:37:01.773 : 

22-01-22 18:37:01.773 : #################### Trainning Resumed ####################
22-01-22 18:37:14.951 : 

22-01-22 18:37:14.951 : #################### Trainning Resumed ####################
22-01-22 18:37:15.424 : ===>Trainning Data:[ Train:10000  Valid:1000] Batch:8
22-01-22 18:37:52.059 : 

22-01-22 18:37:52.059 : #################### Trainning Resumed ####################
22-01-22 18:37:52.140 : ===>Trainning Data:[ Train:10000  Valid:1000] Batch:8
22-01-22 18:38:29.883 : 

22-01-22 18:38:29.884 : #################### Trainning Resumed ####################
22-01-22 18:38:30.195 : ===>Trainning Data:[ Train:10000  Valid:1000] Batch:8
22-01-22 18:39:34.158 : 

22-01-22 18:39:34.158 : #################### Trainning Resumed ####################
22-01-22 18:39:34.304 : ===>Trainning Data:[ Train:10000  Valid:1000] Batch:8
22-01-22 18:39:49.712 : 

22-01-22 18:39:49.713 : #################### Trainning Resumed ####################
22-01-22 18:39:49.793 : ===>Trainning Data:[ Train:10000  Valid:1000] Batch:8
22-01-22 18:43:30.511 : 

22-01-22 18:43:30.511 : #################### Trainning Resumed ####################
22-01-22 18:43:30.877 : ===>Trainning Data:[ Train:10000  Valid:1000] Batch:8
22-01-22 18:43:34.910 :        DEVICE ID : cuda
22-01-22 18:43:46.242 : 

22-01-22 18:43:46.243 : #################### Trainning Resumed ####################
22-01-22 18:43:46.321 : ===>Trainning Data:[ Train:10000  Valid:1000] Batch:8
22-01-22 18:43:52.495 :        DEVICE ID : cuda
22-01-22 18:43:55.412 : L1 loss function
22-01-22 18:43:55.413 : ===> TrainEpoch =0  lr = 0.0001
22-01-22 18:48:03.017 : 

22-01-22 18:48:03.017 : #################### Trainning Resumed ####################
22-01-22 18:48:03.484 : ===>Trainning Data:[ Train:10000  Valid:1000] Batch:8
22-01-22 18:48:18.459 : 

22-01-22 18:48:18.459 : #################### Trainning Resumed ####################
22-01-22 18:48:18.539 : ===>Trainning Data:[ Train:10000  Valid:1000] Batch:8
22-01-22 18:48:22.693 :        DEVICE ID : cuda
22-01-22 18:48:25.756 : L1 loss function
22-01-22 18:48:25.757 : ===> TrainEpoch =0  lr = 0.0001
22-01-22 18:48:39.503 : 

22-01-22 18:48:39.503 : #################### Trainning Resumed ####################
22-01-22 18:48:39.866 : ===>Trainning Data:[ Train:10000  Valid:1000] Batch:8
22-01-22 18:48:44.193 : ===>Input:[8,2,3,116] output:[8,3,116,116]
22-01-22 18:48:44.258 :        DEVICE ID : cuda
22-01-22 18:48:47.537 : L1 loss function
22-01-22 18:48:47.539 : ===> TrainEpoch =0  lr = 0.0001
22-01-22 18:50:02.882 : 

22-01-22 18:50:02.882 : #################### Trainning Resumed ####################
22-01-22 18:50:03.159 : ===>Trainning Data:[ Train:10000  Valid:1000] Batch:8
22-01-22 18:50:07.699 : ===>Input:[8,2,3,140] output:[8,3,140,140]
22-01-22 18:50:07.761 :        DEVICE ID : cuda
22-01-22 18:50:10.636 : L1 loss function
22-01-22 18:50:10.637 : ===> TrainEpoch =0  lr = 0.0001
22-01-22 18:51:39.745 : 

22-01-22 18:51:39.745 : #################### Trainning Resumed ####################
22-01-22 18:51:39.927 : ===>Trainning Data:[ Train:10000  Valid:1000] Batch:8
22-01-22 18:51:46.315 : ===>Input:[8,2,3,108] output:[8,3,108,108]
22-01-22 18:51:46.377 :        DEVICE ID : cuda
22-01-22 18:51:49.253 : L1 loss function
22-01-22 18:51:49.256 : ===> TrainEpoch =0  lr = 0.0001
22-01-22 18:59:38.825 : 

22-01-22 18:59:38.825 : #################### Trainning Resumed ####################
22-01-22 18:59:39.103 : ===>Trainning Data:[ Train:10000  Valid:1000] Batch:8
22-01-22 18:59:44.084 : ===>Input:[8,3,140,140] output:[8,3,140,140]
22-01-22 18:59:44.146 :        DEVICE ID : cuda
22-01-22 18:59:46.982 : L1 loss function
22-01-22 18:59:46.983 : ===> TrainEpoch =0  lr = 0.0001
22-01-22 19:00:15.422 : 

22-01-22 19:00:15.422 : #################### Trainning Resumed ####################
22-01-22 19:00:15.790 : ===>Trainning Data:[ Train:10000  Valid:1000] Batch:8
22-01-22 19:00:20.401 : ===>Input:[8,3,184,184] output:[8,3,184,184]
22-01-22 19:00:20.475 :        DEVICE ID : cuda
22-01-22 19:00:23.562 : L1 loss function
22-01-22 19:00:23.563 : ===> TrainEpoch =0  lr = 0.0001
22-01-22 19:03:19.763 : 

22-01-22 19:03:19.764 : #################### Trainning Resumed ####################
22-01-22 19:03:20.148 : ===>Trainning Data:[ Train:10000  Valid:1000] Batch:8
22-01-22 19:03:24.588 : ===>Input:[8,3,80,80] output:[8,3,80,80]
22-01-22 19:03:24.654 :        DEVICE ID : cuda
22-01-22 19:03:27.629 : L1 loss function
22-01-22 19:03:27.630 : ===> TrainEpoch =0  lr = 0.0001
22-01-22 19:04:43.688 : 

22-01-22 19:04:43.689 : #################### Trainning Resumed ####################
22-01-22 19:04:44.044 : ===>Trainning Data:[ Train:10000  Valid:1000] Batch:8
22-01-22 19:04:48.312 : ===>Input:[8,3,112,112] output:[8,3,112,112]
22-01-22 19:04:48.374 :        DEVICE ID : cuda
22-01-22 19:04:51.167 : L1 loss function
22-01-22 19:04:51.168 : ===> TrainEpoch =0  lr = 0.0001
