22-01-15 21:43:14.850 : 

22-01-15 21:43:14.850 : #################### Trainning Resumed ####################
22-01-15 21:43:47.469 : 

22-01-15 21:43:47.470 : #################### Trainning Resumed ####################
22-01-15 21:48:26.017 : 

22-01-15 21:48:26.017 : #################### Trainning Resumed ####################
22-01-15 21:51:46.324 : 

22-01-15 21:51:46.324 : #################### Trainning Resumed ####################
22-01-15 21:52:30.779 : 

22-01-15 21:52:30.779 : #################### Trainning Resumed ####################
22-01-15 21:54:40.564 : 

22-01-15 21:54:40.565 : #################### Trainning Resumed ####################
22-01-15 21:54:40.785 : ===>Trainning Data:[ Train:10000  Valid:1000] Batch:8
22-01-15 21:54:49.373 : ===>Input:[8,3,240,240] output:[8,3,240,240]
22-01-15 21:54:49.478 :        DEVICE ID : cuda
22-01-15 21:54:55.885 : L1 loss function
22-01-15 21:54:55.886 : ===> TrainEpoch =0  lr = 0.0001
22-01-15 21:56:06.033 : 

22-01-15 21:56:06.033 : #################### Trainning Resumed ####################
22-01-15 21:56:06.189 : ===>Trainning Data:[ Train:10000  Valid:1000] Batch:8
22-01-15 21:56:16.282 : ===>Input:[8,3,420,420] output:[8,3,420,420]
22-01-15 21:56:16.344 :        DEVICE ID : cuda
22-01-15 21:56:19.191 : L1 loss function
22-01-15 21:56:19.192 : ===> TrainEpoch =0  lr = 0.0001
22-01-15 21:56:49.865 : 

22-01-15 21:56:49.865 : #################### Trainning Resumed ####################
22-01-15 21:56:50.022 : ===>Trainning Data:[ Train:10000  Valid:1000] Batch:8
22-01-15 21:57:07.197 : ===>Input:[8,3,390,390] output:[8,3,390,390]
22-01-15 21:57:07.266 :        DEVICE ID : cuda
22-01-15 21:57:10.262 : L1 loss function
22-01-15 21:57:10.263 : ===> TrainEpoch =0  lr = 0.0001
22-01-15 21:57:59.979 : 

22-01-15 21:57:59.979 : #################### Trainning Resumed ####################
22-01-15 21:58:00.117 : ===>Trainning Data:[ Train:10000  Valid:1000] Batch:8
22-01-15 21:58:11.333 : ===>Input:[8,3,350,350] output:[8,3,350,350]
22-01-15 21:58:11.400 :        DEVICE ID : cuda
22-01-15 21:58:14.556 : L1 loss function
22-01-15 21:58:14.558 : ===> TrainEpoch =0  lr = 0.0001
22-01-15 22:00:17.861 : 

22-01-15 22:00:17.862 : #################### Trainning Resumed ####################
22-01-15 22:00:18.338 : ===>Trainning Data:[ Train:10000  Valid:1000] Batch:8
22-01-15 22:00:28.905 : ===>Input:[8,3,360,360] output:[8,3,360,360]
22-01-15 22:00:28.968 :        DEVICE ID : cuda
22-01-15 22:00:32.071 : L1 loss function
22-01-15 22:00:32.072 : ===> TrainEpoch =0  lr = 0.0001
22-01-15 22:01:17.405 : 

22-01-15 22:01:17.406 : #################### Trainning Resumed ####################
22-01-15 22:01:17.545 : ===>Trainning Data:[ Train:10000  Valid:1000] Batch:8
22-01-15 22:01:29.452 : ===>Input:[8,3,320,320] output:[8,3,320,320]
22-01-15 22:01:29.517 :        DEVICE ID : cuda
22-01-15 22:01:32.358 : L1 loss function
22-01-15 22:01:32.359 : ===> TrainEpoch =0  lr = 0.0001
22-01-15 22:02:12.589 : 

22-01-15 22:02:12.589 : #################### Trainning Resumed ####################
22-01-15 22:02:12.862 : ===>Trainning Data:[ Train:10000  Valid:1000] Batch:8
22-01-15 22:02:24.801 : ===>Input:[8,3,340,340] output:[8,3,340,340]
22-01-15 22:02:24.862 :        DEVICE ID : cuda
22-01-15 22:02:27.692 : L1 loss function
22-01-15 22:02:27.693 : ===> TrainEpoch =0  lr = 0.0001
22-01-15 22:03:00.288 : 

22-01-15 22:03:00.288 : #################### Trainning Resumed ####################
22-01-15 22:03:00.686 : ===>Trainning Data:[ Train:10000  Valid:1000] Batch:8
22-01-15 22:03:15.261 : ===>Input:[8,3,348,348] output:[8,3,348,348]
22-01-15 22:03:15.322 :        DEVICE ID : cuda
22-01-15 22:03:18.164 : L1 loss function
22-01-15 22:03:18.165 : ===> TrainEpoch =0  lr = 0.0001
22-01-15 22:04:16.929 : 

22-01-15 22:04:16.930 : #################### Trainning Resumed ####################
22-01-15 22:04:17.391 : ===>Trainning Data:[ Train:10000  Valid:1000] Batch:8
22-01-15 22:04:32.799 : ===>Input:[8,3,348,348] output:[8,3,348,348]
22-01-15 22:04:32.864 :        DEVICE ID : cuda
22-01-15 22:04:35.774 : L1 loss function
22-01-15 22:04:35.776 : ===> TrainEpoch =0  lr = 0.0001
