22-01-18 10:13:47.540 : 

22-01-18 10:13:47.541 : #################### Trainning Resumed ####################
22-01-18 10:20:01.583 : 

22-01-18 10:20:01.583 : #################### Trainning Resumed ####################
22-01-18 10:20:02.086 : ===>Trainning Data:[ Train:10000  Valid:1000] Batch:8
22-01-18 10:26:17.187 : 

22-01-18 10:26:17.187 : #################### Trainning Resumed ####################
22-01-18 10:26:19.431 : ===>Trainning Data:[ Train:10000  Valid:1000] Batch:8
22-01-18 10:28:02.898 : 

22-01-18 10:28:02.898 : #################### Trainning Resumed ####################
22-01-18 10:28:03.828 : ===>Trainning Data:[ Train:10000  Valid:1000] Batch:8
22-01-18 10:30:07.450 : 

22-01-18 10:30:07.451 : #################### Trainning Resumed ####################
22-01-18 10:30:07.536 : ===>Trainning Data:[ Train:10000  Valid:1000] Batch:8
22-01-18 10:30:14.935 : ===>Input:[8,3,256,256] output:[8,3,256,256]
22-01-18 10:30:15.032 :        DEVICE ID : cuda
22-01-18 10:31:05.807 : 

22-01-18 10:31:05.807 : #################### Trainning Resumed ####################
22-01-18 10:31:06.812 : ===>Trainning Data:[ Train:10000  Valid:1000] Batch:8
22-01-18 10:31:11.533 : ===>Input:[8,3,256,256] output:[8,3,256,256]
22-01-18 10:31:11.605 :        DEVICE ID : cuda
22-01-18 10:31:14.392 : L1 loss function
22-01-18 10:31:14.394 : ===> TrainEpoch =0  lr = 0.0001
22-01-18 10:32:15.261 : 

22-01-18 10:32:15.262 : #################### Trainning Resumed ####################
22-01-18 10:32:15.345 : ===>Trainning Data:[ Train:10000  Valid:1000] Batch:8
22-01-18 10:32:22.320 : ===>Input:[8,3,256,256] output:[8,3,256,256]
22-01-18 10:32:22.382 :        DEVICE ID : cuda
22-01-18 10:32:25.218 : L1 loss function
22-01-18 10:32:25.220 : ===> TrainEpoch =0  lr = 0.0001
