

22-01-09 23:26:15.384 : #################### Trainning Resumed ####################
22-01-09 23:26:15.981 : ===>Trainning Data:[ Train:6282  Valid:1282] Batch:8
22-01-09 23:26:38.027 : ===>Input:[8,3,336,336] output:[8,3,1008,1008]
22-01-09 23:26:38.119 :        DEVICE ID : cuda
22-01-09 23:26:43.928 : L1 loss function
22-01-09 23:26:43.929 : ===> TrainEpoch =0  lr = 0.0001
22-01-09 23:28:40.350 : 

22-01-09 23:28:40.351 : #################### Trainning Resumed ####################
22-01-09 23:28:40.904 : ===>Trainning Data:[ Train:6282  Valid:1282] Batch:8
22-01-09 23:29:07.878 : ===>Input:[8,3,244,228] output:[8,3,732,684]
22-01-09 23:29:07.963 :        DEVICE ID : cuda
22-01-09 23:29:12.166 : L1 loss function
22-01-09 23:29:12.167 : ===> TrainEpoch =0  lr = 0.0001
22-01-10 00:09:30.644 : ===> Epoch[0]: Loss_l1: 0.09368  Duration: 40.307321 min
22-01-10 00:17:35.405 : ===> Valid. psnr: 22.9887, ssim: 0.6282, loss: 0.0560
22-01-10 00:17:35.782 : ===> Checkpoint saved to checkpoints/enhance_net_checkpoints/checkpoint_base_epoch_0.pth
22-01-10 00:17:35.782 : 

22-01-10 11:18:00.382 : 

22-01-10 11:18:00.383 : #################### Trainning Resumed ####################
22-01-10 11:18:01.148 : ===>Trainning Data:[ Train:6282  Valid:1282] Batch:8
22-01-10 11:18:14.201 : ===>Input:[8,3,280,188] output:[8,3,840,564]
22-01-10 11:18:14.303 :        DEVICE ID : cuda
22-01-10 11:18:21.891 : L1 loss function
22-01-10 11:18:22.098 : ===> TrainEpoch =1  lr = 0.0001
22-01-10 11:59:16.368 : ===> Epoch[1]: Loss_l1: 0.05632  Duration: 40.906537 min
22-01-10 12:07:54.439 : ===> Valid. psnr: 23.8304, ssim: 0.6442, loss: 0.0506
22-01-10 12:07:54.600 : ===> Checkpoint saved to checkpoints/enhance_net_checkpoints/checkpoint_base_epoch_1.pth
22-01-10 12:07:54.601 : 

22-01-10 12:09:30.917 : 

22-01-10 12:09:30.917 : #################### Trainning Resumed ####################
22-01-10 12:09:31.205 : ===>Trainning Data:[ Train:6282  Valid:1282] Batch:8
22-01-10 12:09:41.018 : ===>Input:[8,3,128,252] output:[8,3,384,756]
22-01-10 12:09:41.117 :        DEVICE ID : cuda
22-01-10 12:09:48.683 : L1 loss function
22-01-10 12:09:48.910 : ===> TrainEpoch =2  lr = 0.0001
22-01-10 12:46:33.981 : ===> Epoch[2]: Loss_l1: 0.04878  Duration: 36.750475 min
