

22-01-19 11:24:58.969 : #################### Trainning Resumed ####################
22-01-19 11:24:59.557 : ===>Trainning Data:[ Train:10000  Valid:1000] Batch:8
22-01-19 11:25:05.921 : ===>Input:[8,3,180,180] output:[8,3,180,180]
22-01-19 11:25:05.987 :        DEVICE ID : cuda
22-01-19 11:25:10.502 : L1 loss function
22-01-19 11:25:10.504 : ===> TrainEpoch =0  lr = 0.0001
22-01-19 12:05:56.184 : ===> Epoch[0]: Loss_l1: 0.08599  Duration: 40.761571 min
22-01-19 12:08:33.081 : ===> Valid. psnr: 19.5118, ssim: 0.6503, loss: 0.0794
22-01-19 12:08:33.203 : ===> Checkpoint saved to checkpoints/anime_net_checkpoints/anime_net_3/checkpoint_base_epoch_0.pth
22-01-19 12:08:33.203 : 

22-01-19 12:08:33.204 : ===> TrainEpoch =1  lr = 0.0001
22-01-19 12:21:36.314 : 

22-01-19 12:21:36.314 : #################### Trainning Resumed ####################
22-01-19 12:21:36.620 : ===>Trainning Data:[ Train:10000  Valid:1000] Batch:8
22-01-19 12:21:41.154 : ===>Input:[8,3,180,180] output:[8,3,180,180]
22-01-19 12:21:41.258 :        DEVICE ID : cuda
22-01-19 12:21:47.653 : L1 loss function
22-01-19 12:21:47.654 : ===> TrainEpoch =0  lr = 0.0001
22-01-19 13:01:47.791 : ===> Epoch[0]: Loss_l1: 0.08497  Duration: 40.002887 min
22-01-19 13:04:16.482 : ===> Valid. psnr: 19.7666, ssim: 0.6523, loss: 0.0769
22-01-19 13:04:16.616 : ===> Checkpoint saved to checkpoints/anime_net_checkpoints/anime_net_3/checkpoint_base_epoch_0.pth
22-01-19 13:04:16.616 : 

22-01-19 13:04:16.616 : ===> TrainEpoch =1  lr = 0.0001
22-01-19 13:44:12.359 : ===> Epoch[1]: Loss_l1: 0.07404  Duration: 39.929050 min
22-01-19 13:46:40.356 : ===> Valid. psnr: 20.4794, ssim: 0.6779, loss: 0.0699
22-01-19 13:46:40.453 : ===> Checkpoint saved to checkpoints/anime_net_checkpoints/anime_net_3/checkpoint_base_epoch_1.pth
22-01-19 13:46:40.453 : 

22-01-19 13:46:40.454 : ===> TrainEpoch =2  lr = 0.0001
22-01-19 14:26:37.111 : ===> Epoch[2]: Loss_l1: 0.06884  Duration: 39.945192 min
22-01-19 14:29:04.126 : ===> Valid. psnr: 20.9081, ssim: 0.6916, loss: 0.0661
22-01-19 14:29:04.226 : ===> Checkpoint saved to checkpoints/anime_net_checkpoints/anime_net_3/checkpoint_base_epoch_2.pth
22-01-19 14:29:04.226 : 

22-01-19 14:29:04.226 : ===> TrainEpoch =3  lr = 0.0001
22-01-19 15:09:47.133 : ===> Epoch[3]: Loss_l1: 0.06609  Duration: 40.715646 min
22-01-19 15:12:17.097 : ===> Valid. psnr: 21.0061, ssim: 0.7013, loss: 0.0650
22-01-19 15:12:17.189 : ===> Checkpoint saved to checkpoints/anime_net_checkpoints/anime_net_3/checkpoint_base_epoch_3.pth
22-01-19 15:12:17.189 : 

22-01-19 15:12:17.189 : ===> TrainEpoch =4  lr = 0.0001
