
22-02-01 10:30:26.493 : 

22-02-01 10:30:26.494 : #################### Trainning Resumed ####################
22-02-01 10:30:26.709 : ===>Trainning Data:[ Train:23482  Valid:2000] Batch:8
22-02-01 10:30:29.046 : ===>Input:[8,3,164,164] output:[8,3,164,164]
22-02-01 10:30:29.105 :        DEVICE ID : cuda
22-02-01 10:30:32.068 : L1 loss function
22-02-01 10:30:32.070 : ===> TrainEpoch =0  lr = 0.0001
22-02-01 11:22:58.370 : ===> Epoch[0]: Loss_l1: 0.05058  Duration: 52.438875 min
22-02-01 11:26:09.080 : ===> Valid. psnr: 25.4521, ssim: 0.7353, loss: 0.0329
22-02-01 11:26:09.200 : ===> Checkpoint saved to checkpoints/face_net_checkpoints/black_mask_checkpoints/V_mid/checkpoint_base_epoch_0.pth
22-02-01 11:26:09.200 : 

22-02-01 11:26:09.202 : ===> TrainEpoch =1  lr = 0.0001
22-02-01 12:19:04.325 : ===> Epoch[1]: Loss_l1: 0.03117  Duration: 52.918912 min
22-02-01 12:21:59.034 : ===> Valid. psnr: 25.9299, ssim: 0.7708, loss: 0.0341
22-02-01 12:21:59.130 : ===> Checkpoint saved to checkpoints/face_net_checkpoints/black_mask_checkpoints/V_mid/checkpoint_base_epoch_1.pth
22-02-01 12:21:59.130 : 

22-02-01 12:21:59.131 : ===> TrainEpoch =2  lr = 0.0001
22-02-01 13:14:18.004 : ===> Epoch[2]: Loss_l1: 0.02797  Duration: 52.314558 min
22-02-01 13:17:15.669 : ===> Valid. psnr: 27.4675, ssim: 0.8053, loss: 0.0259
22-02-01 13:17:15.777 : ===> Checkpoint saved to checkpoints/face_net_checkpoints/black_mask_checkpoints/V_mid/checkpoint_base_epoch_2.pth
22-02-01 13:17:15.777 : 

22-02-01 13:17:15.778 : ===> TrainEpoch =3  lr = 0.0001
22-02-01 14:09:43.461 : ===> Epoch[3]: Loss_l1: 0.02566  Duration: 52.462321 min
22-02-01 14:12:32.610 : ===> Valid. psnr: 27.8092, ssim: 0.8195, loss: 0.0253
22-02-01 14:12:32.719 : ===> Checkpoint saved to checkpoints/face_net_checkpoints/black_mask_checkpoints/V_mid/checkpoint_base_epoch_3.pth
22-02-01 14:12:32.719 : 

22-02-01 14:12:32.720 : ===> TrainEpoch =4  lr = 0.0001
22-02-01 15:03:44.811 : ===> Epoch[4]: Loss_l1: 0.02440  Duration: 51.204129 min
22-02-01 15:06:53.736 : ===> Valid. psnr: 28.2762, ssim: 0.8324, loss: 0.0237
22-02-01 15:06:53.835 : ===> Checkpoint saved to checkpoints/face_net_checkpoints/black_mask_checkpoints/V_mid/checkpoint_base_epoch_4.pth
22-02-01 15:06:53.835 : 

22-02-01 15:06:53.836 : ===> TrainEpoch =5  lr = 0.0001
22-02-01 16:00:15.260 : ===> Epoch[5]: Loss_l1: 0.02338  Duration: 53.357700 min
22-02-01 16:03:13.593 : ===> Valid. psnr: 28.5339, ssim: 0.8415, loss: 0.0225
22-02-01 16:03:13.677 : ===> Checkpoint saved to checkpoints/face_net_checkpoints/black_mask_checkpoints/V_mid/checkpoint_base_epoch_5.pth
22-02-01 16:03:13.677 : 

22-02-01 16:03:13.677 : ===> TrainEpoch =6  lr = 0.0001
22-02-01 16:56:14.548 : ===> Epoch[6]: Loss_l1: 0.02272  Duration: 53.014837 min
22-02-01 16:59:23.365 : ===> Valid. psnr: 28.7833, ssim: 0.8493, loss: 0.0223
22-02-01 16:59:23.450 : ===> Checkpoint saved to checkpoints/face_net_checkpoints/black_mask_checkpoints/V_mid/checkpoint_base_epoch_6.pth
22-02-01 16:59:23.450 : 

22-02-01 16:59:23.451 : ===> TrainEpoch =7  lr = 0.0001
22-02-01 17:53:42.282 : ===> Epoch[7]: Loss_l1: 0.02190  Duration: 54.315479 min
22-02-01 17:56:59.813 : ===> Valid. psnr: 29.0808, ssim: 0.8579, loss: 0.0212
22-02-01 17:56:59.905 : ===> Checkpoint saved to checkpoints/face_net_checkpoints/black_mask_checkpoints/V_mid/checkpoint_base_epoch_7.pth
22-02-01 17:56:59.906 : 

22-02-01 17:56:59.906 : ===> TrainEpoch =8  lr = 0.0001
22-02-01 18:50:44.670 : ===> Epoch[8]: Loss_l1: 0.02148  Duration: 53.747988 min
22-02-01 18:54:02.258 : ===> Valid. psnr: 29.3399, ssim: 0.8664, loss: 0.0206
22-02-01 18:54:02.350 : ===> Checkpoint saved to checkpoints/face_net_checkpoints/black_mask_checkpoints/V_mid/checkpoint_base_epoch_8.pth
22-02-01 18:54:02.350 : 

22-02-01 18:54:02.351 : ===> TrainEpoch =9  lr = 0.0001
22-02-01 19:49:16.416 : ===> Epoch[9]: Loss_l1: 0.02057  Duration: 55.230737 min
22-02-01 19:52:30.839 : ===> Valid. psnr: 29.7448, ssim: 0.8779, loss: 0.0196
22-02-01 19:52:30.959 : ===> Checkpoint saved to checkpoints/face_net_checkpoints/black_mask_checkpoints/V_mid/checkpoint_base_epoch_9.pth
22-02-01 19:52:30.959 : 

22-02-01 20:23:58.431 : 

22-02-01 20:23:58.432 : #################### Trainning Resumed ####################
22-02-01 20:23:59.578 : ===>Trainning Data:[ Train:23482  Valid:2000] Batch:8
22-02-01 20:24:01.896 : ===>Input:[8,3,316,316] output:[8,3,316,316]
22-02-01 20:24:01.996 :        DEVICE ID : cuda
22-02-01 20:24:08.669 : L1 loss function
22-02-01 20:24:08.886 : ===> TrainEpoch =10  lr = 0.0001
22-02-01 21:17:40.715 : ===> Epoch[10]: Loss_l1: 0.01991  Duration: 53.530554 min
22-02-01 21:21:41.287 : ===> Valid. psnr: 29.9563, ssim: 0.8840, loss: 0.0196
22-02-01 21:21:41.407 : ===> Checkpoint saved to checkpoints/face_net_checkpoints/black_mask_checkpoints/V_mid/checkpoint_base_epoch_10.pth
22-02-01 21:21:41.407 : 

22-02-01 22:55:25.431 : 

22-02-01 22:55:25.432 : #################### Trainning Resumed ####################
22-02-01 22:55:26.605 : ===>Trainning Data:[ Train:23482  Valid:2000] Batch:8
22-02-01 22:55:30.483 : ===>Input:[8,3,292,292] output:[8,3,292,292]
22-02-01 22:55:30.591 :        DEVICE ID : cuda
22-02-01 22:55:37.724 : L1 loss function
22-02-01 22:55:37.961 : ===> TrainEpoch =11  lr = 0.0001
22-02-01 23:47:36.478 : ===> Epoch[11]: Loss_l1: 0.01927  Duration: 51.975788 min
22-02-01 23:50:35.443 : ===> Valid. psnr: 30.1253, ssim: 0.8913, loss: 0.0192
22-02-01 23:50:35.538 : ===> Checkpoint saved to checkpoints/face_net_checkpoints/black_mask_checkpoints/V_mid/checkpoint_base_epoch_11.pth
22-02-01 23:50:35.538 : 

22-02-02 09:37:58.013 : 

22-02-02 09:37:58.014 : #################### Trainning Resumed ####################
