

22-01-02 12:38:08.050 : #################### Trainning Resumed ####################
22-01-02 12:38:08.601 : ===>Trainning Data:[ Train:9143  Valid:1000] Batch:8
22-01-02 12:38:10.879 : ===>Input:[8,3,256,172] output:[8,3,256,172]
22-01-02 12:38:10.963 :        DEVICE ID : cuda
22-01-02 12:38:23.811 : L1 loss function
22-01-02 12:38:23.812 : ===> TrainEpoch =0  lr = 0.0001
22-01-02 12:58:47.715 : ===> Epoch[0]: Loss_l1: 0.07043  Duration: 20.398642 min
22-01-02 13:00:29.667 : ===> Valid. psnr: 22.8266, ssim: 0.6886, loss: 0.0440
22-01-02 13:00:29.756 : ===> Checkpoint saved to checkpoints/face_net_checkpoints/checkpoint_baseepoch_0.pth
22-01-02 13:00:29.756 : 

22-01-02 13:00:29.758 : ===> TrainEpoch =1  lr = 0.0001
22-01-02 13:21:12.789 : ===> Epoch[1]: Loss_l1: 0.04136  Duration: 20.717813 min
22-01-02 13:22:50.900 : ===> Valid. psnr: 24.5204, ssim: 0.7233, loss: 0.0381
22-01-02 13:22:50.964 : ===> Checkpoint saved to checkpoints/face_net_checkpoints/checkpoint_baseepoch_1.pth
22-01-02 13:22:50.964 : 

22-01-02 13:22:50.965 : ===> TrainEpoch =2  lr = 0.0001
22-01-02 13:43:03.250 : ===> Epoch[2]: Loss_l1: 0.03805  Duration: 20.204956 min
22-01-02 13:44:37.138 : ===> Valid. psnr: 24.6303, ssim: 0.7348, loss: 0.0373
22-01-02 13:44:37.191 : ===> Checkpoint saved to checkpoints/face_net_checkpoints/checkpoint_baseepoch_2.pth
22-01-02 13:44:37.191 : 

22-01-02 13:44:37.192 : ===> TrainEpoch =3  lr = 0.0001
22-01-02 14:04:23.282 : ===> Epoch[3]: Loss_l1: 0.03645  Duration: 19.768304 min
22-01-02 14:06:06.566 : ===> Valid. psnr: 25.3349, ssim: 0.7455, loss: 0.0351
22-01-02 14:06:06.641 : ===> Checkpoint saved to checkpoints/face_net_checkpoints/checkpoint_baseepoch_3.pth
22-01-02 14:06:06.641 : 

22-01-02 14:06:06.642 : ===> TrainEpoch =4  lr = 0.0001
22-01-02 14:27:01.848 : ===> Epoch[4]: Loss_l1: 0.03054  Duration: 20.920427 min
22-01-02 14:28:46.703 : ===> Valid. psnr: 26.5835, ssim: 0.7694, loss: 0.0293
22-01-02 14:28:46.758 : ===> Checkpoint saved to checkpoints/face_net_checkpoints/checkpoint_baseepoch_4.pth
22-01-02 14:28:46.758 : 

22-01-02 14:31:21.867 : 

22-01-02 14:31:21.867 : #################### Trainning Resumed ####################
22-01-02 14:31:21.940 : ===>Trainning Data:[ Train:9143  Valid:1000] Batch:8
22-01-02 14:31:23.847 : ===>Input:[8,3,276,196] output:[8,3,276,196]
22-01-02 14:31:23.940 :        DEVICE ID : cuda
22-01-02 14:31:30.315 : L1 loss function
22-01-02 14:32:48.755 : 

22-01-02 14:32:48.755 : #################### Trainning Resumed ####################
22-01-02 14:32:48.882 : ===>Trainning Data:[ Train:9143  Valid:1000] Batch:8
22-01-02 14:32:51.453 : ===>Input:[8,3,244,228] output:[8,3,244,228]
22-01-02 14:32:51.509 :        DEVICE ID : cuda
22-01-02 14:32:54.435 : L1 loss function
22-01-02 14:33:34.198 : 

22-01-02 14:33:34.198 : #################### Trainning Resumed ####################
22-01-02 14:33:34.306 : ===>Trainning Data:[ Train:9143  Valid:1000] Batch:8
22-01-02 14:33:37.087 : ===>Input:[8,3,260,304] output:[8,3,260,304]
22-01-02 14:33:37.147 :        DEVICE ID : cuda
22-01-02 14:33:40.081 : L1 loss function
22-01-02 14:33:40.220 : ===> TrainEpoch =5  lr = 0.0001
22-01-02 14:53:37.266 : ===> Epoch[5]: Loss_l1: 0.02802  Duration: 19.951783 min
22-01-02 14:55:09.258 : ===> Valid. psnr: 26.5803, ssim: 0.7745, loss: 0.0285
22-01-02 14:55:09.327 : ===> Checkpoint saved to checkpoints/face_net_checkpoints/checkpoint_baseepoch_5.pth
22-01-02 14:55:09.328 : 

22-01-02 14:55:09.328 : ===> TrainEpoch =6  lr = 0.0001
22-01-02 15:16:05.786 : ===> Epoch[6]: Loss_l1: 0.02664  Duration: 20.941771 min
22-01-02 15:18:00.599 : ===> Valid. psnr: 27.1808, ssim: 0.7902, loss: 0.0274
22-01-02 15:18:00.683 : ===> Checkpoint saved to checkpoints/face_net_checkpoints/checkpoint_baseepoch_6.pth
22-01-02 15:18:00.683 : 

22-01-02 15:18:00.684 : ===> TrainEpoch =7  lr = 0.0001
22-01-02 15:38:24.276 : ===> Epoch[7]: Loss_l1: 0.02589  Duration: 20.393758 min
22-01-02 15:40:08.531 : ===> Valid. psnr: 27.4341, ssim: 0.8014, loss: 0.0266
22-01-02 15:40:08.599 : ===> Checkpoint saved to checkpoints/face_net_checkpoints/checkpoint_baseepoch_7.pth
22-01-02 15:40:08.599 : 

22-01-02 15:40:08.600 : ===> TrainEpoch =8  lr = 0.0001
22-01-02 16:01:00.525 : ===> Epoch[8]: Loss_l1: 0.02510  Duration: 20.864256 min
22-01-02 16:02:47.270 : ===> Valid. psnr: 27.6741, ssim: 0.8079, loss: 0.0251
22-01-02 16:02:47.354 : ===> Checkpoint saved to checkpoints/face_net_checkpoints/checkpoint_baseepoch_8.pth
22-01-02 16:02:47.354 : 

22-01-02 16:02:47.355 : ===> TrainEpoch =9  lr = 0.0001
22-01-02 16:23:20.923 : ===> Epoch[9]: Loss_l1: 0.02433  Duration: 20.560365 min
22-01-02 16:25:26.099 : ===> Valid. psnr: 27.8862, ssim: 0.8079, loss: 0.0248
22-01-02 16:25:26.155 : ===> Checkpoint saved to checkpoints/face_net_checkpoints/checkpoint_baseepoch_9.pth
22-01-02 16:25:26.156 : 

22-01-02 17:09:16.390 : 

22-01-02 17:09:16.390 : #################### Trainning Resumed ####################
22-01-02 17:09:18.638 : ===>Trainning Data:[ Train:9143  Valid:1000] Batch:8
22-01-02 17:09:21.440 : ===>Input:[8,3,284,456] output:[8,3,284,456]
22-01-02 17:09:21.505 :        DEVICE ID : cuda
22-01-02 17:09:27.862 : L1 loss function
22-01-02 17:09:28.135 : ===> TrainEpoch =10  lr = 0.0001
22-01-02 17:29:56.647 : ===> Epoch[10]: Loss_l1: 0.02391  Duration: 20.472527 min
22-01-02 17:31:41.740 : ===> Valid. psnr: 27.9648, ssim: 0.8169, loss: 0.0236
22-01-02 17:31:41.833 : ===> Checkpoint saved to checkpoints/face_net_checkpoints/checkpoint_baseepoch_10.pth
22-01-02 17:31:41.834 : 

22-01-02 17:31:41.835 : ===> TrainEpoch =11  lr = 0.0001
22-01-02 17:52:09.671 : ===> Epoch[11]: Loss_l1: 0.02355  Duration: 20.464481 min
22-01-02 17:53:50.792 : ===> Valid. psnr: 28.2672, ssim: 0.8220, loss: 0.0229
22-01-02 17:53:50.895 : ===> Checkpoint saved to checkpoints/face_net_checkpoints/checkpoint_baseepoch_11.pth
22-01-02 17:53:50.895 : 

22-01-02 17:53:50.896 : ===> TrainEpoch =12  lr = 0.0001
22-01-02 18:14:46.276 : ===> Epoch[12]: Loss_l1: 0.02320  Duration: 20.925140 min
22-01-02 18:16:20.729 : ===> Valid. psnr: 28.3537, ssim: 0.8251, loss: 0.0227
22-01-02 18:16:20.804 : ===> Checkpoint saved to checkpoints/face_net_checkpoints/checkpoint_baseepoch_12.pth
22-01-02 18:16:20.804 : 

22-01-02 18:16:20.805 : ===> TrainEpoch =13  lr = 0.0001
22-01-02 18:36:15.169 : ===> Epoch[13]: Loss_l1: 0.02291  Duration: 19.905654 min
22-01-02 18:37:52.825 : ===> Valid. psnr: 28.6438, ssim: 0.8326, loss: 0.0221
22-01-02 18:37:52.876 : ===> Checkpoint saved to checkpoints/face_net_checkpoints/checkpoint_baseepoch_13.pth
22-01-02 18:37:52.876 : 

22-01-02 18:37:52.877 : ===> TrainEpoch =14  lr = 0.0001
22-01-02 18:58:09.865 : ===> Epoch[14]: Loss_l1: 0.02234  Duration: 20.283131 min
22-01-02 18:59:44.560 : ===> Valid. psnr: 28.6682, ssim: 0.8362, loss: 0.0217
22-01-02 18:59:44.612 : ===> Checkpoint saved to checkpoints/face_net_checkpoints/checkpoint_baseepoch_14.pth
22-01-02 18:59:44.612 : 

22-01-03 09:28:28.037 : 

22-01-03 09:28:28.038 : #################### Trainning Resumed ####################
22-01-03 09:28:30.179 : ===>Trainning Data:[ Train:9143  Valid:1000] Batch:8
22-01-03 09:28:33.296 : ===>Input:[8,3,164,460] output:[8,3,164,460]
22-01-03 09:28:33.397 :        DEVICE ID : cuda
22-01-03 09:28:39.128 : L1 loss function
22-01-03 09:28:39.251 : ===> TrainEpoch =15  lr = 0.0001
22-01-03 09:48:37.364 : ===> Epoch[15]: Loss_l1: 0.02214  Duration: 19.969171 min
22-01-03 09:50:18.211 : ===> Valid. psnr: 28.6630, ssim: 0.8401, loss: 0.0227
22-01-03 09:50:18.307 : ===> Checkpoint saved to checkpoints/face_net_checkpoints/checkpoint_baseepoch_15.pth
22-01-03 09:50:18.307 : 

22-01-03 09:50:18.308 : ===> TrainEpoch =16  lr = 0.0001
22-01-03 10:10:56.645 : ===> Epoch[16]: Loss_l1: 0.02174  Duration: 20.638558 min
22-01-03 10:12:38.218 : ===> Valid. psnr: 28.6151, ssim: 0.8429, loss: 0.0233
22-01-03 10:12:38.285 : ===> Checkpoint saved to checkpoints/face_net_checkpoints/checkpoint_baseepoch_16.pth
22-01-03 10:12:38.286 : 

22-01-03 10:12:38.286 : ===> TrainEpoch =17  lr = 0.0001
22-01-03 10:32:54.541 : ===> Epoch[17]: Loss_l1: 0.02141  Duration: 20.271460 min
22-01-03 10:34:59.972 : ===> Valid. psnr: 28.9886, ssim: 0.8467, loss: 0.0210
22-01-03 10:35:00.062 : ===> Checkpoint saved to checkpoints/face_net_checkpoints/checkpoint_baseepoch_17.pth
22-01-03 10:35:00.062 : 

22-01-03 10:35:00.063 : ===> TrainEpoch =18  lr = 0.0001
22-01-03 10:55:31.430 : ===> Epoch[18]: Loss_l1: 0.02110  Duration: 20.522331 min
22-01-03 10:57:12.632 : ===> Valid. psnr: 29.1813, ssim: 0.8509, loss: 0.0205
22-01-03 10:57:12.689 : ===> Checkpoint saved to checkpoints/face_net_checkpoints/checkpoint_baseepoch_18.pth
22-01-03 10:57:12.689 : 

22-01-03 10:57:12.690 : ===> TrainEpoch =19  lr = 0.0001
22-01-03 11:17:40.912 : ===> Epoch[19]: Loss_l1: 0.02107  Duration: 20.470008 min
22-01-03 11:19:21.007 : ===> Valid. psnr: 28.9455, ssim: 0.8511, loss: 0.0220
22-01-03 11:19:21.090 : ===> Checkpoint saved to checkpoints/face_net_checkpoints/checkpoint_baseepoch_19.pth
22-01-03 11:19:21.090 : 

22-01-03 11:32:06.127 : 

22-01-03 11:32:06.127 : #################### Trainning Resumed ####################
22-01-03 11:32:07.372 : ===>Trainning Data:[ Train:9143  Valid:1000] Batch:8
22-01-03 11:32:10.876 : ===>Input:[8,3,460,264] output:[8,3,460,264]
22-01-03 11:32:10.967 :        DEVICE ID : cuda
22-01-03 11:32:17.740 : L1 loss function
22-01-03 11:32:17.991 : ===> TrainEpoch =20  lr = 0.0001
22-01-03 11:52:45.480 : ===> Epoch[20]: Loss_l1: 0.02080  Duration: 20.457660 min
22-01-03 11:54:29.318 : ===> Valid. psnr: 28.9405, ssim: 0.8493, loss: 0.0213
22-01-03 11:54:29.415 : ===> Checkpoint saved to checkpoints/face_net_checkpoints/checkpoint_baseepoch_20.pth
22-01-03 11:54:29.415 : 

22-01-03 11:54:29.417 : ===> TrainEpoch =21  lr = 0.0001
22-01-03 12:15:28.023 : ===> Epoch[21]: Loss_l1: 0.02056  Duration: 20.975158 min
22-01-03 12:17:18.625 : ===> Valid. psnr: 29.3961, ssim: 0.8579, loss: 0.0201
22-01-03 12:17:18.719 : ===> Checkpoint saved to checkpoints/face_net_checkpoints/checkpoint_baseepoch_21.pth
22-01-03 12:17:18.719 : 

22-01-03 12:17:18.720 : ===> TrainEpoch =22  lr = 0.0001
22-01-03 12:37:48.819 : ===> Epoch[22]: Loss_l1: 0.02021  Duration: 20.503925 min
22-01-03 12:39:32.370 : ===> Valid. psnr: 29.5733, ssim: 0.8621, loss: 0.0195
22-01-03 12:39:32.453 : ===> Checkpoint saved to checkpoints/face_net_checkpoints/checkpoint_baseepoch_22.pth
22-01-03 12:39:32.454 : 

22-01-03 12:39:32.454 : ===> TrainEpoch =23  lr = 0.0001
22-01-03 13:01:08.488 : ===> Epoch[23]: Loss_l1: 0.02002  Duration: 21.599081 min
22-01-03 13:02:48.985 : ===> Valid. psnr: 28.8789, ssim: 0.8587, loss: 0.0224
22-01-03 13:02:49.072 : ===> Checkpoint saved to checkpoints/face_net_checkpoints/checkpoint_baseepoch_23.pth
22-01-03 13:02:49.072 : 

22-01-03 13:02:49.073 : ===> TrainEpoch =24  lr = 0.0001
22-01-03 13:23:35.516 : ===> Epoch[24]: Loss_l1: 0.01972  Duration: 20.773927 min
22-01-03 13:25:16.980 : ===> Valid. psnr: 29.7149, ssim: 0.8671, loss: 0.0192
22-01-03 13:25:17.026 : ===> Checkpoint saved to checkpoints/face_net_checkpoints/checkpoint_baseepoch_24.pth
22-01-03 13:25:17.026 : 

22-01-03 13:42:18.760 : 

22-01-03 13:42:18.761 : #################### Trainning Resumed ####################
22-01-03 13:42:18.904 : ===>Trainning Data:[ Train:9143  Valid:1000] Batch:8
22-01-03 13:42:21.184 : ===>Input:[8,3,440,368] output:[8,3,440,368]
22-01-03 13:42:21.284 :        DEVICE ID : cuda
22-01-03 13:42:27.722 : L1 loss function
22-01-03 13:42:27.859 : ===> TrainEpoch =25  lr = 0.0001
22-01-03 14:03:02.119 : ===> Epoch[25]: Loss_l1: 0.01954  Duration: 20.571173 min
22-01-03 14:04:41.076 : ===> Valid. psnr: 29.8005, ssim: 0.8696, loss: 0.0189
22-01-03 14:04:41.144 : ===> Checkpoint saved to checkpoints/face_net_checkpoints/checkpoint_baseepoch_25.pth
22-01-03 14:04:41.144 : 

22-01-03 14:04:41.145 : ===> TrainEpoch =26  lr = 0.0001
22-01-03 14:24:51.674 : ===> Epoch[26]: Loss_l1: 0.01948  Duration: 20.176167 min
22-01-03 14:26:30.206 : ===> Valid. psnr: 29.9070, ssim: 0.8721, loss: 0.0186
22-01-03 14:26:30.287 : ===> Checkpoint saved to checkpoints/face_net_checkpoints/checkpoint_baseepoch_26.pth
22-01-03 14:26:30.287 : 

22-01-03 14:26:30.288 : ===> TrainEpoch =27  lr = 0.0001
22-01-03 14:46:59.288 : ===> Epoch[27]: Loss_l1: 0.01919  Duration: 20.483663 min
22-01-03 14:48:36.961 : ===> Valid. psnr: 29.8349, ssim: 0.8738, loss: 0.0187
22-01-03 14:48:37.044 : ===> Checkpoint saved to checkpoints/face_net_checkpoints/checkpoint_baseepoch_27.pth
22-01-03 14:48:37.044 : 

22-01-03 14:48:37.045 : ===> TrainEpoch =28  lr = 0.0001
22-01-03 15:09:23.151 : ===> Epoch[28]: Loss_l1: 0.01911  Duration: 20.768475 min
22-01-03 15:11:03.138 : ===> Valid. psnr: 30.0284, ssim: 0.8774, loss: 0.0186
22-01-03 15:11:03.193 : ===> Checkpoint saved to checkpoints/face_net_checkpoints/checkpoint_baseepoch_28.pth
22-01-03 15:11:03.193 : 

22-01-03 15:11:03.193 : ===> TrainEpoch =29  lr = 0.0001
22-01-03 15:31:41.461 : ===> Epoch[29]: Loss_l1: 0.01876  Duration: 20.638731 min
22-01-03 15:33:23.681 : ===> Valid. psnr: 30.2012, ssim: 0.8805, loss: 0.0180
22-01-03 15:33:23.747 : ===> Checkpoint saved to checkpoints/face_net_checkpoints/checkpoint_baseepoch_29.pth
22-01-03 15:33:23.747 : 

22-01-03 16:44:08.916 : 

22-01-03 16:44:08.917 : #################### Trainning Resumed ####################
22-01-03 16:44:22.421 : 

22-01-03 16:44:22.421 : #################### Trainning Resumed ####################
22-01-03 16:44:24.540 : ===>Trainning Data:[ Train:9143  Valid:1000] Batch:8
22-01-03 16:44:27.317 : ===>Input:[8,3,416,256] output:[8,3,416,256]
22-01-03 16:44:27.403 :        DEVICE ID : cuda
22-01-03 16:44:33.119 : L1 loss function
22-01-03 16:44:33.248 : ===> TrainEpoch =30  lr = 0.0001
22-01-03 17:04:02.596 : ===> Epoch[30]: Loss_l1: 0.01842  Duration: 19.492292 min
22-01-03 17:05:33.704 : ===> Valid. psnr: 30.2026, ssim: 0.8811, loss: 0.0182
22-01-03 17:05:33.769 : ===> Checkpoint saved to checkpoints/face_net_checkpoints/checkpoint_baseepoch_30.pth
22-01-03 17:05:33.770 : 

22-01-03 17:05:33.771 : ===> TrainEpoch =31  lr = 0.0001
22-01-03 17:25:37.436 : ===> Epoch[31]: Loss_l1: 0.01835  Duration: 20.058400 min
22-01-03 17:27:17.987 : ===> Valid. psnr: 30.4859, ssim: 0.8874, loss: 0.0175
22-01-03 17:27:18.037 : ===> Checkpoint saved to checkpoints/face_net_checkpoints/checkpoint_baseepoch_31.pth
22-01-03 17:27:18.037 : 

22-01-03 17:27:18.038 : ===> TrainEpoch =32  lr = 0.0001
22-01-03 17:47:35.471 : ===> Epoch[32]: Loss_l1: 0.01822  Duration: 20.293869 min
22-01-03 17:49:11.632 : ===> Valid. psnr: 30.3420, ssim: 0.8857, loss: 0.0176
22-01-03 17:49:11.699 : ===> Checkpoint saved to checkpoints/face_net_checkpoints/checkpoint_baseepoch_32.pth
22-01-03 17:49:11.699 : 

22-01-03 17:49:11.700 : ===> TrainEpoch =33  lr = 0.0001
22-01-03 18:08:48.081 : ===> Epoch[33]: Loss_l1: 0.01819  Duration: 19.604798 min
22-01-03 18:10:37.403 : ===> Valid. psnr: 30.5288, ssim: 0.8883, loss: 0.0174
22-01-03 18:10:37.487 : ===> Checkpoint saved to checkpoints/face_net_checkpoints/checkpoint_baseepoch_33.pth
22-01-03 18:10:37.487 : 

22-01-03 18:10:37.487 : ===> TrainEpoch =34  lr = 0.0001
22-01-03 18:31:04.323 : ===> Epoch[34]: Loss_l1: 0.01798  Duration: 20.448752 min
22-01-03 18:32:46.955 : ===> Valid. psnr: 30.1913, ssim: 0.8876, loss: 0.0185
22-01-03 18:32:47.034 : ===> Checkpoint saved to checkpoints/face_net_checkpoints/checkpoint_baseepoch_34.pth
22-01-03 18:32:47.034 : 

22-01-03 19:32:19.024 : 

22-01-03 19:32:19.024 : #################### Trainning Resumed ####################
22-01-03 19:32:20.726 : ===>Trainning Data:[ Train:9143  Valid:1000] Batch:8
22-01-03 19:32:25.884 : ===>Input:[8,3,164,304] output:[8,3,164,304]
22-01-03 19:32:25.939 :        DEVICE ID : cuda
22-01-03 19:32:28.834 : L1 loss function
22-01-03 19:32:28.964 : ===> TrainEpoch =35  lr = 0.0001
22-01-03 19:51:59.158 : ===> Epoch[35]: Loss_l1: 0.01779  Duration: 19.501679 min
22-01-03 19:53:57.692 : ===> Valid. psnr: 30.6182, ssim: 0.8896, loss: 0.0174
22-01-03 19:53:57.779 : ===> Checkpoint saved to checkpoints/face_net_checkpoints/checkpoint_baseepoch_35.pth
22-01-03 19:53:57.779 : 

22-01-03 19:53:57.780 : ===> TrainEpoch =36  lr = 0.0001
22-01-03 20:14:02.722 : ===> Epoch[36]: Loss_l1: 0.01766  Duration: 20.080325 min
22-01-03 20:15:59.310 : ===> Valid. psnr: 30.4023, ssim: 0.8906, loss: 0.0181
22-01-03 20:15:59.376 : ===> Checkpoint saved to checkpoints/face_net_checkpoints/checkpoint_baseepoch_36.pth
22-01-03 20:15:59.376 : 

22-01-03 20:15:59.377 : ===> TrainEpoch =37  lr = 0.0001
22-01-03 20:35:55.486 : ===> Epoch[37]: Loss_l1: 0.01738  Duration: 19.939187 min
22-01-03 20:37:51.154 : ===> Valid. psnr: 29.9606, ssim: 0.8855, loss: 0.0208
22-01-03 20:37:51.201 : ===> Checkpoint saved to checkpoints/face_net_checkpoints/checkpoint_baseepoch_37.pth
22-01-03 20:37:51.201 : 

22-01-03 20:37:51.202 : ===> TrainEpoch =38  lr = 0.0001
22-01-03 20:58:06.645 : ===> Epoch[38]: Loss_l1: 0.01721  Duration: 20.257779 min
22-01-03 21:00:07.468 : ===> Valid. psnr: 30.6992, ssim: 0.8956, loss: 0.0170
22-01-03 21:00:07.520 : ===> Checkpoint saved to checkpoints/face_net_checkpoints/checkpoint_baseepoch_38.pth
22-01-03 21:00:07.520 : 

22-01-03 21:00:07.521 : ===> TrainEpoch =39  lr = 0.0001
22-01-03 21:20:09.558 : ===> Epoch[39]: Loss_l1: 0.01691  Duration: 20.031383 min
22-01-03 21:22:10.263 : ===> Valid. psnr: 30.6470, ssim: 0.8960, loss: 0.0178
22-01-03 21:22:10.334 : ===> Checkpoint saved to checkpoints/face_net_checkpoints/checkpoint_baseepoch_39.pth
22-01-03 21:22:10.334 : 

22-01-04 10:09:43.221 : 

22-01-04 10:09:43.221 : #################### Trainning Resumed ####################
22-01-04 10:09:45.749 : ===>Trainning Data:[ Train:9143  Valid:1000] Batch:8
22-01-04 10:09:48.788 : ===>Input:[8,3,328,168] output:[8,3,328,168]
22-01-04 10:09:48.873 :        DEVICE ID : cuda
22-01-04 10:09:55.148 : L1 loss function
22-01-04 10:09:55.287 : ===> TrainEpoch =40  lr = 0.0001
22-01-04 10:30:19.351 : ===> Epoch[40]: Loss_l1: 0.01685  Duration: 20.401915 min
22-01-04 10:31:57.079 : ===> Valid. psnr: 30.9256, ssim: 0.9018, loss: 0.0165
22-01-04 10:31:57.157 : ===> Checkpoint saved to checkpoints/face_net_checkpoints/checkpoint_baseepoch_40.pth
22-01-04 10:31:57.157 : 

22-01-04 10:31:57.158 : ===> TrainEpoch =41  lr = 0.0001
22-01-04 10:52:23.878 : ===> Epoch[41]: Loss_l1: 0.01663  Duration: 20.446762 min
22-01-04 10:54:02.006 : ===> Valid. psnr: 31.2679, ssim: 0.9048, loss: 0.0159
22-01-04 10:54:02.080 : ===> Checkpoint saved to checkpoints/face_net_checkpoints/checkpoint_baseepoch_41.pth
22-01-04 10:54:02.080 : 

22-01-04 10:54:02.081 : ===> TrainEpoch =42  lr = 0.0001
22-01-04 11:13:58.993 : ===> Epoch[42]: Loss_l1: 0.01665  Duration: 19.948165 min
22-01-04 11:15:34.658 : ===> Valid. psnr: 31.1775, ssim: 0.9053, loss: 0.0162
22-01-04 11:15:34.743 : ===> Checkpoint saved to checkpoints/face_net_checkpoints/checkpoint_baseepoch_42.pth
22-01-04 11:15:34.743 : 

22-01-04 11:15:34.744 : ===> TrainEpoch =43  lr = 0.0001
22-01-04 11:35:30.054 : ===> Epoch[43]: Loss_l1: 0.01631  Duration: 19.920652 min
22-01-04 11:37:07.437 : ===> Valid. psnr: 31.3140, ssim: 0.9070, loss: 0.0159
22-01-04 11:37:07.507 : ===> Checkpoint saved to checkpoints/face_net_checkpoints/checkpoint_baseepoch_43.pth
22-01-04 11:37:07.507 : 

22-01-04 11:37:07.508 : ===> TrainEpoch =44  lr = 0.0001
22-01-04 11:57:12.535 : ===> Epoch[44]: Loss_l1: 0.01627  Duration: 20.084731 min
22-01-04 11:58:49.037 : ===> Valid. psnr: 31.3062, ssim: 0.9076, loss: 0.0159
22-01-04 11:58:49.122 : ===> Checkpoint saved to checkpoints/face_net_checkpoints/checkpoint_baseepoch_44.pth
22-01-04 11:58:49.122 : 

22-01-04 11:58:49.123 : ===> TrainEpoch =45  lr = 0.0001
22-01-04 12:20:02.739 : ===> Epoch[45]: Loss_l1: 0.01608  Duration: 21.228702 min
22-01-04 12:21:41.512 : ===> Valid. psnr: 31.4776, ssim: 0.9098, loss: 0.0155
22-01-04 12:21:41.606 : ===> Checkpoint saved to checkpoints/face_net_checkpoints/checkpoint_baseepoch_45.pth
22-01-04 12:21:41.606 : 

22-01-04 12:21:41.606 : ===> TrainEpoch =46  lr = 0.0001
22-01-04 12:42:27.159 : ===> Epoch[46]: Loss_l1: 0.01594  Duration: 20.757104 min
22-01-04 12:44:05.749 : ===> Valid. psnr: 31.4250, ssim: 0.9110, loss: 0.0156
22-01-04 12:44:05.801 : ===> Checkpoint saved to checkpoints/face_net_checkpoints/checkpoint_baseepoch_46.pth
22-01-04 12:44:05.801 : 

22-01-04 12:44:05.802 : ===> TrainEpoch =47  lr = 0.0001
22-01-04 13:04:28.822 : ===> Epoch[47]: Loss_l1: 0.01582  Duration: 20.383858 min
22-01-04 13:06:08.310 : ===> Valid. psnr: 31.6685, ssim: 0.9133, loss: 0.0156
22-01-04 13:06:08.359 : ===> Checkpoint saved to checkpoints/face_net_checkpoints/checkpoint_baseepoch_47.pth
22-01-04 13:06:08.360 : 

22-01-04 13:06:08.360 : ===> TrainEpoch =48  lr = 0.0001
22-01-04 13:26:29.997 : ===> Epoch[48]: Loss_l1: 0.01562  Duration: 20.360525 min
22-01-04 13:28:03.820 : ===> Valid. psnr: 31.5927, ssim: 0.9134, loss: 0.0153
22-01-04 13:28:03.895 : ===> Checkpoint saved to checkpoints/face_net_checkpoints/checkpoint_baseepoch_48.pth
22-01-04 13:28:03.895 : 

22-01-04 13:28:03.895 : ===> TrainEpoch =49  lr = 0.0001
22-01-04 13:48:44.169 : ===> Epoch[49]: Loss_l1: 0.01538  Duration: 20.671400 min
22-01-04 13:50:18.939 : ===> Valid. psnr: 31.6665, ssim: 0.9162, loss: 0.0155
22-01-04 13:50:19.028 : ===> Checkpoint saved to checkpoints/face_net_checkpoints/checkpoint_baseepoch_49.pth
22-01-04 13:50:19.029 : 

22-01-04 14:29:12.458 : 

22-01-04 14:29:12.458 : #################### Trainning Resumed ####################
22-01-04 14:29:12.634 : ===>Trainning Data:[ Train:9143  Valid:1000] Batch:8
22-01-04 14:29:15.361 : ===>Input:[8,3,176,504] output:[8,3,176,504]
22-01-04 14:29:15.457 :        DEVICE ID : cuda
22-01-04 14:29:23.324 : L1 loss function
22-01-04 14:29:23.502 : ===> TrainEpoch =50  lr = 0.0001
22-01-04 14:49:36.223 : ===> Epoch[50]: Loss_l1: 0.01534  Duration: 20.212544 min
22-01-04 14:51:14.547 : ===> Valid. psnr: 31.6524, ssim: 0.9172, loss: 0.0158
22-01-04 14:51:14.625 : ===> Checkpoint saved to checkpoints/face_net_checkpoints/checkpoint_baseepoch_50.pth
22-01-04 14:51:14.626 : 

22-01-04 14:51:14.626 : ===> TrainEpoch =51  lr = 0.0001
22-01-04 15:12:21.113 : ===> Epoch[51]: Loss_l1: 0.01508  Duration: 21.107823 min
22-01-04 15:14:00.712 : ===> Valid. psnr: 31.9369, ssim: 0.9194, loss: 0.0145
22-01-04 15:14:00.785 : ===> Checkpoint saved to checkpoints/face_net_checkpoints/checkpoint_baseepoch_51.pth
22-01-04 15:14:00.785 : 

22-01-04 15:14:00.786 : ===> TrainEpoch =52  lr = 0.0001
22-01-04 15:35:21.488 : ===> Epoch[52]: Loss_l1: 0.01515  Duration: 21.344523 min
22-01-04 15:37:13.901 : ===> Valid. psnr: 32.1445, ssim: 0.9213, loss: 0.0141
22-01-04 15:37:13.994 : ===> Checkpoint saved to checkpoints/face_net_checkpoints/checkpoint_baseepoch_52.pth
22-01-04 15:37:13.994 : 

22-01-04 15:37:13.995 : ===> TrainEpoch =53  lr = 0.0001
22-01-04 15:58:59.542 : ===> Epoch[53]: Loss_l1: 0.01482  Duration: 21.759246 min
22-01-04 16:00:40.050 : ===> Valid. psnr: 31.6322, ssim: 0.9162, loss: 0.0161
22-01-04 16:00:40.130 : ===> Checkpoint saved to checkpoints/face_net_checkpoints/checkpoint_baseepoch_53.pth
22-01-04 16:00:40.131 : 

22-01-04 16:00:40.131 : ===> TrainEpoch =54  lr = 0.0001
22-01-04 16:20:42.540 : ===> Epoch[54]: Loss_l1: 0.01483  Duration: 20.040856 min
22-01-04 16:22:20.687 : ===> Valid. psnr: 32.1152, ssim: 0.9212, loss: 0.0144
22-01-04 16:22:20.736 : ===> Checkpoint saved to checkpoints/face_net_checkpoints/checkpoint_baseepoch_54.pth
22-01-04 16:22:20.736 : 

22-01-04 16:22:20.736 : ===> TrainEpoch =55  lr = 0.0001
22-01-04 16:42:31.151 : ===> Epoch[55]: Loss_l1: 0.01470  Duration: 20.174919 min
22-01-04 16:44:00.924 : ===> Valid. psnr: 31.0902, ssim: 0.9189, loss: 0.0184
22-01-04 16:44:01.000 : ===> Checkpoint saved to checkpoints/face_net_checkpoints/checkpoint_baseepoch_55.pth
22-01-04 16:44:01.000 : 

22-01-04 16:44:01.001 : ===> TrainEpoch =56  lr = 0.0001
22-01-04 17:04:15.363 : ===> Epoch[56]: Loss_l1: 0.01453  Duration: 20.240423 min
22-01-04 17:05:45.959 : ===> Valid. psnr: 31.8442, ssim: 0.9220, loss: 0.0154
22-01-04 17:05:46.008 : ===> Checkpoint saved to checkpoints/face_net_checkpoints/checkpoint_baseepoch_56.pth
22-01-04 17:05:46.008 : 

22-01-04 17:05:46.009 : ===> TrainEpoch =57  lr = 0.0001
22-01-04 17:25:36.884 : ===> Epoch[57]: Loss_l1: 0.01446  Duration: 19.846769 min
22-01-04 17:27:09.677 : ===> Valid. psnr: 32.0367, ssim: 0.9203, loss: 0.0146
22-01-04 17:27:09.724 : ===> Checkpoint saved to checkpoints/face_net_checkpoints/checkpoint_baseepoch_57.pth
22-01-04 17:27:09.724 : 

22-01-04 17:27:09.724 : ===> TrainEpoch =58  lr = 0.0001
22-01-04 17:47:08.666 : ===> Epoch[58]: Loss_l1: 0.01436  Duration: 19.982521 min
22-01-04 17:48:39.442 : ===> Valid. psnr: 32.1617, ssim: 0.9239, loss: 0.0142
22-01-04 17:48:39.494 : ===> Checkpoint saved to checkpoints/face_net_checkpoints/checkpoint_baseepoch_58.pth
22-01-04 17:48:39.494 : 

22-01-04 17:48:39.494 : ===> TrainEpoch =59  lr = 0.0001
22-01-04 18:08:24.696 : ===> Epoch[59]: Loss_l1: 0.01420  Duration: 19.753629 min
22-01-04 18:10:00.664 : ===> Valid. psnr: 32.4125, ssim: 0.9260, loss: 0.0137
22-01-04 18:10:00.738 : ===> Checkpoint saved to checkpoints/face_net_checkpoints/checkpoint_baseepoch_59.pth
22-01-04 18:10:00.738 : 

22-01-04 18:10:00.738 : ===> TrainEpoch =60  lr = 0.0001
22-01-04 18:30:14.628 : ===> Epoch[60]: Loss_l1: 0.01410  Duration: 20.231681 min
22-01-04 18:31:47.828 : ===> Valid. psnr: 32.2008, ssim: 0.9251, loss: 0.0139
22-01-04 18:31:47.880 : ===> Checkpoint saved to checkpoints/face_net_checkpoints/checkpoint_baseepoch_60.pth
22-01-04 18:31:47.880 : 

22-01-04 18:31:47.881 : ===> TrainEpoch =61  lr = 0.0001
22-01-04 18:51:56.260 : ===> Epoch[61]: Loss_l1: 0.01409  Duration: 20.139885 min
22-01-04 18:53:29.876 : ===> Valid. psnr: 32.4608, ssim: 0.9262, loss: 0.0136
22-01-04 18:53:29.925 : ===> Checkpoint saved to checkpoints/face_net_checkpoints/checkpoint_baseepoch_61.pth
22-01-04 18:53:29.926 : 

22-01-04 18:53:29.926 : ===> TrainEpoch =62  lr = 0.0001
22-01-04 19:13:24.371 : ===> Epoch[62]: Loss_l1: 0.01399  Duration: 19.908060 min
22-01-04 19:14:55.867 : ===> Valid. psnr: 32.0891, ssim: 0.9259, loss: 0.0147
22-01-04 19:14:55.918 : ===> Checkpoint saved to checkpoints/face_net_checkpoints/checkpoint_baseepoch_62.pth
22-01-04 19:14:55.918 : 

22-01-04 19:14:55.919 : ===> TrainEpoch =63  lr = 0.0001
22-01-04 19:35:01.822 : ===> Epoch[63]: Loss_l1: 0.01392  Duration: 20.098802 min
22-01-04 19:36:39.574 : ===> Valid. psnr: 32.3221, ssim: 0.9270, loss: 0.0143
22-01-04 19:36:41.277 : ===> Checkpoint saved to checkpoints/face_net_checkpoints/checkpoint_baseepoch_63.pth
22-01-04 19:36:41.277 : 

22-01-04 19:36:41.277 : ===> TrainEpoch =64  lr = 0.0001
22-01-04 19:56:28.314 : ===> Epoch[64]: Loss_l1: 0.01388  Duration: 19.784331 min
22-01-04 19:58:01.659 : ===> Valid. psnr: 32.4297, ssim: 0.9282, loss: 0.0136
22-01-04 19:58:01.711 : ===> Checkpoint saved to checkpoints/face_net_checkpoints/checkpoint_baseepoch_64.pth
22-01-04 19:58:01.711 : 



22-01-12 12:27:59.117 : #################### Trainning Resumed ####################
22-01-12 12:28:01.091 : ===>Trainning Data:[ Train:12858  Valid:1000] Batch:8
22-01-12 12:28:04.369 : ===>Input:[8,3,208,208] output:[8,3,208,208]
22-01-12 12:28:04.432 :        DEVICE ID : cuda
22-01-12 12:28:07.710 : L1 loss function
22-01-12 12:28:07.896 : ===> TrainEpoch =65  lr = 0.0001
22-01-12 12:54:04.407 : ===> Epoch[65]: Loss_l1: 0.01582  Duration: 25.944085 min
22-01-12 12:55:44.093 : ===> Valid. psnr: 31.8299, ssim: 0.9210, loss: 0.0146
22-01-12 12:55:44.197 : ===> Checkpoint saved to checkpoints/face_net_checkpoints/previous_checkpoits/checkpoint_base_epoch_65.pth
22-01-12 12:55:44.198 : 

22-01-12 13:16:59.230 : #################### Trainning Resumed ####################
22-01-12 13:16:59.449 : ===>Trainning Data:[ Train:12858  Valid:1000] Batch:8
22-01-12 13:17:01.090 : ===>Input:[8,3,356,356] output:[8,3,356,356]
22-01-12 13:17:01.179 :        DEVICE ID : cuda
22-01-12 13:17:11.161 : L1 loss function
22-01-12 13:17:11.277 : ===> TrainEpoch =66  lr = 0.0001
22-01-12 13:24:40.396 : 

22-01-12 13:24:40.397 : #################### Trainning Resumed ####################
22-01-12 13:24:41.667 : ===>Trainning Data:[ Train:12858  Valid:1000] Batch:8
22-01-12 13:24:45.156 : ===>Input:[8,3,332,332] output:[8,3,332,332]
22-01-12 13:24:45.251 :        DEVICE ID : cuda
22-01-12 13:24:51.885 : L1 loss function
22-01-12 13:24:51.992 : ===> TrainEpoch =66  lr = 0.0001
22-01-12 13:52:11.112 : ===> Epoch[66]: Loss_l1: 0.01561  Duration: 27.318392 min
22-01-12 13:53:56.853 : ===> Valid. psnr: 31.6908, ssim: 0.9206, loss: 0.0147
22-01-12 13:53:56.959 : ===> Checkpoint saved to checkpoints/face_net_checkpoints/previous_checkpoits/checkpoint_base_epoch_66.pth
22-01-12 13:53:56.959 : 

22-01-12 13:53:56.961 : ===> TrainEpoch =67  lr = 0.0001
22-01-12 14:20:19.081 : ===> Epoch[67]: Loss_l1: 0.01513  Duration: 26.368852 min
22-01-12 14:21:55.997 : ===> Valid. psnr: 31.7423, ssim: 0.9218, loss: 0.0146
22-01-12 14:21:56.092 : ===> Checkpoint saved to checkpoints/face_net_checkpoints/previous_checkpoits/checkpoint_base_epoch_67.pth
22-01-12 14:21:56.092 : 

22-01-12 14:31:21.431 : 

22-01-12 14:31:21.431 : #################### Trainning Resumed ####################
22-01-12 14:31:23.908 : ===>Trainning Data:[ Train:12858  Valid:1000] Batch:8
22-01-12 14:31:27.427 : ===>Input:[8,3,380,380] output:[8,3,380,380]
22-01-12 14:31:27.529 :        DEVICE ID : cuda
22-01-12 14:31:36.117 : L1 loss function
22-01-12 14:31:36.394 : ===> TrainEpoch =68  lr = 0.0001
22-01-12 14:57:49.360 : ===> Epoch[68]: Loss_l1: 0.01503  Duration: 26.213767 min
22-01-12 14:59:22.494 : ===> Valid. psnr: 31.6276, ssim: 0.9212, loss: 0.0150
22-01-12 14:59:22.573 : ===> Checkpoint saved to checkpoints/face_net_checkpoints/previous_checkpoits/checkpoint_base_epoch_68.pth
22-01-12 14:59:22.574 : 

22-01-12 14:59:22.574 : ===> TrainEpoch =69  lr = 0.0001
22-01-12 15:25:01.339 : ===> Epoch[69]: Loss_l1: 0.01491  Duration: 25.646162 min
22-01-12 15:26:36.713 : ===> Valid. psnr: 31.8855, ssim: 0.9242, loss: 0.0150
22-01-12 15:26:36.769 : ===> Checkpoint saved to checkpoints/face_net_checkpoints/previous_checkpoits/checkpoint_base_epoch_69.pth
22-01-12 15:26:36.769 : 

22-01-12 15:45:43.964 : 

22-01-12 15:45:43.965 : #################### Trainning Resumed ####################
22-01-12 15:45:44.545 : ===>Trainning Data:[ Train:12858  Valid:1000] Batch:8
22-01-12 15:45:52.739 : ===>Input:[8,3,372,372] output:[8,3,372,372]
22-01-12 15:45:52.839 :        DEVICE ID : cuda
22-01-12 15:45:59.408 : L1 loss function
22-01-12 15:45:59.518 : ===> TrainEpoch =70  lr = 0.0001
22-01-12 16:13:42.658 : ===> Epoch[70]: Loss_l1: 0.01511  Duration: 27.719462 min
22-01-12 16:16:04.243 : ===> Valid. psnr: 31.9366, ssim: 0.9258, loss: 0.0145
22-01-12 16:16:04.316 : ===> Checkpoint saved to checkpoints/face_net_checkpoints/previous_checkpoits/checkpoint_base_epoch_70.pth
22-01-12 16:16:04.316 : 

22-01-12 16:16:04.317 : ===> TrainEpoch =71  lr = 0.0001
22-01-12 16:45:33.552 : ===> Epoch[71]: Loss_l1: 0.01479  Duration: 29.487404 min
22-01-12 16:47:50.316 : ===> Valid. psnr: 31.6482, ssim: 0.9246, loss: 0.0157
22-01-12 16:47:50.385 : ===> Checkpoint saved to checkpoints/face_net_checkpoints/previous_checkpoits/checkpoint_base_epoch_71.pth
22-01-12 16:47:50.385 : 

22-01-12 16:47:50.386 : ===> TrainEpoch =72  lr = 0.0001
22-01-12 17:14:59.126 : ===> Epoch[72]: Loss_l1: 0.01457  Duration: 27.145808 min
22-01-12 17:16:58.112 : ===> Valid. psnr: 31.7107, ssim: 0.9249, loss: 0.0149
22-01-12 17:16:58.181 : ===> Checkpoint saved to checkpoints/face_net_checkpoints/previous_checkpoits/checkpoint_base_epoch_72.pth
22-01-12 17:16:58.181 : 

22-01-12 17:34:56.367 : 

22-01-12 17:34:56.368 : #################### Trainning Resumed ####################
22-01-12 17:34:56.595 : ===>Trainning Data:[ Train:12858  Valid:1000] Batch:8
22-01-12 17:35:01.609 : ===>Input:[8,3,192,192] output:[8,3,192,192]
22-01-12 17:35:01.690 :        DEVICE ID : cuda
22-01-12 17:35:08.196 : L1 loss function
22-01-12 17:35:08.319 : ===> TrainEpoch =73  lr = 0.0001
22-01-12 18:02:48.746 : ===> Epoch[73]: Loss_l1: 0.01447  Duration: 27.673875 min
22-01-12 18:04:51.368 : ===> Valid. psnr: 32.0379, ssim: 0.9295, loss: 0.0143
22-01-12 18:04:51.435 : ===> Checkpoint saved to checkpoints/face_net_checkpoints/previous_checkpoits/checkpoint_base_epoch_73.pth
22-01-12 18:04:51.436 : 

22-01-12 18:04:51.436 : ===> TrainEpoch =74  lr = 0.0001
22-01-12 18:32:20.279 : ===> Epoch[74]: Loss_l1: 0.01413  Duration: 27.480850 min
22-01-12 18:34:21.163 : ===> Valid. psnr: 31.8601, ssim: 0.9276, loss: 0.0147
22-01-12 18:34:21.252 : ===> Checkpoint saved to checkpoints/face_net_checkpoints/previous_checkpoits/checkpoint_base_epoch_74.pth
22-01-12 18:34:21.253 : 

22-01-12 18:34:21.253 : ===> TrainEpoch =75  lr = 0.0001
22-01-12 19:00:56.962 : ===> Epoch[75]: Loss_l1: 0.01405  Duration: 26.595871 min
22-01-12 19:02:56.216 : ===> Valid. psnr: 32.2384, ssim: 0.9325, loss: 0.0142
22-01-12 19:02:56.281 : ===> Checkpoint saved to checkpoints/face_net_checkpoints/previous_checkpoits/checkpoint_base_epoch_75.pth
22-01-12 19:02:56.281 : 

22-01-15 21:48:39.544 : 

22-01-15 21:48:39.544 : #################### Trainning Resumed ####################
22-01-15 21:48:39.648 : ===>Trainning Data:[ Train:12858  Valid:1000] Batch:8
22-01-15 21:51:42.260 : 

22-01-15 21:51:42.261 : #################### Trainning Resumed ####################
22-01-15 21:51:42.321 : ===>Trainning Data:[ Train:12858  Valid:1000] Batch:8
22-01-17 14:27:04.408 : 

22-01-17 14:27:04.408 : #################### Trainning Resumed ####################
22-01-17 14:27:08.966 : ===>Trainning Data:[ Train:12858  Valid:1000] Batch:8
22-01-17 14:27:12.211 : ===>Input:[8,3,256,256] output:[8,3,256,256]
22-01-17 14:27:12.263 :        DEVICE ID : cuda
22-01-17 14:27:15.346 : L1 loss function
22-01-17 14:27:38.402 : 

22-01-17 14:27:38.402 : #################### Trainning Resumed ####################
22-01-17 14:27:41.166 : ===>Trainning Data:[ Train:12858  Valid:1000] Batch:8
22-01-17 14:27:44.307 : ===>Input:[8,3,164,164] output:[8,3,164,164]
22-01-17 14:27:44.369 :        DEVICE ID : cuda
22-01-17 14:27:47.122 : L1 loss function
22-01-17 14:27:47.240 : ===> TrainEpoch =76  lr = 0.0001
22-01-17 15:01:28.733 : ===> Epoch[76]: Loss_l1: 0.01474  Duration: 33.691825 min
22-01-17 15:02:59.056 : ===> Valid. psnr: 31.7566, ssim: 0.9266, loss: 0.0146
22-01-17 15:02:59.156 : ===> Checkpoint saved to checkpoints/face_net_checkpoints/black_mask_checkpoits/checkpoint_base_epoch_76.pth
22-01-17 15:02:59.156 : 

22-01-17 15:02:59.157 : ===> TrainEpoch =77  lr = 0.0001
22-01-17 15:35:06.266 : ===> Epoch[77]: Loss_l1: 0.01460  Duration: 32.118665 min
22-01-17 15:36:33.842 : ===> Valid. psnr: 31.8308, ssim: 0.9307, loss: 0.0143
22-01-17 15:36:33.895 : ===> Checkpoint saved to checkpoints/face_net_checkpoints/black_mask_checkpoits/checkpoint_base_epoch_77.pth
22-01-17 15:36:33.895 : 

22-01-17 15:36:33.896 : ===> TrainEpoch =78  lr = 0.0001
22-01-17 16:09:00.114 : ===> Epoch[78]: Loss_l1: 0.01428  Duration: 32.438902 min
22-01-17 16:10:28.571 : ===> Valid. psnr: 32.0441, ssim: 0.9317, loss: 0.0137
22-01-17 16:10:28.646 : ===> Checkpoint saved to checkpoints/face_net_checkpoints/black_mask_checkpoits/checkpoint_base_epoch_78.pth
22-01-17 16:10:28.646 : 

22-01-17 16:10:28.647 : ===> TrainEpoch =79  lr = 0.0001
22-01-17 16:11:22.373 : 

22-01-17 16:11:22.373 : #################### Trainning Resumed ####################
22-01-17 16:11:23.392 : ===>Trainning Data:[ Train:12858  Valid:1000] Batch:8
22-01-17 16:11:25.553 : ===>Input:[8,3,152,152] output:[8,3,152,152]
22-01-17 16:11:25.644 :        DEVICE ID : cuda
22-01-17 16:11:32.017 : L1 loss function
22-01-17 16:12:06.059 : 

22-01-17 16:12:06.059 : #################### Trainning Resumed ####################
22-01-17 16:12:07.009 : ===>Trainning Data:[ Train:12858  Valid:1000] Batch:8
22-01-17 16:12:09.614 : ===>Input:[8,3,228,228] output:[8,3,228,228]
22-01-17 16:12:09.673 :        DEVICE ID : cuda
22-01-17 16:12:12.438 : L1 loss function
22-01-17 16:12:12.559 : ===> TrainEpoch =79  lr = 0.0001
22-01-17 16:46:15.568 : ===> Epoch[79]: Loss_l1: 0.01415  Duration: 34.050327 min
22-01-17 16:47:46.149 : ===> Valid. psnr: 31.5358, ssim: 0.9303, loss: 0.0160
22-01-17 16:47:46.234 : ===> Checkpoint saved to checkpoints/face_net_checkpoints/black_mask_checkpoits/checkpoint_base_epoch_79.pth
22-01-17 16:47:46.234 : 

22-01-17 16:47:46.235 : ===> TrainEpoch =80  lr = 0.0001
22-01-17 17:20:38.531 : ===> Epoch[80]: Loss_l1: 0.01423  Duration: 32.871775 min
22-01-17 17:22:21.196 : ===> Valid. psnr: 32.1757, ssim: 0.9307, loss: 0.0137
22-01-17 17:22:21.265 : ===> Checkpoint saved to checkpoints/face_net_checkpoints/black_mask_checkpoits/checkpoint_base_epoch_80.pth
22-01-17 17:22:21.265 : 

22-01-17 17:22:21.266 : ===> TrainEpoch =81  lr = 0.0001
22-01-27 20:54:00.646 : 

22-01-27 20:54:00.646 : #################### Trainning Resumed ####################
22-01-27 20:54:01.754 : ===>Trainning Data:[ Train:12858  Valid:1000] Batch:8
22-01-27 20:54:55.657 : 

22-01-27 20:54:55.657 : #################### Trainning Resumed ####################
22-01-27 20:54:56.701 : ===>Trainning Data:[ Train:12858  Valid:1000] Batch:8
22-01-27 20:54:59.952 : ===>Input:[8,3,248,248] output:[8,3,248,248]
22-01-27 20:55:00.069 :        DEVICE ID : cuda
22-01-27 20:55:11.501 : L1 loss function
22-01-27 20:55:11.734 : ===> TrainEpoch =81  lr = 0.0001
22-01-27 21:20:22.684 : ===> Epoch[81]: Loss_l1: 0.01325  Duration: 25.181573 min
22-01-27 21:21:50.671 : ===> Valid. psnr: 32.8177, ssim: 0.9386, loss: 0.0127
22-01-27 21:21:50.764 : ===> Checkpoint saved to checkpoints/face_net_checkpoints/black_mask_checkpoints/checkpoint_base_epoch_81.pth
22-01-27 21:21:50.764 : 

22-01-27 21:21:50.765 : ===> TrainEpoch =82  lr = 0.0001
22-01-27 21:46:46.567 : ===> Epoch[82]: Loss_l1: 0.01310  Duration: 24.930460 min
22-01-27 21:48:19.662 : ===> Valid. psnr: 32.8728, ssim: 0.9407, loss: 0.0125
22-01-27 21:48:19.740 : ===> Checkpoint saved to checkpoints/face_net_checkpoints/black_mask_checkpoints/checkpoint_base_epoch_82.pth
22-01-27 21:48:19.740 : 


22-01-28 11:52:54.645 : #################### Trainning Resumed ####################
22-01-28 11:52:55.608 : ===>Trainning Data:[ Train:12858  Valid:1000] Batch:8
22-01-28 11:52:59.303 : ===>Input:[8,3,316,316] output:[8,3,316,316]
22-01-28 11:52:59.398 :        DEVICE ID : cuda
22-01-28 11:53:05.870 : L1 loss function
22-01-28 11:53:05.995 : ===> TrainEpoch =83  lr = 0.0001
22-01-28 12:30:56.821 : 

22-01-28 12:30:56.822 : #################### Trainning Resumed ####################
22-01-28 12:31:01.266 : ===>Trainning Data:[ Train:20060  Valid:1000] Batch:8
22-01-28 12:31:04.101 : ===>Input:[8,3,308,308] output:[8,3,308,308]
22-01-28 12:31:04.193 :        DEVICE ID : cuda
22-01-28 12:31:10.118 : L1 loss function
22-01-28 12:31:10.218 : ===> TrainEpoch =84  lr = 0.0001
22-01-28 13:16:24.992 : ===> Epoch[84]: Loss_l1: 0.01287  Duration: 45.245263 min
22-01-28 13:17:52.314 : ===> Valid. psnr: 32.5511, ssim: 0.9396, loss: 0.0132
22-01-28 13:17:52.418 : ===> Checkpoint saved to checkpoints/face_net_checkpoints/black_mask_checkpoints/checkpoint_base_epoch_84.pth
22-01-28 13:17:52.418 : 

22-01-28 13:17:52.419 : ===> TrainEpoch =85  lr = 0.0001
22-01-28 13:59:53.873 : ===> Epoch[85]: Loss_l1: 0.01258  Duration: 42.025017 min
22-01-28 14:01:22.323 : ===> Valid. psnr: 33.0039, ssim: 0.9425, loss: 0.0120
22-01-28 14:01:22.400 : ===> Checkpoint saved to checkpoints/face_net_checkpoints/black_mask_checkpoints/checkpoint_base_epoch_85.pth
22-01-28 14:01:22.401 : 

22-01-28 14:05:12.094 : 

22-01-28 14:05:12.095 : #################### Trainning Resumed ####################
22-01-28 14:05:12.721 : ===>Trainning Data:[ Train:23482  Valid:2000] Batch:8
22-01-28 14:05:15.976 : ===>Input:[8,3,228,228] output:[8,3,228,228]
22-01-28 14:05:16.068 :        DEVICE ID : cuda
22-01-28 14:05:22.324 : L1 loss function
22-01-28 14:05:22.435 : ===> TrainEpoch =86  lr = 0.0001
22-01-28 14:50:49.074 : ===> Epoch[86]: Loss_l1: 0.01248  Duration: 45.445175 min
22-01-28 14:53:42.135 : ===> Valid. psnr: 32.8075, ssim: 0.9410, loss: 0.0123
22-01-28 14:53:42.224 : ===> Checkpoint saved to checkpoints/face_net_checkpoints/black_mask_checkpoints/checkpoint_base_epoch_86.pth
22-01-28 14:53:42.224 : 

22-01-28 14:53:42.225 : ===> TrainEpoch =87  lr = 0.0001
22-01-28 15:40:01.107 : ===> Epoch[87]: Loss_l1: 0.01227  Duration: 46.315021 min
22-01-28 15:42:47.330 : ===> Valid. psnr: 32.7142, ssim: 0.9416, loss: 0.0124
22-01-28 15:42:47.427 : ===> Checkpoint saved to checkpoints/face_net_checkpoints/black_mask_checkpoints/checkpoint_base_epoch_87.pth
22-01-28 15:42:47.427 : 

22-01-28 17:23:08.779 : 

22-01-28 17:23:08.779 : #################### Trainning Resumed ####################
22-01-28 17:23:09.679 : ===>Trainning Data:[ Train:23482  Valid:2000] Batch:8
22-01-28 17:23:12.763 : ===>Input:[8,3,328,328] output:[8,3,328,328]
22-01-28 17:23:12.859 :        DEVICE ID : cuda
22-01-28 17:23:19.527 : L1 loss function
22-01-28 17:23:19.653 : ===> TrainEpoch =88  lr = 0.0001
22-01-28 18:09:08.246 : ===> Epoch[88]: Loss_l1: 0.01216  Duration: 45.809413 min
22-01-28 18:11:54.548 : ===> Valid. psnr: 32.7929, ssim: 0.9428, loss: 0.0119
22-01-28 18:11:54.651 : ===> Checkpoint saved to checkpoints/face_net_checkpoints/black_mask_checkpoints/checkpoint_base_epoch_88.pth
22-01-28 18:11:54.651 : 

22-01-28 18:11:54.652 : ===> TrainEpoch =89  lr = 0.0001
22-01-28 19:01:45.367 : ===> Epoch[89]: Loss_l1: 0.01194  Duration: 49.846258 min
22-01-28 19:04:57.019 : ===> Valid. psnr: 32.9487, ssim: 0.9437, loss: 0.0114
22-01-28 19:04:57.126 : ===> Checkpoint saved to checkpoints/face_net_checkpoints/black_mask_checkpoints/checkpoint_base_epoch_89.pth
22-01-28 19:04:57.126 : 

22-01-28 19:15:26.342 : 

22-01-28 19:15:26.343 : #################### Trainning Resumed ####################
22-01-28 19:15:27.481 : ===>Trainning Data:[ Train:23482  Valid:2000] Batch:8
22-01-28 19:15:31.241 : ===>Input:[8,3,360,360] output:[8,3,360,360]
22-01-28 19:15:31.293 :        DEVICE ID : cuda
22-01-28 19:15:34.248 : L1 loss function
22-01-28 19:15:34.310 : ===> TrainEpoch =90  lr = 0.0001
22-01-28 20:03:36.605 : ===> Epoch[90]: Loss_l1: 0.01195  Duration: 48.038167 min
22-01-28 20:07:07.495 : ===> Valid. psnr: 32.7977, ssim: 0.9442, loss: 0.0121
22-01-28 20:07:07.594 : ===> Checkpoint saved to checkpoints/face_net_checkpoints/black_mask_checkpoints/checkpoint_base_epoch_90.pth
22-01-28 20:07:07.594 : 

22-01-28 20:07:07.596 : ===> TrainEpoch =91  lr = 0.0001
22-01-28 20:52:59.743 : ===> Epoch[91]: Loss_l1: 0.01187  Duration: 45.871938 min
22-01-28 20:55:56.057 : ===> Valid. psnr: 31.4447, ssim: 0.9201, loss: 0.0147
22-01-28 20:55:56.135 : ===> Checkpoint saved to checkpoints/face_net_checkpoints/black_mask_checkpoints/checkpoint_base_epoch_91.pth
22-01-28 20:55:56.135 : 

22-01-29 11:16:43.484 : 

22-01-29 11:16:43.484 : #################### Trainning Resumed ####################
22-01-29 11:16:44.908 : ===>Trainning Data:[ Train:23482  Valid:2000] Batch:8
22-01-29 11:16:51.767 : ===>Input:[8,3,220,220] output:[8,3,220,220]
22-01-29 11:16:51.858 :        DEVICE ID : cuda
22-01-29 11:16:57.596 : L1 loss function
22-01-29 11:16:57.714 : ===> TrainEpoch =92  lr = 0.0001
22-01-29 12:07:41.814 : ===> Epoch[92]: Loss_l1: 0.01174  Duration: 50.735729 min
22-01-29 12:10:38.588 : ===> Valid. psnr: 32.7496, ssim: 0.9433, loss: 0.0120
22-01-29 12:10:38.686 : ===> Checkpoint saved to checkpoints/face_net_checkpoints/black_mask_checkpoints/checkpoint_base_epoch_92.pth
22-01-29 12:10:38.686 : 

22-01-29 12:10:38.687 : ===> TrainEpoch =93  lr = 0.0001
22-01-29 12:57:31.717 : ===> Epoch[93]: Loss_l1: 0.01167  Duration: 46.885596 min
22-01-29 13:00:44.687 : ===> Valid. psnr: 32.7317, ssim: 0.9441, loss: 0.0119
22-01-29 13:00:44.776 : ===> Checkpoint saved to checkpoints/face_net_checkpoints/black_mask_checkpoints/checkpoint_base_epoch_93.pth
22-01-29 13:00:44.776 : 

22-01-29 13:40:16.780 : 

22-01-29 13:40:16.781 : #################### Trainning Resumed ####################
22-01-29 13:40:17.721 : ===>Trainning Data:[ Train:23482  Valid:2000] Batch:8
22-01-29 13:40:20.025 : ===>Input:[8,3,416,416] output:[8,3,416,416]
22-01-29 13:40:20.118 :        DEVICE ID : cuda
22-01-29 13:40:26.860 : L1 loss function
22-01-29 13:40:26.968 : ===> TrainEpoch =94  lr = 0.0001
22-01-29 14:29:13.619 : ===> Epoch[94]: Loss_l1: 0.01167  Duration: 48.775508 min
22-01-29 14:32:15.064 : ===> Valid. psnr: 33.0013, ssim: 0.9455, loss: 0.0109
22-01-29 14:32:15.180 : ===> Checkpoint saved to checkpoints/face_net_checkpoints/black_mask_checkpoints/checkpoint_base_epoch_94.pth
22-01-29 14:32:15.180 : 

22-01-29 14:32:15.181 : ===> TrainEpoch =95  lr = 0.0001
22-01-29 15:16:50.191 : ===> Epoch[95]: Loss_l1: 0.01159  Duration: 44.584817 min
22-01-29 15:19:44.493 : ===> Valid. psnr: 32.7090, ssim: 0.9406, loss: 0.0121
22-01-29 15:19:44.576 : ===> Checkpoint saved to checkpoints/face_net_checkpoints/black_mask_checkpoints/checkpoint_base_epoch_95.pth
22-01-29 15:19:44.576 : 

22-01-29 18:14:38.193 : 

22-01-29 18:14:38.193 : #################### Trainning Resumed ####################
22-01-29 18:14:38.878 : ===>Trainning Data:[ Train:23482  Valid:2000] Batch:8
22-01-29 18:14:40.801 : ===>Input:[8,3,184,184] output:[8,3,184,184]
22-01-29 18:14:40.886 :        DEVICE ID : cuda
22-01-29 18:14:46.925 : L1 loss function
22-01-29 18:14:47.019 : ===> TrainEpoch =96  lr = 0.0001
22-01-29 19:03:56.814 : ===> Epoch[96]: Loss_l1: 0.01152  Duration: 49.164592 min
22-01-29 19:06:51.137 : ===> Valid. psnr: 32.8999, ssim: 0.9452, loss: 0.0114
22-01-29 19:06:51.232 : ===> Checkpoint saved to checkpoints/face_net_checkpoints/black_mask_checkpoints/checkpoint_base_epoch_96.pth
22-01-29 19:06:51.232 : 

22-01-29 19:08:04.946 : 

22-01-29 19:08:04.946 : #################### Trainning Resumed ####################
22-01-29 19:08:05.551 : ===>Trainning Data:[ Train:23482  Valid:2000] Batch:8
22-01-29 19:08:08.225 : ===>Input:[8,3,128,128] output:[8,3,128,128]
22-01-29 19:08:08.316 :        DEVICE ID : cuda
22-01-29 19:08:14.654 : L1 loss function
22-01-29 19:08:14.767 : ===> TrainEpoch =97  lr = 0.0001
22-01-29 19:54:21.122 : ===> Epoch[97]: Loss_l1: 0.01145  Duration: 46.106475 min
22-01-29 19:57:20.702 : ===> Valid. psnr: 33.0491, ssim: 0.9460, loss: 0.0111
22-01-29 19:57:20.788 : ===> Checkpoint saved to checkpoints/face_net_checkpoints/black_mask_checkpoints/checkpoint_base_epoch_97.pth
22-01-29 19:57:20.788 : 

22-01-29 19:57:20.789 : ===> TrainEpoch =98  lr = 0.0001
22-01-29 20:43:38.538 : ===> Epoch[98]: Loss_l1: 0.01138  Duration: 46.296525 min
22-01-29 20:46:27.813 : ===> Valid. psnr: 32.9856, ssim: 0.9457, loss: 0.0117
22-01-29 20:46:27.894 : ===> Checkpoint saved to checkpoints/face_net_checkpoints/black_mask_checkpoints/checkpoint_base_epoch_98.pth
22-01-29 20:46:27.894 : 

22-01-30 09:48:13.992 : 

22-01-30 09:48:13.993 : #################### Trainning Resumed ####################
22-01-30 09:48:25.640 : 

22-01-30 09:48:25.640 : #################### Trainning Resumed ####################
22-01-30 09:48:26.337 : ===>Trainning Data:[ Train:23482  Valid:2000] Batch:8
22-01-30 09:48:29.960 : ===>Input:[8,3,184,184] output:[8,3,184,184]
22-01-30 09:48:30.048 :        DEVICE ID : cuda
22-01-30 09:48:36.007 : L1 loss function
22-01-30 09:48:36.110 : ===> TrainEpoch =99  lr = 0.0001
22-01-30 10:38:22.134 : ===> Epoch[99]: Loss_l1: 0.01131  Duration: 49.766508 min
22-01-30 10:41:27.523 : ===> Valid. psnr: 33.3189, ssim: 0.9472, loss: 0.0107
22-01-30 10:41:27.630 : ===> Checkpoint saved to checkpoints/face_net_checkpoints/black_mask_checkpoints/checkpoint_base_epoch_99.pth
22-01-30 10:41:27.630 : 

22-01-30 10:41:27.631 : ===> TrainEpoch =100  lr = 1e-05
22-01-30 11:29:24.372 : ===> Epoch[100]: Loss_l1: 0.01053  Duration: 47.947437 min
22-01-30 11:32:31.369 : ===> Valid. psnr: 33.3338, ssim: 0.9480, loss: 0.0106
22-01-30 11:32:31.493 : ===> Checkpoint saved to checkpoints/face_net_checkpoints/black_mask_checkpoints/checkpoint_base_epoch_100.pth
22-01-30 11:32:31.493 : 

22-01-30 11:59:13.250 : 

22-01-30 11:59:13.250 : #################### Trainning Resumed ####################
22-01-30 11:59:14.760 : ===>Trainning Data:[ Train:23482  Valid:2000] Batch:8
22-01-30 11:59:17.231 : ===>Input:[8,3,244,244] output:[8,3,244,244]
22-01-30 11:59:17.325 :        DEVICE ID : cuda
22-01-30 11:59:24.531 : L1 loss function
22-01-30 11:59:24.649 : ===> TrainEpoch =101  lr = 1e-05
22-01-30 12:45:29.688 : ===> Epoch[101]: Loss_l1: 0.01052  Duration: 46.084513 min
22-01-30 12:49:07.524 : ===> Valid. psnr: 33.4255, ssim: 0.9484, loss: 0.0104
22-01-30 12:49:07.619 : ===> Checkpoint saved to checkpoints/face_net_checkpoints/black_mask_checkpoints/checkpoint_base_epoch_101.pth
22-01-30 12:49:07.619 : 

22-01-30 12:49:07.620 : ===> TrainEpoch =102  lr = 1e-05
22-01-30 13:36:42.839 : ===> Epoch[102]: Loss_l1: 0.01049  Duration: 47.587787 min
22-01-30 13:40:34.533 : ===> Valid. psnr: 33.3593, ssim: 0.9485, loss: 0.0105
22-01-30 13:40:34.637 : ===> Checkpoint saved to checkpoints/face_net_checkpoints/black_mask_checkpoints/checkpoint_base_epoch_102.pth
22-01-30 13:40:34.637 : 

22-01-31 20:02:30.667 : 

22-01-31 20:02:30.668 : #################### Trainning Resumed ####################
22-01-31 20:02:32.136 : ===>Trainning Data:[ Train:23482  Valid:2000] Batch:8
22-01-31 20:02:39.829 : ===>Input:[8,3,232,232] output:[8,3,232,232]
22-01-31 20:02:39.918 :        DEVICE ID : cuda
22-01-31 20:02:46.071 : L1 loss function
22-01-31 20:02:46.185 : ===> TrainEpoch =103  lr = 1e-05
22-02-12 08:36:38.405 : 