22-05-04 22:48:08.723 : 

22-05-04 22:48:08.723 : #################### Trainning Resumed ####################
22-05-04 22:48:08.770 : ===>Trainning Data:[ Train:9988  Valid:2998] Batch:4
22-05-04 22:48:19.270 : ===>Input:[4,3,232,84] output:[4,3,232,84]
22-05-04 22:48:19.456 :        DEVICE ID : cuda
22-05-04 22:51:01.393 : 

22-05-04 22:51:01.393 : #################### Trainning Resumed ####################
22-05-04 22:51:01.442 : ===>Trainning Data:[ Train:9988  Valid:2998] Batch:4
22-05-04 22:51:14.044 : ===>Input:[4,3,244,80] output:[4,3,244,80]
22-05-04 22:51:14.236 :        DEVICE ID : cuda
22-05-04 22:51:56.655 : 

22-05-04 22:51:56.656 : #################### Trainning Resumed ####################
22-05-04 22:51:56.708 : ===>Trainning Data:[ Train:9988  Valid:2998] Batch:4
22-05-04 22:52:05.423 : ===>Input:[4,3,132,184] output:[4,3,132,184]
22-05-04 22:52:05.615 :        DEVICE ID : cuda
22-05-04 23:06:55.443 : ===> Valid. psnr: 6.3982, ssim: 0.0544, loss: 0.4440
22-05-04 23:06:55.703 : ===> Checkpoint saved to checkpoints/enhance_gan_checkpoints/v1/checkpoint_epoch_0.pth
22-05-04 23:06:55.703 : 

22-05-04 23:18:19.667 : 

22-05-04 23:18:19.668 : #################### Trainning Resumed ####################
22-05-04 23:21:39.101 : 

22-05-04 23:21:39.101 : #################### Trainning Resumed ####################
22-05-04 23:22:00.123 : 

22-05-04 23:22:00.123 : #################### Trainning Resumed ####################
22-05-04 23:22:00.670 : ===>Trainning Data:[ Train:23988  Valid:5998] Batch:4
22-05-04 23:22:11.237 : ===>Input:[4,3,84,144] output:[4,3,84,144]
22-05-04 23:22:11.481 :        DEVICE ID : cuda
22-05-04 23:22:17.180 : ===> TrainEpoch =0  lr = 0.0002
22-05-05 09:01:48.013 : 

22-05-05 09:01:48.014 : #################### Trainning Resumed ####################
22-05-05 09:01:49.296 : ===>Trainning Data:[ Train:23988  Valid:5998] Batch:4
22-05-05 09:01:56.309 : ===>Input:[4,3,188,80] output:[4,3,188,80]
22-05-05 09:01:56.554 :        DEVICE ID : cuda
22-05-05 09:02:02.642 : ===> TrainEpoch =0  lr = 0.0002
22-05-05 09:03:04.143 : 

22-05-05 09:03:04.144 : #################### Trainning Resumed ####################
22-05-05 09:03:04.594 : ===>Trainning Data:[ Train:23988  Valid:5998] Batch:4
22-05-05 09:03:14.114 : ===>Input:[4,3,154,154] output:[4,3,154,154]
22-05-05 09:03:14.360 :        DEVICE ID : cuda
22-05-05 09:03:19.153 : ===> TrainEpoch =0  lr = 0.0002
22-05-05 09:03:54.945 : 

22-05-05 09:03:54.945 : #################### Trainning Resumed ####################
22-05-05 09:03:55.708 : ===>Trainning Data:[ Train:23988  Valid:5998] Batch:4
22-05-05 09:04:00.732 : ===>Input:[4,3,158,158] output:[4,3,158,158]
22-05-05 09:04:00.931 :        DEVICE ID : cuda
22-05-05 09:04:03.442 : ===> TrainEpoch =0  lr = 0.0002
22-05-05 09:05:09.808 : 

22-05-05 09:05:09.808 : #################### Trainning Resumed ####################
22-05-05 09:05:10.966 : ===>Trainning Data:[ Train:23988  Valid:5998] Batch:4
22-05-05 09:05:17.167 : ===>Input:[4,3,160,160] output:[4,3,160,160]
22-05-05 09:05:17.370 :        DEVICE ID : cuda
22-05-05 09:05:20.064 : ===> TrainEpoch =0  lr = 0.0002
22-05-05 09:06:08.623 : 

22-05-05 09:06:08.623 : #################### Trainning Resumed ####################
22-05-05 09:06:09.955 : ===>Trainning Data:[ Train:23988  Valid:5998] Batch:8
22-05-05 09:06:24.772 : ===>Input:[8,3,140,140] output:[8,3,140,140]
22-05-05 09:06:25.003 :        DEVICE ID : cuda
22-05-05 09:06:27.507 : ===> TrainEpoch =0  lr = 0.0002
22-05-05 09:07:04.785 : 

22-05-05 09:07:04.785 : #################### Trainning Resumed ####################
22-05-05 09:07:04.993 : ===>Trainning Data:[ Train:23988  Valid:5998] Batch:8
22-05-05 09:07:20.179 : ===>Input:[8,3,180,180] output:[8,3,180,180]
22-05-05 09:07:20.412 :        DEVICE ID : cuda
22-05-05 09:07:22.899 : ===> TrainEpoch =0  lr = 0.0002
22-05-05 09:08:10.939 : 

22-05-05 09:08:10.941 : #################### Trainning Resumed ####################
22-05-05 09:08:12.197 : ===>Trainning Data:[ Train:23988  Valid:5998] Batch:8
22-05-05 09:08:27.680 : ===>Input:[8,3,168,168] output:[8,3,168,168]
22-05-05 09:08:27.879 :        DEVICE ID : cuda
22-05-05 09:08:31.024 : ===> TrainEpoch =0  lr = 0.0002
22-05-05 09:10:08.134 : 

22-05-05 09:10:08.134 : #################### Trainning Resumed ####################
22-05-05 09:10:08.335 : ===>Trainning Data:[ Train:23988  Valid:5998] Batch:8
22-05-05 09:10:19.293 : ===>Input:[8,3,160,160] output:[8,3,160,160]
22-05-05 09:10:19.495 :        DEVICE ID : cuda
22-05-05 09:10:21.970 : ===> TrainEpoch =0  lr = 0.0002
22-05-05 09:11:26.734 : 

22-05-05 09:11:26.734 : #################### Trainning Resumed ####################
22-05-05 09:11:27.987 : ===>Trainning Data:[ Train:23988  Valid:5998] Batch:8
22-05-05 09:11:38.335 : ===>Input:[8,3,128,112] output:[8,3,128,112]
22-05-05 09:11:38.567 :        DEVICE ID : cuda
22-05-05 09:11:41.027 : ===> TrainEpoch =0  lr = 0.0002
22-05-05 09:16:37.096 : 

22-05-05 09:16:37.096 : #################### Trainning Resumed ####################
22-05-05 09:16:37.147 : ===>Trainning Data:[ Train:9988  Valid:2998] Batch:8
22-05-05 09:16:55.183 : ===>Input:[8,3,256,80] output:[8,3,256,80]
22-05-05 09:16:55.421 :        DEVICE ID : cuda
22-05-05 09:16:58.134 : ===> TrainEpoch =0  lr = 0.0002
22-05-05 09:19:28.818 : 

22-05-05 09:19:28.818 : #################### Trainning Resumed ####################
22-05-05 09:19:29.895 : ===>Trainning Data:[ Train:9988  Valid:2998] Batch:8
22-05-05 09:19:49.260 : ===>Input:[8,3,76,192] output:[8,3,76,192]
22-05-05 09:19:49.499 :        DEVICE ID : cuda
22-05-05 09:19:55.338 : ===> TrainEpoch =0  lr = 0.0002
22-05-05 10:06:19.523 : 

22-05-05 10:06:19.523 : #################### Trainning Resumed ####################
22-05-05 10:06:20.511 : ===>Trainning Data:[ Train:9988  Valid:2998] Batch:8
22-05-05 10:06:35.865 : ===>Input:[8,3,132,96] output:[8,3,132,96]
22-05-05 10:06:36.099 :        DEVICE ID : cuda
22-05-05 10:06:42.306 : ===> TrainEpoch =0  lr = 0.0002
22-05-05 10:14:54.267 : 

22-05-05 10:14:54.267 : #################### Trainning Resumed ####################
22-05-05 10:14:55.378 : ===>Trainning Data:[ Train:9988  Valid:2998] Batch:8
22-05-05 10:15:17.714 : ===>Input:[8,3,160,160] output:[8,3,160,160]
22-05-05 10:15:17.944 :        DEVICE ID : cuda
22-05-05 10:15:24.021 : ===> TrainEpoch =0  lr = 0.0002
22-05-05 10:53:48.308 : 

22-05-05 10:53:48.308 : #################### Trainning Resumed ####################
22-05-05 10:53:48.585 : ===>Trainning Data:[ Train:9988  Valid:2998] Batch:8
22-05-05 10:54:24.800 : ===>Input:[8,3,96,224] output:[8,3,96,224]
22-05-05 10:54:25.047 :        DEVICE ID : cuda
22-05-05 10:54:30.607 : ===> TrainEpoch =0  lr = 0.0002
22-05-05 11:45:53.955 : 

22-05-05 11:45:53.956 : #################### Trainning Resumed ####################
22-05-05 11:45:55.936 : ===>Trainning Data:[ Train:9988  Valid:2998] Batch:8
22-05-05 11:46:17.833 : ===>Input:[8,3,64,228] output:[8,3,64,228]
22-05-05 11:46:18.060 :        DEVICE ID : cuda
22-05-05 11:46:24.221 : ===> TrainEpoch =0  lr = 0.0002
22-05-05 12:52:10.010 : ===> Epoch[0]: Generator loss: 7.12506,Discriminator loss: 0.71768  Duration: 65.762438 min
22-05-05 13:07:31.180 : ===> Valid. psnr: 22.5213, ssim: 0.6003, loss: 0.0536
22-05-05 13:07:31.561 : ===> Checkpoint saved to checkpoints/enhance_gan_checkpoints/v1/checkpoint_epoch_0.pth
22-05-05 13:07:31.561 : 

22-05-05 13:07:31.565 : ===> TrainEpoch =1  lr = 0.0002
22-05-05 13:10:51.785 : 

22-05-05 13:10:51.786 : #################### Trainning Resumed ####################
22-05-05 13:10:52.012 : ===>Trainning Data:[ Train:9988  Valid:2998] Batch:8
22-05-05 13:11:10.797 : ===>Input:[8,3,108,108] output:[8,3,108,108]
22-05-05 13:11:11.038 :        DEVICE ID : cuda
22-05-05 13:11:17.311 : ===> TrainEpoch =1  lr = 0.0002
22-05-05 13:13:28.705 : 

22-05-05 13:13:28.707 : #################### Trainning Resumed ####################
22-05-05 13:13:28.952 : ===>Trainning Data:[ Train:9988  Valid:2998] Batch:8
22-05-05 13:13:55.852 : ===>Input:[8,3,92,152] output:[8,3,92,152]
22-05-05 13:13:56.095 :        DEVICE ID : cuda
22-05-05 13:14:01.832 : ===> TrainEpoch =1  lr = 0.0002
