

22-05-08 09:49:43.181 : #################### Trainning Resumed ####################
22-05-08 09:49:44.254 : ===>Trainning Data:[ Train:9988  Valid:1998] Batch:8
22-05-08 09:50:10.415 : ===>Input:[8,3,436,488] output:[8,3,436,488]
22-05-08 09:50:10.533 :        DEVICE ID : cuda
22-05-08 09:50:16.115 : L1 loss function
22-05-08 09:50:16.116 : ===> TrainEpoch =0  lr = 0.0002
22-05-08 10:22:51.192 : ===> Epoch[0]: Loss_l1: 0.04309  Duration: 92.592842 min
22-05-08 10:44:30.746 : ===> Valid. psnr: 26.1914, ssim: 0.7333, loss: 0.0355
22-05-08 10:44:30.960 : ===> Checkpoint saved to checkpoints/enhance_net_checkpoints/enhance_net_x1/v3/checkpoint_base_epoch_0.pth
22-05-08 10:44:30.960 : 

22-05-08 10:44:30.965 : ===> TrainEpoch =1  lr = 0.0002
22-05-08 12:20:47.412 : ===> Epoch[1]: Loss_l1: 0.03078  Duration: 96.271858 min
22-05-08 12:38:22.335 : ===> Valid. psnr: 27.2058, ssim: 0.7452, loss: 0.0297
22-05-08 12:38:22.493 : ===> Checkpoint saved to checkpoints/enhance_net_checkpoints/enhance_net_x1/v3/checkpoint_base_epoch_1.pth
22-05-08 12:38:22.493 : 

22-05-08 12:38:22.496 : ===> TrainEpoch =2  lr = 0.0002
22-05-08 14:05:57.105 : ===> Epoch[2]: Loss_l1: 0.02953  Duration: 87.576617 min
22-05-08 14:24:08.053 : ===> Valid. psnr: 27.2054, ssim: 0.7486, loss: 0.0301
22-05-08 14:24:08.231 : ===> Checkpoint saved to checkpoints/enhance_net_checkpoints/enhance_net_x1/v3/checkpoint_base_epoch_2.pth
22-05-08 14:24:08.232 : 

22-05-08 14:53:36.768 : 

22-05-08 14:53:36.768 : #################### Trainning Resumed ####################
22-05-08 14:53:38.936 : ===>Trainning Data:[ Train:9988  Valid:1998] Batch:8
22-05-08 14:53:58.092 : ===>Input:[8,3,392,408] output:[8,3,392,408]
22-05-08 14:53:58.198 :        DEVICE ID : cuda
22-05-08 14:54:07.445 : L1 loss function
22-05-08 14:54:07.608 : ===> TrainEpoch =3  lr = 0.0001
22-05-08 16:22:26.299 : ===> Epoch[3]: Loss_l1: 0.02797  Duration: 88.316833 min
22-05-08 16:39:49.541 : ===> Valid. psnr: 27.6319, ssim: 0.7597, loss: 0.0280
22-05-08 16:39:49.764 : ===> Checkpoint saved to checkpoints/enhance_net_checkpoints/enhance_net_x1/v3/checkpoint_base_epoch_3.pth
22-05-08 16:39:49.764 : 

22-05-08 16:39:49.768 : ===> TrainEpoch =4  lr = 0.0001
22-05-08 18:10:33.627 : ===> Epoch[4]: Loss_l1: 0.02726  Duration: 90.736167 min
22-05-08 18:29:12.660 : ===> Valid. psnr: 27.8069, ssim: 0.7628, loss: 0.0276
22-05-08 18:29:12.837 : ===> Checkpoint saved to checkpoints/enhance_net_checkpoints/enhance_net_x1/v3/checkpoint_base_epoch_4.pth
22-05-08 18:29:12.837 : 


22-05-08 19:37:29.355 : #################### Trainning Resumed ####################
22-05-08 19:37:29.535 : ===>Trainning Data:[ Train:9988  Valid:1998] Batch:8
22-05-08 19:37:56.551 : ===>Input:[8,3,500,292] output:[8,3,500,292]
22-05-08 19:37:56.649 :        DEVICE ID : cuda
22-05-08 19:37:59.658 : L1 loss function
22-05-08 19:37:59.829 : ===> TrainEpoch =5  lr = 0.0001
22-05-08 21:03:27.947 : ===> Epoch[5]: Loss_l1: 0.02710  Duration: 85.468667 min
22-05-08 21:21:15.478 : ===> Valid. psnr: 28.0153, ssim: 0.7685, loss: 0.0269
22-05-08 21:21:15.647 : ===> Checkpoint saved to checkpoints/enhance_net_checkpoints/enhance_net_x1/v3/checkpoint_base_epoch_5.pth
22-05-08 21:21:15.647 : 

22-05-08 21:21:18.915 : ===> TrainEpoch =6  lr = 0.000
22-05-09 07:02:32.149 : 

22-05-09 07:02:32.149 : #################### Trainning Resumed ####################
22-05-09 07:02:42.266 : 

22-05-09 07:02:42.266 : #################### Trainning Resumed ####################
22-05-09 07:02:42.526 : ===>Trainning Data:[ Train:9988  Valid:1998] Batch:8
22-05-09 07:03:13.285 : ===>Input:[8,3,268,704] output:[8,3,268,704]
22-05-09 07:03:13.390 :        DEVICE ID : cuda
22-05-09 07:03:19.443 : L1 loss function
22-05-09 07:03:19.630 : ===> TrainEpoch =6  lr = 0.0001
22-05-09 08:32:51.107 : ===> Epoch[6]: Loss_l1: 0.02690  Duration: 89.525875 min
22-05-09 08:57:57.355 : ===> Valid. psnr: 28.0400, ssim: 0.7690, loss: 0.0266
22-05-09 08:57:57.532 : ===> Checkpoint saved to checkpoints/enhance_net_checkpoints/enhance_net_x1/v3/checkpoint_base_epoch_6.pth
22-05-09 08:57:57.532 : 

22-05-09 09:23:41.025 : 

22-05-09 09:23:41.026 : #################### Trainning Resumed ####################
22-05-09 09:23:41.338 : ===>Trainning Data:[ Train:9988  Valid:1998] Batch:8
22-05-09 09:24:17.437 : ===>Input:[8,3,476,372] output:[8,3,476,372]
22-05-09 09:24:17.656 :        DEVICE ID : cuda
22-05-09 09:24:24.064 : L1 loss function
22-05-09 09:24:24.253 : ===> TrainEpoch =7  lr = 0.0001
22-05-09 10:53:02.405 : ===> Epoch[7]: Loss_l1: 0.02664  Duration: 88.636442 min
22-05-09 11:13:16.678 : ===> Valid. psnr: 27.9589, ssim: 0.7691, loss: 0.0273
22-05-09 11:13:16.858 : ===> Checkpoint saved to checkpoints/enhance_net_checkpoints/enhance_net_x1/v3/checkpoint_base_epoch_7.pth
22-05-09 11:13:16.858 : 

22-05-09 11:31:39.741 : 

22-05-09 11:31:39.741 : #################### Trainning Resumed ####################
22-05-09 11:31:40.046 : ===>Trainning Data:[ Train:9988  Valid:1998] Batch:8
22-05-09 11:32:12.754 : ===>Input:[8,3,632,400] output:[8,3,632,400]
22-05-09 11:32:12.861 :        DEVICE ID : cuda
22-05-09 11:32:18.770 : L1 loss function
22-05-09 11:32:18.946 : ===> TrainEpoch =8  lr = 0.0001
22-05-09 13:09:28.201 : ===> Epoch[8]: Loss_l1: 0.02646  Duration: 97.155075 min
22-05-09 13:30:43.233 : ===> Valid. psnr: 28.0228, ssim: 0.7701, loss: 0.0266
22-05-09 13:30:43.425 : ===> Checkpoint saved to checkpoints/enhance_net_checkpoints/enhance_net_x1/v3/checkpoint_base_epoch_8.pth
22-05-09 13:30:43.425 : 

22-05-09 13:30:44.467 : ===> TrainEpoch =9  lr = 0.0001
22-05-09 15:12:42.833 : ===> Epoch[9]: Loss_l1: 0.02624  Duration: 101.974067 min
22-05-09 15:33:43.315 : ===> Valid. psnr: 28.0688, ssim: 0.7746, loss: 0.0268
22-05-09 15:33:43.536 : ===> Checkpoint saved to checkpoints/enhance_net_checkpoints/enhance_net_x1/v3/checkpoint_base_epoch_9.pth
22-05-09 15:33:43.536 : 

22-05-09 15:33:44.987 : ===> TrainEpoch =10  lr = 0.0001
