22-03-10 06:56:54.085 : 

22-03-10 06:56:54.085 : #################### Trainning Resumed ####################
22-03-10 06:56:56.578 : ===>Trainning Data:[ Train:23144  Valid:5998] Batch:8
22-03-10 06:57:00.921 : ===>Input:[8,3,240,240] output:[8,3,240,240]
22-03-10 06:57:01.014 :        DEVICE ID : cuda
22-03-10 06:57:06.787 : L1 loss function
22-03-10 06:57:06.788 : ===> TrainEpoch =0  lr = 0.0002
22-03-10 06:58:31.945 : 

22-03-10 06:58:31.945 : #################### Trainning Resumed ####################
22-03-10 06:58:33.483 : ===>Trainning Data:[ Train:23144  Valid:5998] Batch:8
22-03-10 06:58:39.828 : ===>Input:[8,3,400,400] output:[8,3,400,400]
22-03-10 06:58:39.891 :        DEVICE ID : cuda
22-03-10 06:58:42.449 : L1 loss function
22-03-10 06:58:42.451 : ===> TrainEpoch =0  lr = 0.0002
22-03-10 06:59:07.541 : 

22-03-10 06:59:07.541 : #################### Trainning Resumed ####################
22-03-10 06:59:08.708 : ===>Trainning Data:[ Train:23144  Valid:5998] Batch:8
22-03-10 06:59:13.304 : ===>Input:[8,3,400,400] output:[8,3,400,400]
22-03-10 06:59:13.363 :        DEVICE ID : cuda
22-03-10 06:59:15.753 : L1 loss function
22-03-10 06:59:15.755 : ===> TrainEpoch =0  lr = 0.0002
22-03-10 07:00:02.652 : 

22-03-10 07:00:02.652 : #################### Trainning Resumed ####################
22-03-10 07:00:03.847 : ===>Trainning Data:[ Train:23144  Valid:5998] Batch:12
22-03-10 07:00:11.822 : ===>Input:[12,3,380,380] output:[12,3,380,380]
22-03-10 07:00:11.882 :        DEVICE ID : cuda
22-03-10 07:00:24.939 : 

22-03-10 07:00:24.939 : #################### Trainning Resumed ####################
22-03-10 07:00:25.046 : ===>Trainning Data:[ Train:23144  Valid:5998] Batch:12
22-03-10 07:00:31.802 : ===>Input:[12,3,380,380] output:[12,3,380,380]
22-03-10 07:00:31.863 :        DEVICE ID : cuda
22-03-10 07:00:34.307 : L1 loss function
22-03-10 07:00:34.308 : ===> TrainEpoch =0  lr = 0.0002
22-03-10 07:01:06.437 : 

22-03-10 07:01:06.437 : #################### Trainning Resumed ####################
22-03-10 07:01:07.264 : ===>Trainning Data:[ Train:23144  Valid:5998] Batch:12
22-03-10 07:01:13.441 : ===>Input:[12,3,380,380] output:[12,3,380,380]
22-03-10 07:01:13.502 :        DEVICE ID : cuda
22-03-10 07:01:16.052 : L1 loss function
22-03-10 07:01:16.054 : ===> TrainEpoch =0  lr = 0.0002
22-03-10 07:02:02.781 : 

22-03-10 07:02:02.781 : #################### Trainning Resumed ####################
22-03-10 07:02:03.798 : ===>Trainning Data:[ Train:23144  Valid:5998] Batch:12
22-03-10 07:02:11.882 : ===>Input:[12,3,400,400] output:[12,3,400,400]
22-03-10 07:02:11.979 :        DEVICE ID : cuda
22-03-10 07:02:14.436 : L1 loss function
22-03-10 07:02:14.437 : ===> TrainEpoch =0  lr = 0.0002
