22-01-27 10:52:39.399 : 

22-01-27 10:52:39.399 : #################### Trainning Resumed ####################
22-01-27 10:52:52.813 : 

22-01-27 10:52:52.813 : #################### Trainning Resumed ####################
22-01-27 10:52:53.271 : ===>Trainning Data:[ Train:6282  Valid:1282] Batch:4
22-01-27 10:52:58.069 : ===>Input:[4,3,200,200] output:[4,3,600,600]
22-01-27 10:52:58.158 :        DEVICE ID : cuda
22-01-27 10:53:04.537 : L1 loss function
22-01-27 10:53:04.538 : ===> TrainEpoch =0  lr = 0.0001
22-01-27 10:53:28.793 : 

22-01-27 10:53:28.793 : #################### Trainning Resumed ####################
22-01-27 10:53:29.269 : ===>Trainning Data:[ Train:6282  Valid:1282] Batch:4
22-01-27 10:53:32.473 : ===>Input:[4,3,130,130] output:[4,3,390,390]
22-01-27 10:53:32.530 :        DEVICE ID : cuda
22-01-27 10:53:35.419 : L1 loss function
22-01-27 10:53:35.420 : ===> TrainEpoch =0  lr = 0.0001
22-01-27 10:54:04.054 : 

22-01-27 10:54:04.054 : #################### Trainning Resumed ####################
22-01-27 10:54:04.233 : ===>Trainning Data:[ Train:6282  Valid:1282] Batch:4
22-01-27 10:54:07.987 : ===>Input:[4,3,150,150] output:[4,3,450,450]
22-01-27 10:54:08.036 :        DEVICE ID : cuda
22-01-27 10:54:10.753 : L1 loss function
22-01-27 10:54:10.754 : ===> TrainEpoch =0  lr = 0.0001
22-01-27 10:54:54.830 : 

22-01-27 10:54:54.830 : #################### Trainning Resumed ####################
22-01-27 10:54:54.884 : ===>Trainning Data:[ Train:6282  Valid:1282] Batch:4
22-01-27 10:55:00.820 : ===>Input:[4,3,193,91] output:[4,3,579,273]
22-01-27 10:55:00.871 :        DEVICE ID : cuda
22-01-27 10:55:03.547 : L1 loss function
22-01-27 10:55:03.548 : ===> TrainEpoch =0  lr = 0.0001
22-01-27 11:33:29.075 : ===> Epoch[0]: Loss_l1: 0.04517  Duration: 38.426000 min
22-01-27 11:40:15.025 : ===> Valid. psnr: 27.3083, ssim: 0.6963, loss: 0.0343
22-01-27 11:40:15.096 : ===> Checkpoint saved to checkpoints/enhance_net_checkpoints/enhance_net_x3/checkpoint_base_epoch_0.pth
22-01-27 11:40:15.096 : 

22-01-27 11:40:15.097 : ===> TrainEpoch =1  lr = 0.0001
22-01-27 12:20:19.472 : ===> Epoch[1]: Loss_l1: 0.03500  Duration: 40.073317 min
22-01-27 12:26:17.158 : ===> Valid. psnr: 27.3466, ssim: 0.7063, loss: 0.0343
22-01-27 12:26:17.203 : ===> Checkpoint saved to checkpoints/enhance_net_checkpoints/enhance_net_x3/checkpoint_base_epoch_1.pth
22-01-27 12:26:17.203 : 

22-01-27 12:26:17.204 : ===> TrainEpoch =2  lr = 0.0001
22-01-27 13:04:55.820 : ===> Epoch[2]: Loss_l1: 0.03405  Duration: 38.644742 min
22-01-27 13:11:03.838 : ===> Valid. psnr: 27.9272, ssim: 0.7188, loss: 0.0325
22-01-27 13:11:03.879 : ===> Checkpoint saved to checkpoints/enhance_net_checkpoints/enhance_net_x3/checkpoint_base_epoch_2.pth
22-01-27 13:11:03.880 : 

22-01-27 13:11:03.880 : ===> TrainEpoch =3  lr = 0.0001
22-01-27 13:49:57.186 : ===> Epoch[3]: Loss_l1: 0.03356  Duration: 38.889854 min
22-01-27 13:55:55.460 : ===> Valid. psnr: 27.7418, ssim: 0.7204, loss: 0.0328
22-01-27 13:55:55.510 : ===> Checkpoint saved to checkpoints/enhance_net_checkpoints/enhance_net_x3/checkpoint_base_epoch_3.pth
22-01-27 13:55:55.510 : 

22-01-27 13:55:55.511 : ===> TrainEpoch =4  lr = 0.0001
22-01-27 14:01:13.536 : 

22-01-27 14:01:13.536 : #################### Trainning Resumed ####################
22-01-27 14:01:13.796 : ===>Trainning Data:[ Train:6282  Valid:1282] Batch:4
22-01-27 14:01:22.683 : ===>Input:[4,3,92,138] output:[4,3,276,414]
22-01-27 14:01:22.769 :        DEVICE ID : cuda
22-01-27 14:01:29.161 : L1 loss function
22-01-27 14:01:29.277 : ===> TrainEpoch =4  lr = 0.0001
22-01-27 14:39:49.396 : ===> Epoch[4]: Loss_l1: 0.03259  Duration: 38.334029 min
22-01-27 14:47:10.902 : ===> Valid. psnr: 28.0310, ssim: 0.7322, loss: 0.0319
22-01-27 14:47:10.957 : ===> Checkpoint saved to checkpoints/enhance_net_checkpoints/enhance_net_x3/checkpoint_base_epoch_4.pth
22-01-27 14:47:10.957 : 

22-01-27 14:47:10.957 : ===> TrainEpoch =5  lr = 0.0001
22-01-27 15:25:38.155 : ===> Epoch[5]: Loss_l1: 0.03228  Duration: 38.454912 min
22-01-27 15:32:44.213 : ===> Valid. psnr: 28.2429, ssim: 0.7336, loss: 0.0309
22-01-27 15:32:44.257 : ===> Checkpoint saved to checkpoints/enhance_net_checkpoints/enhance_net_x3/checkpoint_base_epoch_5.pth
22-01-27 15:32:44.257 : 

22-01-27 15:32:44.257 : ===> TrainEpoch =6  lr = 0.0001
22-01-27 16:11:14.352 : ===> Epoch[6]: Loss_l1: 0.03181  Duration: 38.502688 min
22-01-27 16:18:13.899 : ===> Valid. psnr: 28.1064, ssim: 0.7339, loss: 0.0313
22-01-27 16:18:13.941 : ===> Checkpoint saved to checkpoints/enhance_net_checkpoints/enhance_net_x3/checkpoint_base_epoch_6.pth
22-01-27 16:18:13.941 : 

22-01-27 16:18:13.941 : ===> TrainEpoch =7  lr = 0.0001
22-01-27 16:56:47.502 : ===> Epoch[7]: Loss_l1: 0.03170  Duration: 38.559179 min
22-01-27 17:03:50.711 : ===> Valid. psnr: 28.3844, ssim: 0.7396, loss: 0.0307
22-01-27 17:03:50.754 : ===> Checkpoint saved to checkpoints/enhance_net_checkpoints/enhance_net_x3/checkpoint_base_epoch_7.pth
22-01-27 17:03:50.755 : 

22-01-27 17:03:50.755 : ===> TrainEpoch =8  lr = 0.0001
22-01-27 17:41:50.259 : ===> Epoch[8]: Loss_l1: 0.03145  Duration: 37.992496 min
22-01-27 17:48:58.440 : ===> Valid. psnr: 28.5228, ssim: 0.7417, loss: 0.0302
22-01-27 17:48:58.485 : ===> Checkpoint saved to checkpoints/enhance_net_checkpoints/enhance_net_x3/checkpoint_base_epoch_8.pth
22-01-27 17:48:58.485 : 

22-01-27 17:48:58.486 : ===> TrainEpoch =9  lr = 0.0001
22-01-27 18:28:20.650 : ===> Epoch[9]: Loss_l1: 0.03138  Duration: 39.370133 min
22-01-27 18:35:59.431 : ===> Valid. psnr: 28.5466, ssim: 0.7419, loss: 0.0302
22-01-27 18:35:59.498 : ===> Checkpoint saved to checkpoints/enhance_net_checkpoints/enhance_net_x3/checkpoint_base_epoch_9.pth
22-01-27 18:35:59.498 : 

22-01-27 18:35:59.498 : ===> TrainEpoch =10  lr = 0.0001
22-01-28 08:58:17.798 : 

22-01-28 08:58:17.799 : #################### Trainning Resumed ####################
22-01-28 08:58:25.354 : 

22-01-28 08:58:25.354 : #################### Trainning Resumed ####################
22-01-28 08:58:25.787 : ===>Trainning Data:[ Train:6282  Valid:1282] Batch:4
22-01-28 08:58:35.948 : ===>Input:[4,3,115,122] output:[4,3,345,366]
22-01-28 08:58:36.031 :        DEVICE ID : cuda
22-01-28 08:58:44.923 : L1 loss function
22-01-28 08:58:45.024 : ===> TrainEpoch =10  lr = 0.0001
22-01-28 09:36:46.518 : ===> Epoch[10]: Loss_l1: 0.03102  Duration: 38.025000 min
22-01-28 09:44:25.793 : ===> Valid. psnr: 28.5303, ssim: 0.7424, loss: 0.0301
22-01-28 09:44:25.884 : ===> Checkpoint saved to checkpoints/enhance_net_checkpoints/enhance_net_x3/checkpoint_base_epoch_10.pth
22-01-28 09:44:25.884 : 

22-01-28 09:44:25.885 : ===> TrainEpoch =11  lr = 0.0001
22-01-28 10:22:18.693 : ===> Epoch[11]: Loss_l1: 0.03098  Duration: 37.881183 min
22-01-28 10:29:22.665 : ===> Valid. psnr: 28.4431, ssim: 0.7401, loss: 0.0305
22-01-28 10:29:22.710 : ===> Checkpoint saved to checkpoints/enhance_net_checkpoints/enhance_net_x3/checkpoint_base_epoch_11.pth
22-01-28 10:29:22.710 : 

22-01-28 10:29:22.710 : ===> TrainEpoch =12  lr = 0.0001
22-01-30 16:24:35.206 : 

22-01-30 16:24:35.206 : #################### Trainning Resumed ####################
22-01-30 16:24:35.910 : ===>Trainning Data:[ Train:6282  Valid:1282] Batch:4
22-01-30 16:24:43.413 : ===>Input:[4,3,127,165] output:[4,3,381,495]
22-01-30 16:24:43.507 :        DEVICE ID : cuda
22-01-30 16:24:49.289 : L1 loss function
22-01-30 16:24:49.395 : ===> TrainEpoch =10  lr = 1e-05
22-01-30 16:25:26.217 : 

22-01-30 16:25:26.217 : #################### Trainning Resumed ####################
22-01-30 16:25:26.775 : ===>Trainning Data:[ Train:6282  Valid:1282] Batch:4
22-01-30 16:25:31.548 : ===>Input:[4,3,124,162] output:[4,3,372,486]
22-01-30 16:25:31.637 :        DEVICE ID : cuda
22-01-30 16:25:36.956 : L1 loss function
22-01-30 16:25:37.058 : ===> TrainEpoch =12  lr = 1e-05
22-01-30 17:05:48.970 : ===> Epoch[12]: Loss_l1: 0.03025  Duration: 40.197804 min
22-01-30 17:12:27.298 : ===> Valid. psnr: 28.6834, ssim: 0.7483, loss: 0.0295
22-01-30 17:12:27.349 : ===> Checkpoint saved to checkpoints/enhance_net_checkpoints/enhance_net_x3/checkpoint_base_epoch_12.pth
22-01-30 17:12:27.349 : 

22-01-30 17:12:27.349 : ===> TrainEpoch =13  lr = 1e-05
22-01-30 17:55:53.969 : ===> Epoch[13]: Loss_l1: 0.02991  Duration: 43.443767 min
22-01-30 18:01:57.979 : ===> Valid. psnr: 28.7861, ssim: 0.7474, loss: 0.0294
22-01-30 18:01:58.052 : ===> Checkpoint saved to checkpoints/enhance_net_checkpoints/enhance_net_x3/checkpoint_base_epoch_13.pth
22-01-30 18:01:58.052 : 

22-01-30 18:01:58.053 : ===> TrainEpoch =14  lr = 1e-05
22-01-30 18:43:07.037 : ===> Epoch[14]: Loss_l1: 0.03035  Duration: 41.150729 min
22-01-30 18:50:10.624 : ===> Valid. psnr: 28.6957, ssim: 0.7481, loss: 0.0295
22-01-30 18:50:10.671 : ===> Checkpoint saved to checkpoints/enhance_net_checkpoints/enhance_net_x3/checkpoint_base_epoch_14.pth
22-01-30 18:50:10.671 : 

22-01-30 20:20:23.978 : 

22-01-30 20:20:23.979 : #################### Trainning Resumed ####################
22-01-30 20:20:24.604 : ===>Trainning Data:[ Train:6282  Valid:1282] Batch:4
22-01-30 20:20:31.650 : ===>Input:[4,3,174,88] output:[4,3,522,264]
22-01-30 20:20:31.763 :        DEVICE ID : cuda
22-01-30 20:20:40.217 : L1 loss function
22-01-30 20:20:40.869 : ===> TrainEpoch =15  lr = 0.0001
22-01-30 21:01:43.563 : ===> Epoch[15]: Loss_l1: 0.03074  Duration: 41.044412 min
22-01-30 21:07:52.991 : ===> Valid. psnr: 28.5243, ssim: 0.7440, loss: 0.0301
22-01-30 21:07:53.081 : ===> Checkpoint saved to checkpoints/enhance_net_checkpoints/enhance_net_x3/checkpoint_base_epoch_15.pth
22-01-30 21:07:53.081 : 

22-01-30 21:07:53.082 : ===> TrainEpoch =16  lr = 0.0001
22-01-30 21:47:29.674 : ===> Epoch[16]: Loss_l1: 0.03059  Duration: 39.609242 min
22-01-30 21:53:32.217 : ===> Valid. psnr: 28.6810, ssim: 0.7450, loss: 0.0295
22-01-30 21:53:32.266 : ===> Checkpoint saved to checkpoints/enhance_net_checkpoints/enhance_net_x3/checkpoint_base_epoch_16.pth
22-01-30 21:53:32.267 : 

22-01-30 21:53:32.267 : ===> TrainEpoch =17  lr = 0.0001
22-01-30 22:32:27.024 : ===> Epoch[17]: Loss_l1: 0.03077  Duration: 38.913104 min
22-01-30 22:38:15.743 : ===> Valid. psnr: 28.6214, ssim: 0.7481, loss: 0.0297
22-01-30 22:38:15.787 : ===> Checkpoint saved to checkpoints/enhance_net_checkpoints/enhance_net_x3/checkpoint_base_epoch_17.pth
22-01-30 22:38:15.788 : 

22-01-31 13:15:01.708 : 

22-01-31 13:15:01.708 : #################### Trainning Resumed ####################
22-01-31 13:15:02.314 : ===>Trainning Data:[ Train:6282  Valid:1282] Batch:4
22-01-31 13:15:07.611 : ===>Input:[4,3,134,81] output:[4,3,402,243]
22-01-31 13:15:07.719 :        DEVICE ID : cuda
22-01-31 13:15:14.112 : L1 loss function
22-01-31 13:15:14.219 : ===> TrainEpoch =18  lr = 0.0001
22-01-31 13:15:41.295 : 

22-01-31 13:15:41.295 : #################### Trainning Resumed ####################
22-01-31 13:15:41.357 : ===>Trainning Data:[ Train:6282  Valid:1282] Batch:4
22-01-31 13:15:47.944 : ===>Input:[4,3,177,116] output:[4,3,531,348]
22-01-31 13:15:48.000 :        DEVICE ID : cuda
22-01-31 13:15:51.134 : L1 loss function
22-01-31 13:15:51.190 : ===> TrainEpoch =18  lr = 1e-05
22-01-31 14:12:29.144 : ===> Epoch[18]: Loss_l1: 0.02988  Duration: 56.633158 min
22-01-31 14:18:40.955 : ===> Valid. psnr: 28.8091, ssim: 0.7519, loss: 0.0294
22-01-31 14:18:41.001 : ===> Checkpoint saved to checkpoints/enhance_net_checkpoints/enhance_net_x3/checkpoint_base_epoch_18.pth
22-01-31 14:18:41.001 : 

22-01-31 14:18:41.001 : ===> TrainEpoch =19  lr = 1e-05
22-01-31 15:15:27.775 : ===> Epoch[19]: Loss_l1: 0.02999  Duration: 56.780133 min
22-01-31 15:21:45.176 : ===> Valid. psnr: 28.9070, ssim: 0.7539, loss: 0.0289
22-01-31 15:21:45.241 : ===> Checkpoint saved to checkpoints/enhance_net_checkpoints/enhance_net_x3/checkpoint_base_epoch_19.pth
22-01-31 15:21:45.241 : 

22-01-31 15:21:45.241 : ===> TrainEpoch =20  lr = 1e-05
22-01-31 16:16:32.626 : ===> Epoch[20]: Loss_l1: 0.02991  Duration: 54.791058 min
22-01-31 16:22:33.029 : ===> Valid. psnr: 28.7307, ssim: 0.7488, loss: 0.0294
22-01-31 16:22:33.072 : ===> Checkpoint saved to checkpoints/enhance_net_checkpoints/enhance_net_x3/checkpoint_base_epoch_20.pth
22-01-31 16:22:33.072 : 

22-01-31 16:22:33.073 : ===> TrainEpoch =21  lr = 1e-05
22-01-31 17:17:22.826 : ===> Epoch[21]: Loss_l1: 0.02961  Duration: 54.828763 min
22-01-31 17:23:24.306 : ===> Valid. psnr: 28.7967, ssim: 0.7512, loss: 0.0291
22-01-31 17:23:24.346 : ===> Checkpoint saved to checkpoints/enhance_net_checkpoints/enhance_net_x3/checkpoint_base_epoch_21.pth
22-01-31 17:23:24.347 : 

22-01-31 17:23:24.347 : ===> TrainEpoch =22  lr = 1e-05
22-01-31 18:19:22.081 : ===> Epoch[22]: Loss_l1: 0.03006  Duration: 55.962938 min
22-01-31 18:25:49.527 : ===> Valid. psnr: 28.7659, ssim: 0.7535, loss: 0.0292
22-01-31 18:25:49.577 : ===> Checkpoint saved to checkpoints/enhance_net_checkpoints/enhance_net_x3/checkpoint_base_epoch_22.pth
22-01-31 18:25:49.577 : 

22-02-06 19:33:28.004 : 

22-02-06 19:33:28.004 : #################### Trainning Resumed ####################
22-02-06 19:34:23.186 : 

22-02-06 19:34:23.186 : #################### Trainning Resumed ####################
22-02-06 19:34:34.423 : 

22-02-06 19:34:34.423 : #################### Trainning Resumed ####################
22-02-06 19:34:34.889 : ===>Trainning Data:[ Train:6282  Valid:1282] Batch:4
22-02-06 19:34:38.725 : ===>Input:[4,3,130,130] output:[4,3,390,390]
22-02-06 19:34:38.824 :        DEVICE ID : cuda
22-02-06 19:34:45.117 : L1 loss function
22-02-06 19:34:45.118 : ===> TrainEpoch =0  lr = 0.0001
22-02-06 19:35:29.149 : 

22-02-06 19:35:29.149 : #################### Trainning Resumed ####################
22-02-06 19:35:29.612 : ===>Trainning Data:[ Train:6282  Valid:1282] Batch:4
22-02-06 19:35:35.110 : ===>Input:[4,3,130,130] output:[4,3,390,390]
22-02-06 19:35:35.171 :        DEVICE ID : cuda
22-02-06 19:35:37.998 : L1 loss function
22-02-06 19:35:37.999 : ===> TrainEpoch =0  lr = 0.0001
22-02-06 19:36:08.385 : 

22-02-06 19:36:08.385 : #################### Trainning Resumed ####################
22-02-06 19:36:08.447 : ===>Trainning Data:[ Train:6282  Valid:1282] Batch:4
22-02-06 19:36:12.205 : ===>Input:[4,3,135,135] output:[4,3,405,405]
22-02-06 19:36:12.261 :        DEVICE ID : cuda
22-02-06 19:36:15.029 : L1 loss function
22-02-06 19:36:15.030 : ===> TrainEpoch =0  lr = 0.0001
22-02-06 19:36:44.570 : 

22-02-06 19:36:44.570 : #################### Trainning Resumed ####################
22-02-06 19:36:44.662 : ===>Trainning Data:[ Train:6282  Valid:1282] Batch:4
22-02-06 19:36:49.136 : ===>Input:[4,3,140,140] output:[4,3,420,420]
22-02-06 19:36:49.193 :        DEVICE ID : cuda
22-02-06 19:36:52.010 : L1 loss function
22-02-06 19:36:52.011 : ===> TrainEpoch =0  lr = 0.0001
22-02-06 19:37:41.240 : 

22-02-06 19:37:41.240 : #################### Trainning Resumed ####################
22-02-06 19:37:41.296 : ===>Trainning Data:[ Train:6282  Valid:1282] Batch:4
22-02-06 19:37:45.442 : ===>Input:[4,3,145,145] output:[4,3,435,435]
22-02-06 19:37:45.499 :        DEVICE ID : cuda
22-02-06 19:37:48.239 : L1 loss function
22-02-06 19:37:48.241 : ===> TrainEpoch =0  lr = 0.0001
22-02-06 19:38:25.130 : 

22-02-06 19:38:25.130 : #################### Trainning Resumed ####################
22-02-06 19:38:25.195 : ===>Trainning Data:[ Train:6282  Valid:1282] Batch:4
22-02-06 19:38:29.732 : ===>Input:[4,3,107,149] output:[4,3,321,447]
22-02-06 19:38:29.790 :        DEVICE ID : cuda
22-02-06 19:38:51.344 : 

22-02-06 19:38:51.344 : #################### Trainning Resumed ####################
22-02-06 19:38:51.403 : ===>Trainning Data:[ Train:6282  Valid:1282] Batch:4
22-02-06 19:39:04.089 : 

22-02-06 19:39:04.089 : #################### Trainning Resumed ####################
22-02-06 19:39:04.159 : ===>Trainning Data:[ Train:6282  Valid:1282] Batch:4
22-02-06 19:39:07.973 : ===>Input:[4,3,184,95] output:[4,3,552,285]
22-02-06 19:39:08.029 :        DEVICE ID : cuda
