
22-01-11 15:05:14.216 : #################### Trainning Resumed ####################
22-01-11 15:05:14.812 : ===>Trainning Data:[ Train:6282  Valid:1282] Batch:8
22-01-11 15:05:29.267 : ===>Input:[8,3,244,152] output:[8,3,732,456]
22-01-11 15:05:29.379 :        DEVICE ID : cuda
22-01-11 15:05:36.414 : L1 loss function
22-01-11 15:05:36.415 : ===> TrainEpoch =0  lr = 0.0001
22-01-11 16:03:43.187 : ===> Epoch[0]: Loss_l1: 0.09090  Duration: 58.111850 min
22-01-11 16:12:38.633 : ===> Valid. psnr: 22.3014, ssim: 0.6049, loss: 0.0598
22-01-11 16:12:38.951 : ===> Checkpoint saved to checkpoints/enhance_net_checkpoints/checkpoint_base_epoch_0.pth
22-01-11 16:12:38.952 : 

22-01-11 16:12:38.952 : ===> TrainEpoch =1  lr = 0.0001
22-01-14 10:49:48.480 : 

22-01-14 10:49:48.481 : #################### Trainning Resumed ####################
22-01-14 10:49:48.746 : ===>Trainning Data:[ Train:6282  Valid:1282] Batch:8
22-01-14 10:49:55.321 : ===>Input:[8,3,256,256] output:[8,3,1024,1024]
22-01-14 10:49:55.418 :        DEVICE ID : cuda
22-01-14 10:50:01.719 : L1 loss function
22-01-14 10:50:01.721 : ===> TrainEpoch =0  lr = 0.0001
22-01-14 10:50:59.021 : 

22-01-14 10:50:59.021 : #################### Trainning Resumed ####################
22-01-14 10:50:59.545 : ===>Trainning Data:[ Train:6282  Valid:1282] Batch:8
22-01-14 10:51:07.611 : ===>Input:[8,3,256,256] output:[8,3,1024,1024]
22-01-14 10:51:07.687 :        DEVICE ID : cuda
22-01-14 10:51:11.353 : L1 loss function
22-01-14 10:51:11.354 : ===> TrainEpoch =0  lr = 0.0001
22-01-14 10:51:50.846 : 

22-01-14 10:51:50.847 : #################### Trainning Resumed ####################
22-01-14 10:51:51.116 : ===>Trainning Data:[ Train:6282  Valid:1282] Batch:8
22-01-14 10:52:00.764 : ===>Input:[8,3,190,190] output:[8,3,760,760]
22-01-14 10:52:00.827 :        DEVICE ID : cuda
22-01-14 10:52:03.764 : L1 loss function
22-01-14 10:52:03.765 : ===> TrainEpoch =0  lr = 0.0001
22-01-14 10:52:38.017 : 

22-01-14 10:52:38.017 : #################### Trainning Resumed ####################
22-01-14 10:52:38.397 : ===>Trainning Data:[ Train:6282  Valid:1282] Batch:8
22-01-14 10:52:48.981 : ===>Input:[8,3,200,200] output:[8,3,800,800]
22-01-14 10:52:49.052 :        DEVICE ID : cuda
22-01-14 10:52:52.503 : L1 loss function
22-01-14 10:52:52.505 : ===> TrainEpoch =0  lr = 0.0001
22-01-14 10:56:18.611 : 

22-01-14 10:56:18.612 : #################### Trainning Resumed ####################
22-01-14 10:56:18.769 : ===>Trainning Data:[ Train:6282  Valid:1282] Batch:8
22-01-14 10:56:24.961 : ===>Input:[8,3,174,162] output:[8,3,696,648]
22-01-14 10:56:25.041 :        DEVICE ID : cuda
22-01-14 10:57:24.873 : 

22-01-14 10:57:24.873 : #################### Trainning Resumed ####################
22-01-14 10:57:24.928 : ===>Trainning Data:[ Train:6282  Valid:1282] Batch:8
22-01-14 10:57:31.956 : ===>Input:[8,3,160,168] output:[8,3,640,672]
22-01-14 10:57:32.020 :        DEVICE ID : cuda
22-01-14 10:57:35.009 : L1 loss function
22-01-14 10:57:35.010 : ===> TrainEpoch =0  lr = 0.0001
