22-01-09 21:47:54.258 : 

22-01-09 21:47:54.258 : #################### Trainning Resumed ####################
22-01-09 21:54:30.138 : 

22-01-09 21:54:30.139 : #################### Trainning Resumed ####################
22-01-09 21:54:30.272 : ===>Trainning Data:[ Train:12858  Valid:1000] Batch:8
22-01-09 21:54:35.523 : ===>Input:[8,3,324,444] output:[8,3,324,444]
22-01-09 21:54:35.599 :        DEVICE ID : cuda
22-01-09 21:54:42.181 : L1 loss function
22-01-09 21:54:42.182 : ===> TrainEpoch =0  lr = 0.0001
22-01-09 21:58:29.411 : 

22-01-09 21:58:29.411 : #################### Trainning Resumed ####################
22-01-09 21:58:29.711 : ===>Trainning Data:[ Train:12858  Valid:1000] Batch:8
22-01-09 22:00:11.949 : 

22-01-09 22:00:11.949 : #################### Trainning Resumed ####################
22-01-09 22:00:12.012 : ===>Trainning Data:[ Train:12858  Valid:1000] Batch:8
22-01-09 22:00:17.506 : ===>Input:[8,3,388,192] output:[8,3,388,192]
22-01-09 22:00:17.556 :        DEVICE ID : cuda
22-01-09 22:00:22.417 : L1 loss function
22-01-09 22:00:22.418 : ===> TrainEpoch =0  lr = 0.0001
22-01-09 22:29:33.279 : ===> Epoch[0]: Loss_l1: 0.06788  Duration: 29.182246 min
22-01-09 22:31:35.721 : ===> Valid. psnr: 23.2780, ssim: 0.6868, loss: 0.0438
22-01-09 22:31:35.809 : ===> Checkpoint saved to checkpoints/face_net_checkpoints/checkpoint_base_epoch_0.pth
22-01-09 22:31:35.809 : 

22-01-09 22:32:30.235 : 

22-01-09 22:32:30.235 : #################### Trainning Resumed ####################
22-01-09 22:32:31.243 : ===>Trainning Data:[ Train:12858  Valid:1000] Batch:8
22-01-09 22:32:39.083 : ===>Input:[8,3,192,268] output:[8,3,192,268]
22-01-09 22:32:39.150 :        DEVICE ID : cuda
22-01-09 22:32:46.940 : L1 loss function
22-01-09 22:32:47.050 : ===> TrainEpoch =1  lr = 0.0001
22-01-09 23:02:28.998 : ===> Epoch[1]: Loss_l1: 0.03872  Duration: 29.698465 min
22-01-09 23:04:30.138 : ===> Valid. psnr: 25.5453, ssim: 0.7328, loss: 0.0333
22-01-09 23:04:30.235 : ===> Checkpoint saved to checkpoints/face_net_checkpoints/checkpoint_base_epoch_1.pth
22-01-09 23:04:30.235 : 

22-01-10 09:14:02.861 : 

22-01-10 09:14:02.862 : #################### Trainning Resumed ####################
22-01-10 09:14:14.149 : 

22-01-10 09:14:14.149 : #################### Trainning Resumed ####################
22-01-10 09:14:15.965 : ===>Trainning Data:[ Train:12858  Valid:1000] Batch:8
22-01-10 09:14:21.275 : ===>Input:[8,3,444,244] output:[8,3,444,244]
22-01-10 09:14:21.356 :        DEVICE ID : cuda
22-01-10 09:14:28.843 : L1 loss function
22-01-10 09:14:28.964 : ===> TrainEpoch =2  lr = 0.0001
22-01-10 09:43:26.870 : ===> Epoch[2]: Loss_l1: 0.03118  Duration: 28.965046 min
22-01-10 09:45:46.472 : ===> Valid. psnr: 26.5194, ssim: 0.7591, loss: 0.0287
22-01-10 09:45:46.579 : ===> Checkpoint saved to checkpoints/face_net_checkpoints/checkpoint_base_epoch_2.pth
22-01-10 09:45:46.579 : 

22-01-10 09:56:24.083 : 

22-01-10 09:56:24.083 : #################### Trainning Resumed ####################
22-01-10 09:56:24.686 : ===>Trainning Data:[ Train:12858  Valid:1000] Batch:8
22-01-10 09:56:32.955 : ===>Input:[8,3,460,372] output:[8,3,460,372]
22-01-10 09:56:33.022 :        DEVICE ID : cuda
22-01-10 09:56:40.596 : L1 loss function
22-01-10 09:56:40.703 : ===> TrainEpoch =3  lr = 0.0001
22-01-10 10:27:25.231 : ===> Epoch[3]: Loss_l1: 0.02910  Duration: 30.742612 min
22-01-10 10:29:46.735 : ===> Valid. psnr: 26.6344, ssim: 0.7699, loss: 0.0282
22-01-10 10:29:46.817 : ===> Checkpoint saved to checkpoints/face_net_checkpoints/checkpoint_base_epoch_3.pth
22-01-10 10:29:46.817 : 

22-01-10 10:42:34.279 : 

22-01-10 10:42:34.280 : #################### Trainning Resumed ####################
22-01-10 10:42:36.370 : ===>Trainning Data:[ Train:12858  Valid:1000] Batch:8
22-01-10 10:42:38.351 : ===>Input:[8,3,188,388] output:[8,3,188,388]
22-01-10 10:42:38.431 :        DEVICE ID : cuda
22-01-10 10:42:46.072 : L1 loss function
22-01-10 10:42:46.174 : ===> TrainEpoch =4  lr = 0.0001
22-01-10 11:12:42.237 : ===> Epoch[4]: Loss_l1: 0.02763  Duration: 29.933640 min
22-01-10 11:14:25.504 : ===> Valid. psnr: 26.8774, ssim: 0.7865, loss: 0.0292
22-01-10 11:14:25.586 : ===> Checkpoint saved to checkpoints/face_net_checkpoints/checkpoint_base_epoch_4.pth
22-01-10 11:14:25.586 : 

22-01-10 13:58:30.494 : 

22-01-10 13:58:30.494 : #################### Trainning Resumed ####################
22-01-10 13:58:33.343 : ===>Trainning Data:[ Train:12858  Valid:1000] Batch:8
22-01-10 13:58:39.708 : ===>Input:[8,3,308,308] output:[8,3,308,308]
22-01-10 13:58:39.778 :        DEVICE ID : cuda
22-01-10 13:58:47.326 : L1 loss function
22-01-10 13:58:47.433 : ===> TrainEpoch =5  lr = 0.0001
22-01-10 14:00:29.755 : 

22-01-10 14:00:29.755 : #################### Trainning Resumed ####################
22-01-10 14:00:29.815 : ===>Trainning Data:[ Train:12858  Valid:1000] Batch:8
22-01-10 14:00:37.958 : ===>Input:[8,3,380,380] output:[8,3,380,380]
22-01-10 14:00:38.022 :        DEVICE ID : cuda
22-01-10 14:00:41.929 : L1 loss function
22-01-10 14:01:49.892 : 

22-01-10 14:01:49.893 : #################### Trainning Resumed ####################
22-01-10 14:01:49.960 : ===>Trainning Data:[ Train:12858  Valid:1000] Batch:8
22-01-10 14:01:56.178 : ===>Input:[8,3,400,400] output:[8,3,400,400]
22-01-10 14:01:56.232 :        DEVICE ID : cuda
22-01-10 14:02:00.119 : L1 loss function
22-01-10 14:02:00.237 : ===> TrainEpoch =5  lr = 0.0001
22-01-10 14:32:03.254 : ===> Epoch[5]: Loss_l1: 0.02876  Duration: 30.050238 min
22-01-10 14:34:25.507 : ===> Valid. psnr: 26.9146, ssim: 0.7870, loss: 0.0279
22-01-10 14:34:25.593 : ===> Checkpoint saved to checkpoints/face_net_checkpoints/checkpoint_base_epoch_5.pth
22-01-10 14:34:25.593 : 

22-01-10 14:34:25.594 : ===> TrainEpoch =6  lr = 0.0001
22-01-10 15:03:06.449 : ===> Epoch[6]: Loss_l1: 0.02778  Duration: 28.681165 min
22-01-10 15:05:06.460 : ===> Valid. psnr: 27.2426, ssim: 0.7991, loss: 0.0268
22-01-10 15:05:06.531 : ===> Checkpoint saved to checkpoints/face_net_checkpoints/checkpoint_base_epoch_6.pth
22-01-10 15:05:06.531 : 

22-01-10 18:24:30.164 : 

22-01-10 18:24:30.165 : #################### Trainning Resumed ####################
22-01-10 18:24:31.826 : ===>Trainning Data:[ Train:12858  Valid:1000] Batch:8
22-01-10 18:24:34.104 : ===>Input:[8,3,208,208] output:[8,3,208,208]
22-01-10 18:24:34.171 :        DEVICE ID : cuda
22-01-10 18:24:41.641 : L1 loss function
22-01-10 18:24:41.748 : ===> TrainEpoch =7  lr = 0.0001
22-01-10 18:53:24.739 : ===> Epoch[7]: Loss_l1: 0.02682  Duration: 28.715373 min
22-01-10 18:55:40.497 : ===> Valid. psnr: 27.3628, ssim: 0.8051, loss: 0.0258
22-01-10 18:55:40.570 : ===> Checkpoint saved to checkpoints/face_net_checkpoints/checkpoint_base_epoch_7.pth
22-01-10 18:55:40.570 : 

22-01-10 18:55:40.570 : ===> TrainEpoch =8  lr = 0.0001
22-01-10 19:22:25.394 : ===> Epoch[8]: Loss_l1: 0.02618  Duration: 26.747665 min
22-01-10 19:24:13.853 : ===> Valid. psnr: 27.4779, ssim: 0.8135, loss: 0.0259
22-01-10 19:24:13.930 : ===> Checkpoint saved to checkpoints/face_net_checkpoints/checkpoint_base_epoch_8.pth
22-01-10 19:24:13.930 : 

22-01-10 19:32:31.945 : 

22-01-10 19:32:31.946 : #################### Trainning Resumed ####################
22-01-10 19:32:32.500 : ===>Trainning Data:[ Train:12858  Valid:1000] Batch:8
22-01-10 19:32:39.117 : ===>Input:[8,3,368,368] output:[8,3,368,368]
22-01-10 19:32:39.190 :        DEVICE ID : cuda
22-01-10 19:32:46.640 : L1 loss function
22-01-10 19:32:46.739 : ===> TrainEpoch =9  lr = 0.0001
22-01-10 20:01:00.573 : ===> Epoch[9]: Loss_l1: 0.02538  Duration: 28.230915 min
22-01-10 20:03:00.940 : ===> Valid. psnr: 27.8843, ssim: 0.8202, loss: 0.0243
22-01-10 20:03:01.011 : ===> Checkpoint saved to checkpoints/face_net_checkpoints/checkpoint_base_epoch_9.pth
22-01-10 20:03:01.011 : 

22-01-10 20:03:01.012 : ===> TrainEpoch =10  lr = 0.0001
22-01-10 20:31:37.552 : ===> Epoch[10]: Loss_l1: 0.02501  Duration: 28.609460 min
22-01-10 20:33:42.244 : ===> Valid. psnr: 27.9221, ssim: 0.8255, loss: 0.0249
22-01-10 20:33:42.318 : ===> Checkpoint saved to checkpoints/face_net_checkpoints/checkpoint_base_epoch_10.pth
22-01-10 20:33:42.318 : 

22-01-10 20:37:41.225 : 

22-01-10 20:37:41.225 : #################### Trainning Resumed ####################
22-01-10 20:37:41.826 : ===>Trainning Data:[ Train:12858  Valid:1000] Batch:8
22-01-10 20:37:49.910 : ===>Input:[8,3,324,324] output:[8,3,324,324]
22-01-10 20:37:49.987 :        DEVICE ID : cuda
22-01-10 20:37:57.694 : L1 loss function
22-01-10 20:37:57.801 : ===> TrainEpoch =11  lr = 0.0001
22-01-10 21:06:04.114 : ===> Epoch[11]: Loss_l1: 0.02449  Duration: 28.105625 min
22-01-10 21:08:07.798 : ===> Valid. psnr: 27.8199, ssim: 0.8286, loss: 0.0263
22-01-10 21:08:07.870 : ===> Checkpoint saved to checkpoints/face_net_checkpoints/checkpoint_base_epoch_11.pth
22-01-10 21:08:07.870 : 

22-01-10 21:08:07.871 : ===> TrainEpoch =12  lr = 0.0001
22-01-10 21:35:47.991 : ===> Epoch[12]: Loss_l1: 0.02395  Duration: 27.669398 min
22-01-10 21:37:48.661 : ===> Valid. psnr: 28.1249, ssim: 0.8319, loss: 0.0236
22-01-10 21:37:48.732 : ===> Checkpoint saved to checkpoints/face_net_checkpoints/checkpoint_base_epoch_12.pth
22-01-10 21:37:48.732 : 

