22-03-28 13:41:48.343 : 

22-03-28 13:41:48.344 : #################### Trainning Resumed ####################
22-03-28 13:41:58.197 : 

22-03-28 13:41:58.197 : #################### Trainning Resumed ####################
22-03-28 13:42:07.542 : 

22-03-28 13:42:07.542 : #################### Trainning Resumed ####################
22-03-28 13:43:14.249 : 

22-03-28 13:43:14.249 : #################### Trainning Resumed ####################
22-03-28 13:43:21.850 : 

22-03-28 13:43:21.850 : #################### Trainning Resumed ####################
22-03-28 13:45:00.285 : 

22-03-28 13:45:00.285 : #################### Trainning Resumed ####################
22-03-28 13:46:05.471 : 

22-03-28 13:46:05.471 : #################### Trainning Resumed ####################
22-03-28 13:46:32.478 : 

22-03-28 13:46:32.478 : #################### Trainning Resumed ####################
22-03-28 13:46:32.676 : ===>Trainning Data:[ Train:12425  Valid:2425] Batch:8
22-03-28 13:48:05.956 : 

22-03-28 13:48:05.956 : #################### Trainning Resumed ####################
22-03-28 13:48:06.019 : ===>Trainning Data:[ Train:12425  Valid:2425] Batch:8
22-03-28 13:48:43.741 : 

22-03-28 13:48:43.741 : #################### Trainning Resumed ####################
22-03-28 13:48:44.015 : ===>Trainning Data:[ Train:12425  Valid:2425] Batch:8
22-03-28 13:51:41.920 : 

22-03-28 13:51:41.920 : #################### Trainning Resumed ####################
22-03-28 13:51:41.974 : ===>Trainning Data:[ Train:12425  Valid:2425] Batch:8
22-03-28 13:52:31.463 : 

22-03-28 13:52:31.464 : #################### Trainning Resumed ####################
22-03-28 13:52:31.606 : ===>Trainning Data:[ Train:12425  Valid:2425] Batch:8
22-03-28 13:52:56.419 : 

22-03-28 13:52:56.420 : #################### Trainning Resumed ####################
22-03-28 13:52:56.559 : ===>Trainning Data:[ Train:12425  Valid:2425] Batch:8
22-03-28 13:53:04.130 : ===>Input:[8,3,440,440] output:[8,3,440,440]
22-03-28 13:53:04.233 :        DEVICE ID : cuda
22-03-28 13:53:10.638 : L1 loss function
22-03-28 13:53:10.640 : ===> TrainEpoch =0  lr = 0.0002
22-03-28 13:53:45.347 : 

22-03-28 13:53:45.347 : #################### Trainning Resumed ####################
22-03-28 13:53:46.045 : ===>Trainning Data:[ Train:12425  Valid:2425] Batch:8
22-03-28 14:03:51.063 : 

22-03-28 14:03:51.063 : #################### Trainning Resumed ####################
22-03-28 14:03:51.124 : ===>Trainning Data:[ Train:12425  Valid:2425] Batch:8
22-03-28 14:03:58.334 : ===>Input:[8,3,440,440] output:[8,3,440,440]
22-03-28 14:03:58.434 :        DEVICE ID : cuda
22-03-28 14:04:01.565 : L1 loss function
22-03-28 14:04:01.566 : ===> TrainEpoch =0  lr = 0.0002
22-03-28 14:18:52.782 : 

22-03-28 14:18:52.783 : #################### Trainning Resumed ####################
22-03-28 14:18:53.211 : ===>Trainning Data:[ Train:12425  Valid:2425] Batch:8
22-03-28 14:20:25.506 : 

22-03-28 14:20:25.506 : #################### Trainning Resumed ####################
22-03-28 14:20:25.561 : ===>Trainning Data:[ Train:12425  Valid:2425] Batch:8
22-03-28 14:20:31.615 : ===>Input:[8,3,440,440] output:[8,3,440,440]
22-03-28 14:20:31.717 :        DEVICE ID : cuda
22-03-28 14:20:34.507 : L1 loss function
22-03-28 14:20:34.508 : ===> TrainEpoch =0  lr = 0.0002
22-03-28 14:23:38.707 : 

22-03-28 14:23:38.708 : #################### Trainning Resumed ####################
22-03-28 14:23:39.421 : ===>Trainning Data:[ Train:12425  Valid:2425] Batch:12
22-03-28 14:23:50.489 : ===>Input:[12,3,440,440] output:[12,3,440,440]
22-03-28 14:23:50.590 :        DEVICE ID : cuda
22-03-28 14:23:55.606 : L1 loss function
22-03-28 14:23:55.608 : ===> TrainEpoch =0  lr = 0.0002
22-03-28 14:25:01.420 : 

22-03-28 14:25:01.420 : #################### Trainning Resumed ####################
22-03-28 14:25:02.127 : ===>Trainning Data:[ Train:12425  Valid:2425] Batch:8
22-03-28 14:25:08.455 : ===>Input:[8,3,464,464] output:[8,3,464,464]
22-03-28 14:25:08.524 :        DEVICE ID : cuda
22-03-28 14:25:11.036 : L1 loss function
22-03-28 14:25:11.037 : ===> TrainEpoch =0  lr = 0.0002
22-03-28 14:25:47.815 : 

22-03-28 14:25:47.816 : #################### Trainning Resumed ####################
22-03-28 14:25:47.872 : ===>Trainning Data:[ Train:12425  Valid:2425] Batch:8
22-03-28 14:25:53.532 : ===>Input:[8,3,500,500] output:[8,3,500,500]
22-03-28 14:25:53.593 :        DEVICE ID : cuda
22-03-28 14:25:57.705 : L1 loss function
22-03-28 14:25:57.707 : ===> TrainEpoch =0  lr = 0.0002
22-03-28 14:26:28.037 : 

22-03-28 14:26:28.037 : #################### Trainning Resumed ####################
22-03-28 14:26:28.693 : ===>Trainning Data:[ Train:12425  Valid:2425] Batch:8
22-03-28 14:26:33.685 : ===>Input:[8,3,500,500] output:[8,3,500,500]
22-03-28 14:26:33.744 :        DEVICE ID : cuda
22-03-28 14:26:36.258 : L1 loss function
22-03-28 14:26:36.260 : ===> TrainEpoch =0  lr = 0.0002
22-03-28 14:27:21.419 : 

22-03-28 14:27:21.420 : #################### Trainning Resumed ####################
22-03-28 14:27:21.476 : ===>Trainning Data:[ Train:12425  Valid:2425] Batch:8
22-03-28 14:27:27.068 : ===>Input:[8,3,500,500] output:[8,3,500,500]
22-03-28 14:27:27.134 :        DEVICE ID : cuda
22-03-28 14:27:29.605 : L1 loss function
22-03-28 14:27:29.607 : ===> TrainEpoch =0  lr = 0.0002
22-03-28 14:40:17.437 : 

22-03-28 14:40:17.437 : #################### Trainning Resumed ####################
22-03-28 14:40:17.632 : ===>Trainning Data:[ Train:12425  Valid:2425] Batch:8
22-03-28 14:40:31.603 : 

22-03-28 14:40:31.603 : #################### Trainning Resumed ####################
22-03-28 14:40:31.660 : ===>Trainning Data:[ Train:12425  Valid:2425] Batch:8
22-03-28 14:49:47.054 : 

22-03-28 14:49:47.054 : #################### Trainning Resumed ####################
22-03-28 14:49:47.110 : ===>Trainning Data:[ Train:12425  Valid:2425] Batch:8
22-03-28 14:49:55.181 : ===>Input:[8,3,500,500] output:[8,3,500,500]
22-03-28 14:49:55.254 :        DEVICE ID : cuda
22-03-28 14:49:57.725 : L1 loss function
22-03-28 14:49:57.726 : ===> TrainEpoch =0  lr = 0.0002
22-03-28 14:52:06.978 : 

22-03-28 14:52:06.978 : #################### Trainning Resumed ####################
22-03-28 14:52:07.706 : ===>Trainning Data:[ Train:12425  Valid:2425] Batch:8
22-03-28 14:52:12.610 : ===>Input:[8,3,500,500] output:[8,3,500,500]
22-03-28 14:52:12.676 :        DEVICE ID : cuda
22-03-28 14:52:15.282 : L1 loss function
22-03-28 14:52:15.283 : ===> TrainEpoch =0  lr = 0.0002
22-03-28 14:55:43.234 : 

22-03-28 14:55:43.235 : #################### Trainning Resumed ####################
22-03-28 14:55:43.628 : ===>Trainning Data:[ Train:12425  Valid:2425] Batch:8
22-03-28 14:55:48.032 : ===>Input:[8,3,500,500] output:[8,3,500,500]
22-03-28 14:55:48.101 :        DEVICE ID : cuda
22-03-28 14:55:50.546 : L1 loss function
22-03-28 14:55:50.547 : ===> TrainEpoch =0  lr = 0.0002
22-03-28 14:57:42.635 : 

22-03-28 14:57:42.636 : #################### Trainning Resumed ####################
22-03-28 14:57:42.894 : ===>Trainning Data:[ Train:12425  Valid:2425] Batch:8
22-03-28 15:01:24.444 : 

22-03-28 15:01:24.444 : #################### Trainning Resumed ####################
22-03-28 15:01:24.500 : ===>Trainning Data:[ Train:12425  Valid:2425] Batch:8
22-03-28 15:03:20.866 : 

22-03-28 15:03:20.866 : #################### Trainning Resumed ####################
22-03-28 15:03:20.922 : ===>Trainning Data:[ Train:12425  Valid:2425] Batch:8
22-03-28 15:04:46.119 : 

22-03-28 15:04:46.120 : #################### Trainning Resumed ####################
22-03-28 15:04:46.175 : ===>Trainning Data:[ Train:12425  Valid:2425] Batch:8
22-03-28 15:06:41.426 : 

22-03-28 15:06:41.427 : #################### Trainning Resumed ####################
22-03-28 15:06:41.482 : ===>Trainning Data:[ Train:12425  Valid:2425] Batch:8
22-03-28 15:06:49.910 : ===>Input:[8,3,256,656] output:[8,3,256,656]
22-03-28 15:06:50.000 :        DEVICE ID : cuda
22-03-28 15:06:55.099 : L1 loss function
22-03-28 15:06:55.100 : ===> TrainEpoch =0  lr = 0.0002
22-03-28 15:13:47.737 : 

22-03-28 15:13:47.738 : #################### Trainning Resumed ####################
22-03-28 15:13:48.337 : ===>Trainning Data:[ Train:12425  Valid:2425] Batch:8
22-03-28 15:13:54.947 : ===>Input:[8,3,684,340] output:[8,3,684,340]
22-03-28 15:13:56.396 :        DEVICE ID : cuda
22-03-28 15:14:04.005 : L1 loss function
22-03-28 15:14:04.006 : ===> TrainEpoch =0  lr = 0.0002
22-03-28 15:18:11.511 : 

22-03-28 15:18:11.511 : #################### Trainning Resumed ####################
22-03-28 15:18:11.927 : ===>Trainning Data:[ Train:12425  Valid:2425] Batch:8
22-03-28 15:18:20.590 : ===>Input:[8,3,540,292] output:[8,3,540,292]
22-03-28 15:18:20.660 :        DEVICE ID : cuda
22-03-28 15:18:23.014 : L1 loss function
22-03-28 15:18:23.016 : ===> TrainEpoch =0  lr = 0.0002
22-03-28 15:20:31.545 : 

22-03-28 15:20:31.545 : #################### Trainning Resumed ####################
22-03-28 15:20:31.926 : ===>Trainning Data:[ Train:12425  Valid:2425] Batch:8
22-03-28 15:20:37.805 : ===>Input:[8,3,364,312] output:[8,3,364,312]
22-03-28 15:20:37.863 :        DEVICE ID : cuda
22-03-28 15:20:40.172 : L1 loss function
22-03-28 15:20:40.173 : ===> TrainEpoch =0  lr = 0.0002
22-03-28 15:21:58.584 : 

22-03-28 15:21:58.585 : #################### Trainning Resumed ####################
22-03-28 15:21:58.869 : ===>Trainning Data:[ Train:12425  Valid:2425] Batch:8
22-03-28 15:22:05.934 : ===>Input:[8,3,320,400] output:[8,3,320,400]
22-03-28 15:22:05.995 :        DEVICE ID : cuda
22-03-28 15:22:08.546 : L1 loss function
22-03-28 15:22:08.547 : ===> TrainEpoch =0  lr = 0.0002
22-03-28 15:22:37.542 : 

22-03-28 15:22:37.542 : #################### Trainning Resumed ####################
22-03-28 15:22:37.708 : ===>Trainning Data:[ Train:12425  Valid:2425] Batch:8
22-03-28 15:22:44.778 : ===>Input:[8,3,552,392] output:[8,3,552,392]
22-03-28 15:22:44.839 :        DEVICE ID : cuda
22-03-28 15:22:47.143 : L1 loss function
22-03-28 15:22:47.144 : ===> TrainEpoch =0  lr = 0.0002
22-03-28 15:35:16.259 : 

22-03-28 15:35:16.260 : #################### Trainning Resumed ####################
22-03-28 15:35:16.956 : ===>Trainning Data:[ Train:12425  Valid:2425] Batch:8
22-03-28 15:35:23.789 : ===>Input:[8,3,456,428] output:[8,3,456,428]
22-03-28 15:35:23.859 :        DEVICE ID : cuda
22-03-28 15:35:26.251 : L1 loss function
22-03-28 15:35:26.252 : ===> TrainEpoch =0  lr = 0.0002
22-03-28 15:36:14.011 : 

22-03-28 15:36:14.011 : #################### Trainning Resumed ####################
22-03-28 15:36:14.587 : ===>Trainning Data:[ Train:12425  Valid:2425] Batch:8
22-03-28 15:36:19.037 : ===>Input:[8,3,444,412] output:[8,3,444,412]
22-03-28 15:36:19.122 :        DEVICE ID : cuda
22-03-28 15:36:22.673 : L1 loss function
22-03-28 15:36:22.674 : ===> TrainEpoch =0  lr = 0.0002
