22-01-20 18:39:26.359 : 

22-01-20 18:39:26.359 : #################### Trainning Resumed ####################
22-01-20 18:39:26.854 : ===>Trainning Data:[ Train:10000  Valid:1000] Batch:8
22-01-20 18:39:32.164 : ===>Input:[8,3,256,256] output:[8,3,256,256]
22-01-20 18:39:32.327 :        DEVICE ID : cuda
22-01-20 18:39:38.816 : L1 loss function
22-01-20 18:39:38.818 : ===> TrainEpoch =0  lr = 0.0001
22-01-20 18:41:24.511 : 

22-01-20 18:41:24.511 : #################### Trainning Resumed ####################
22-01-20 18:41:24.940 : ===>Trainning Data:[ Train:10000  Valid:1000] Batch:8
22-01-20 18:41:29.021 : ===>Input:[8,3,256,256] output:[8,3,256,256]
22-01-20 18:41:29.143 :        DEVICE ID : cuda
22-01-20 18:41:32.076 : L1 loss function
22-01-20 18:41:32.078 : ===> TrainEpoch =0  lr = 0.0001
22-01-20 18:42:06.603 : 

22-01-20 18:42:06.603 : #################### Trainning Resumed ####################
22-01-20 18:42:06.908 : ===>Trainning Data:[ Train:10000  Valid:1000] Batch:8
22-01-20 18:42:11.010 : ===>Input:[8,3,200,200] output:[8,3,200,200]
22-01-20 18:42:11.131 :        DEVICE ID : cuda
22-01-20 18:42:13.966 : L1 loss function
22-01-20 18:42:13.968 : ===> TrainEpoch =0  lr = 0.0001
22-01-20 19:21:29.683 : 

22-01-20 19:21:29.683 : #################### Trainning Resumed ####################
22-01-20 19:21:30.179 : ===>Trainning Data:[ Train:10000  Valid:1000] Batch:8
22-01-20 19:21:35.362 : ===>Input:[8,3,200,200] output:[8,3,200,200]
22-01-20 19:21:35.522 :        DEVICE ID : cuda
22-01-20 19:21:44.970 : L1 loss function
22-01-20 19:21:44.972 : ===> TrainEpoch =0  lr = 0.0001
22-01-20 20:01:54.567 : ===> Epoch[0]: Loss_l1: 0.08476  Duration: 40.155975 min
22-01-20 20:04:28.616 : ===> Valid. psnr: 20.2708, ssim: 0.6884, loss: 0.0721
22-01-20 20:04:28.904 : ===> Checkpoint saved to checkpoints/anime_net_checkpoints/anime_net_4/checkpoint_base_epoch_0.pth
22-01-20 20:04:28.905 : 

22-01-20 20:04:28.906 : ===> TrainEpoch =1  lr = 0.0001
22-01-20 20:44:38.334 : ===> Epoch[1]: Loss_l1: 0.06879  Duration: 40.154550 min
22-01-20 20:47:11.592 : ===> Valid. psnr: 20.8086, ssim: 0.7092, loss: 0.0661
22-01-20 20:47:11.815 : ===> Checkpoint saved to checkpoints/anime_net_checkpoints/anime_net_4/checkpoint_base_epoch_1.pth
22-01-20 20:47:11.816 : 

22-01-21 09:27:56.503 : 

22-01-21 09:27:56.504 : #################### Trainning Resumed ####################
22-01-21 09:28:10.107 : 

22-01-21 09:28:10.107 : #################### Trainning Resumed ####################
22-01-21 09:28:10.518 : ===>Trainning Data:[ Train:10000  Valid:1000] Batch:8
22-01-21 09:28:14.499 : ===>Input:[8,3,200,200] output:[8,3,200,200]
22-01-21 09:28:14.661 :        DEVICE ID : cuda
22-01-21 09:28:20.409 : L1 loss function
22-01-21 09:49:26.763 : 

22-01-21 09:49:26.763 : #################### Trainning Resumed ####################
22-01-21 09:49:26.841 : ===>Trainning Data:[ Train:10000  Valid:1000] Batch:8
22-01-21 09:49:30.938 : ===>Input:[8,3,200,200] output:[8,3,200,200]
22-01-21 09:49:31.055 :        DEVICE ID : cuda
22-01-21 09:49:33.746 : L1 loss function
22-01-21 09:49:34.245 : ===> TrainEpoch =2  lr = 0.0001
22-01-21 10:27:33.327 : ===> Epoch[2]: Loss_l1: 0.06289  Duration: 37.984842 min
22-01-21 10:30:04.894 : ===> Valid. psnr: 21.5899, ssim: 0.7214, loss: 0.0608
22-01-21 10:30:05.176 : ===> Checkpoint saved to checkpoints/anime_net_checkpoints/anime_net_4/checkpoint_base_epoch_2.pth
22-01-21 10:30:05.176 : 

22-01-21 10:30:05.177 : ===> TrainEpoch =3  lr = 0.0001
22-01-21 11:07:55.210 : ===> Epoch[3]: Loss_l1: 0.05963  Duration: 37.834142 min
22-01-21 11:10:21.897 : ===> Valid. psnr: 21.8430, ssim: 0.7297, loss: 0.0579
22-01-21 11:10:22.135 : ===> Checkpoint saved to checkpoints/anime_net_checkpoints/anime_net_4/checkpoint_base_epoch_3.pth
22-01-21 11:10:22.136 : 

22-01-21 11:10:22.137 : ===> TrainEpoch =4  lr = 0.0001
22-01-21 11:49:56.508 : ===> Epoch[4]: Loss_l1: 0.05741  Duration: 39.573592 min
22-01-21 11:52:22.432 : ===> Valid. psnr: 22.0410, ssim: 0.7362, loss: 0.0570
22-01-21 11:52:22.681 : ===> Checkpoint saved to checkpoints/anime_net_checkpoints/anime_net_4/checkpoint_base_epoch_4.pth
22-01-21 11:52:22.681 : 

22-01-21 11:53:04.714 : 

22-01-21 11:53:04.714 : #################### Trainning Resumed ####################
22-01-21 11:53:05.244 : ===>Trainning Data:[ Train:10000  Valid:1000] Batch:8
22-01-21 11:53:09.167 : ===>Input:[8,3,200,200] output:[8,3,200,200]
22-01-21 11:53:09.333 :        DEVICE ID : cuda
22-01-21 11:53:15.511 : L1 loss function
22-01-21 11:53:15.974 : ===> TrainEpoch =5  lr = 0.0001
22-01-21 12:05:21.259 : 

22-01-21 12:05:21.259 : #################### Trainning Resumed ####################
22-01-21 12:05:21.747 : ===>Trainning Data:[ Train:10000  Valid:1000] Batch:8
22-01-21 12:05:27.296 : ===>Input:[8,3,200,200] output:[8,3,200,200]
22-01-21 12:05:27.435 :        DEVICE ID : cuda
22-01-21 12:05:33.833 : L1 loss function
22-01-21 12:05:34.323 : ===> TrainEpoch =5  lr = 0.0001
22-01-21 12:08:11.940 : ===> Valid. psnr: 22.0410, ssim: 0.7362, loss: 0.0570
22-01-21 12:08:12.036 : ===> Checkpoint saved to checkpoints/anime_net_checkpoints/anime_net_4/checkpoint_base_epoch_5.pth
22-01-21 12:08:12.036 : 

22-01-21 12:08:12.037 : ===> TrainEpoch =6  lr = 0.0001
22-01-21 12:10:29.847 : ===> Valid. psnr: 22.0410, ssim: 0.7362, loss: 0.0570
22-01-21 12:10:29.921 : ===> Checkpoint saved to checkpoints/anime_net_checkpoints/anime_net_4/checkpoint_base_epoch_6.pth
22-01-21 12:10:29.921 : 

22-01-21 12:10:29.923 : ===> TrainEpoch =7  lr = 0.0001
22-01-21 12:12:43.978 : ===> Valid. psnr: 22.0410, ssim: 0.7362, loss: 0.0570
22-01-21 12:12:44.052 : ===> Checkpoint saved to checkpoints/anime_net_checkpoints/anime_net_4/checkpoint_base_epoch_7.pth
22-01-21 12:12:44.052 : 

22-01-21 12:14:28.193 : 

22-01-21 12:14:28.193 : #################### Trainning Resumed ####################
22-01-21 12:14:29.005 : ===>Trainning Data:[ Train:10000  Valid:1000] Batch:8
22-01-21 12:14:35.000 : ===>Input:[8,3,200,200] output:[8,3,200,200]
22-01-21 12:14:35.155 :        DEVICE ID : cuda
22-01-21 12:14:41.499 : L1 loss function
22-01-21 12:14:42.005 : ===> TrainEpoch =5  lr = 0.0001
22-01-21 12:17:07.576 : ===> Valid. psnr: 22.0410, ssim: 0.7362, loss: 0.0570
22-01-21 12:17:07.685 : ===> Checkpoint saved to checkpoints/anime_net_checkpoints/anime_net_4/checkpoint_base_epoch_5.pth
22-01-21 12:17:07.685 : 

22-01-21 12:39:34.444 : 

22-01-21 12:39:34.445 : #################### Trainning Resumed ####################
22-01-21 12:39:35.282 : ===>Trainning Data:[ Train:10000  Valid:1000] Batch:8
22-01-21 12:39:41.819 : ===>Input:[8,3,200,200] output:[8,3,200,200]
22-01-21 12:39:41.945 :        DEVICE ID : cuda
22-01-21 12:39:44.875 : L1 loss function
22-01-21 12:39:45.336 : ===> TrainEpoch =5  lr = 0.0001
22-01-21 13:42:52.979 : ===> Epoch[5]: Loss_l1: 0.05552  Duration: 63.136083 min
22-01-21 13:45:12.900 : ===> Valid. psnr: 22.3881, ssim: 0.7437, loss: 0.0541
22-01-21 13:45:13.412 : ===> Checkpoint saved to checkpoints/anime_net_checkpoints/anime_net_4/checkpoint_base_epoch_5.pth
22-01-21 13:45:13.413 : 

22-01-21 13:45:13.423 : ===> TrainEpoch =6  lr = 0.0001
22-01-21 13:51:13.817 : 

22-01-21 13:51:13.818 : #################### Trainning Resumed ####################
22-01-21 13:51:14.355 : ===>Trainning Data:[ Train:10000  Valid:1000] Batch:8
22-01-21 13:51:18.865 : ===>Input:[8,3,200,200] output:[8,3,200,200]
22-01-21 13:51:19.029 :        DEVICE ID : cuda
22-01-21 13:51:25.348 : L1 loss function
22-01-21 13:51:25.799 : ===> TrainEpoch =6  lr = 0.0001
22-01-21 13:52:55.491 : 

22-01-21 13:52:55.491 : #################### Trainning Resumed ####################
22-01-21 13:52:55.926 : ===>Trainning Data:[ Train:10000  Valid:1000] Batch:8
22-01-21 13:52:59.382 : ===>Input:[8,3,200,200] output:[8,3,200,200]
22-01-21 13:52:59.508 :        DEVICE ID : cuda
22-01-21 13:53:02.317 : L1 loss function
22-01-21 13:53:02.787 : ===> TrainEpoch =6  lr = 0.0001
22-01-21 13:53:25.121 : 

22-01-21 13:53:25.122 : #################### Trainning Resumed ####################
22-01-21 13:53:25.630 : ===>Trainning Data:[ Train:10000  Valid:1000] Batch:8
22-01-21 13:53:32.039 : ===>Input:[8,3,200,200] output:[8,3,200,200]
22-01-21 13:53:32.159 :        DEVICE ID : cuda
22-01-21 13:53:35.119 : L1 loss function
22-01-21 13:53:35.267 : ===> TrainEpoch =6  lr = 0.0001
22-01-21 14:15:29.465 : 

22-01-21 14:15:29.465 : #################### Trainning Resumed ####################
22-01-21 14:15:30.012 : ===>Trainning Data:[ Train:10000  Valid:1000] Batch:8
22-01-21 14:15:35.735 : ===>Input:[8,3,200,200] output:[8,3,200,200]
22-01-21 14:15:35.898 :        DEVICE ID : cuda
22-01-21 14:15:42.355 : L1 loss function
22-01-21 14:15:42.839 : ===> TrainEpoch =6  lr = 0.0001
22-01-21 14:16:30.910 : 

22-01-21 14:16:30.910 : #################### Trainning Resumed ####################
22-01-21 14:16:31.311 : ===>Trainning Data:[ Train:10000  Valid:1000] Batch:8
22-01-21 14:16:36.199 : ===>Input:[8,3,200,200] output:[8,3,200,200]
22-01-21 14:16:36.322 :        DEVICE ID : cuda
22-01-21 14:16:39.250 : L1 loss function
22-01-21 14:16:39.709 : ===> TrainEpoch =6  lr = 0.0001
22-01-21 14:19:17.405 : 

22-01-21 14:19:17.405 : #################### Trainning Resumed ####################
22-01-21 14:19:17.929 : ===>Trainning Data:[ Train:10000  Valid:1000] Batch:8
22-01-21 14:19:24.370 : ===>Input:[8,3,200,200] output:[8,3,200,200]
22-01-21 14:19:24.499 :        DEVICE ID : cuda
22-01-21 14:19:27.563 : L1 loss function
22-01-21 14:19:28.011 : ===> TrainEpoch =6  lr = 0.0001
22-01-21 14:20:23.060 : 

22-01-21 14:20:23.060 : #################### Trainning Resumed ####################
22-01-21 14:20:23.385 : ===>Trainning Data:[ Train:10000  Valid:1000] Batch:8
22-01-21 14:20:27.535 : ===>Input:[8,3,200,200] output:[8,3,200,200]
22-01-21 14:20:27.663 :        DEVICE ID : cuda
22-01-21 14:20:30.600 : L1 loss function
22-01-21 14:20:30.764 : ===> TrainEpoch =6  lr = 0.0001
22-01-21 14:21:08.987 : 

22-01-21 14:21:08.987 : #################### Trainning Resumed ####################
22-01-21 14:21:09.408 : ===>Trainning Data:[ Train:10000  Valid:1000] Batch:8
22-01-21 14:21:13.413 : ===>Input:[8,3,200,200] output:[8,3,200,200]
22-01-21 14:21:13.542 :        DEVICE ID : cuda
22-01-21 14:21:16.480 : L1 loss function
22-01-21 14:21:16.919 : ===> TrainEpoch =6  lr = 0.0001
22-01-21 14:21:45.013 : 

22-01-21 14:21:45.013 : #################### Trainning Resumed ####################
22-01-21 14:21:45.436 : ===>Trainning Data:[ Train:10000  Valid:1000] Batch:8
22-01-21 14:21:49.341 : ===>Input:[8,3,200,200] output:[8,3,200,200]
22-01-21 14:21:49.462 :        DEVICE ID : cuda
22-01-21 14:21:52.393 : L1 loss function
22-01-21 14:21:52.870 : ===> TrainEpoch =6  lr = 0.0001
22-01-21 14:22:30.541 : 

22-01-21 14:22:30.541 : #################### Trainning Resumed ####################
22-01-21 14:22:30.772 : ===>Trainning Data:[ Train:10000  Valid:1000] Batch:8
22-01-21 14:22:34.901 : ===>Input:[8,3,200,200] output:[8,3,200,200]
22-01-21 14:22:35.021 :        DEVICE ID : cuda
22-01-21 14:22:37.898 : L1 loss function
22-01-21 14:22:37.906 : ===> TrainEpoch =0  lr = 0.0001
22-01-21 14:23:09.520 : 

22-01-21 14:23:09.520 : #################### Trainning Resumed ####################
22-01-21 14:23:09.948 : ===>Trainning Data:[ Train:10000  Valid:1000] Batch:8
22-01-21 14:23:16.141 : ===>Input:[8,3,200,200] output:[8,3,200,200]
22-01-21 14:23:16.263 :        DEVICE ID : cuda
22-01-21 14:23:19.079 : L1 loss function
22-01-21 14:23:19.557 : ===> TrainEpoch =5  lr = 0.0001
22-01-21 14:24:08.166 : 

22-01-21 14:24:08.166 : #################### Trainning Resumed ####################
22-01-21 14:24:08.460 : ===>Trainning Data:[ Train:10000  Valid:1000] Batch:8
22-01-21 14:24:13.009 : ===>Input:[8,3,200,200] output:[8,3,200,200]
22-01-21 14:24:13.130 :        DEVICE ID : cuda
22-01-21 14:24:15.961 : L1 loss function
22-01-21 14:24:15.963 : ===> TrainEpoch =0  lr = 0.0001
22-01-21 14:32:44.061 : 

22-01-21 14:32:44.062 : #################### Trainning Resumed ####################
22-01-21 14:32:44.584 : ===>Trainning Data:[ Train:10000  Valid:1000] Batch:8
22-01-21 14:32:50.671 : ===>Input:[8,3,200,200] output:[8,3,200,200]
22-01-21 14:32:50.804 :        DEVICE ID : cuda
22-01-21 14:32:58.464 : L1 loss function
22-01-21 14:32:58.466 : ===> TrainEpoch =0  lr = 0.0001
22-01-21 14:41:21.922 : 

22-01-21 14:41:21.924 : #################### Trainning Resumed ####################
22-01-21 14:41:22.390 : ===>Trainning Data:[ Train:10000  Valid:1000] Batch:8
22-01-21 14:41:28.996 : ===>Input:[8,3,200,200] output:[8,3,200,200]
22-01-21 14:41:29.164 :        DEVICE ID : cuda
22-01-21 14:41:36.214 : L1 loss function
22-01-21 14:41:36.226 : ===> TrainEpoch =0  lr = 0.0001
22-01-21 14:44:10.430 : 

22-01-21 14:44:10.430 : #################### Trainning Resumed ####################
22-01-21 14:44:10.794 : ===>Trainning Data:[ Train:10000  Valid:1000] Batch:8
22-01-21 14:44:16.866 : ===>Input:[8,3,200,200] output:[8,3,200,200]
22-01-21 14:44:16.986 :        DEVICE ID : cuda
22-01-21 14:44:19.884 : L1 loss function
22-01-21 14:44:19.895 : ===> TrainEpoch =0  lr = 0.0001
22-01-21 14:45:04.846 : 

22-01-21 14:45:04.847 : #################### Trainning Resumed ####################
22-01-21 14:45:05.309 : ===>Trainning Data:[ Train:10000  Valid:1000] Batch:8
22-01-21 14:45:09.716 : ===>Input:[8,3,200,200] output:[8,3,200,200]
22-01-21 14:45:09.848 :        DEVICE ID : cuda
22-01-21 14:45:13.081 : L1 loss function
22-01-21 14:45:13.091 : ===> TrainEpoch =0  lr = 0.0001
22-01-21 14:46:07.780 : 

22-01-21 14:46:07.781 : #################### Trainning Resumed ####################
22-01-21 14:46:08.016 : ===>Trainning Data:[ Train:10000  Valid:1000] Batch:8
22-01-21 14:46:12.356 : ===>Input:[8,3,200,200] output:[8,3,200,200]
22-01-21 14:46:12.480 :        DEVICE ID : cuda
22-01-21 14:46:15.377 : L1 loss function
22-01-21 14:46:15.386 : ===> TrainEpoch =0  lr = 0.0001
22-01-21 14:48:50.219 : 

22-01-21 14:48:50.220 : #################### Trainning Resumed ####################
22-01-21 14:48:50.588 : ===>Trainning Data:[ Train:10000  Valid:1000] Batch:8
22-01-21 14:48:54.354 : ===>Input:[8,3,200,200] output:[8,3,200,200]
22-01-21 14:48:54.479 :        DEVICE ID : cuda
22-01-21 14:48:57.294 : L1 loss function
22-01-21 14:48:57.303 : ===> TrainEpoch =0  lr = 0.0001
22-01-21 14:58:55.883 : 

22-01-21 14:58:55.883 : #################### Trainning Resumed ####################
22-01-21 14:58:56.424 : ===>Trainning Data:[ Train:10000  Valid:1000] Batch:8
22-01-21 14:59:00.703 : ===>Input:[8,3,200,200] output:[8,3,200,200]
22-01-21 14:59:00.858 :        DEVICE ID : cuda
22-01-21 14:59:04.820 : L1 loss function
22-01-21 14:59:05.341 : ===> TrainEpoch =6  lr = 0.0001
22-01-21 15:01:38.239 : 

22-01-21 15:01:38.239 : #################### Trainning Resumed ####################
22-01-21 15:01:38.693 : ===>Trainning Data:[ Train:10000  Valid:1000] Batch:8
22-01-21 15:01:42.591 : ===>Input:[8,3,200,200] output:[8,3,200,200]
22-01-21 15:01:42.722 :        DEVICE ID : cuda
22-01-21 15:01:45.558 : L1 loss function
22-01-21 15:01:46.083 : ===> TrainEpoch =6  lr = 0.0001
22-01-21 15:39:13.744 : ===> Epoch[6]: Loss_l1: 0.05396  Duration: 37.462017 min
22-01-21 15:41:40.051 : ===> Valid. psnr: 22.4868, ssim: 0.7475, loss: 0.0538
22-01-21 15:41:40.333 : ===> Checkpoint saved to checkpoints/anime_net_checkpoints/anime_net_4/checkpoint_base_epoch_6.pth
22-01-21 15:41:40.333 : 

22-01-21 15:41:40.335 : ===> TrainEpoch =7  lr = 0.0001
22-01-21 16:19:05.222 : ===> Epoch[7]: Loss_l1: 0.05269  Duration: 37.415771 min
22-01-21 16:21:32.955 : ===> Valid. psnr: 22.3559, ssim: 0.7512, loss: 0.0540
22-01-21 16:21:33.186 : ===> Checkpoint saved to checkpoints/anime_net_checkpoints/anime_net_4/checkpoint_base_epoch_7.pth
22-01-21 16:21:33.186 : 

22-01-21 16:21:33.187 : ===> TrainEpoch =8  lr = 0.0001
22-01-21 16:59:01.804 : ===> Epoch[8]: Loss_l1: 0.05123  Duration: 37.478687 min
22-01-21 17:01:24.975 : ===> Valid. psnr: 22.6261, ssim: 0.7537, loss: 0.0525
22-01-21 17:01:25.207 : ===> Checkpoint saved to checkpoints/anime_net_checkpoints/anime_net_4/checkpoint_base_epoch_8.pth
22-01-21 17:01:25.207 : 

22-01-21 17:01:25.208 : ===> TrainEpoch =9  lr = 0.0001
22-01-21 17:38:55.912 : ===> Epoch[9]: Loss_l1: 0.05015  Duration: 37.509500 min
22-01-21 17:41:24.444 : ===> Valid. psnr: 22.9621, ssim: 0.7584, loss: 0.0500
22-01-21 17:41:24.677 : ===> Checkpoint saved to checkpoints/anime_net_checkpoints/anime_net_4/checkpoint_base_epoch_9.pth
22-01-21 17:41:24.677 : 

22-01-21 18:30:38.977 : 

22-01-21 18:30:38.977 : #################### Trainning Resumed ####################
22-01-21 18:30:39.372 : ===>Trainning Data:[ Train:10000  Valid:1000] Batch:8
22-01-21 18:30:44.927 : ===>Input:[8,3,180,180] output:[8,3,180,180]
22-01-21 18:30:45.088 :        DEVICE ID : cuda
22-01-21 18:30:51.524 : L1 loss function
22-01-21 18:30:52.023 : ===> TrainEpoch =10  lr = 0.0001
22-01-21 19:00:07.928 : ===> Epoch[10]: Loss_l1: 0.05430  Duration: 29.264642 min
22-01-21 19:02:43.958 : ===> Valid. psnr: 22.4038, ssim: 0.7140, loss: 0.0536
22-01-21 19:02:44.227 : ===> Checkpoint saved to checkpoints/anime_net_checkpoints/anime_net_4/checkpoint_base_epoch_10.pth
22-01-21 19:02:44.227 : 

22-01-22 19:06:08.405 : 

22-01-22 19:06:08.405 : #################### Trainning Resumed ####################
22-01-22 19:06:08.587 : ===>Trainning Data:[ Train:10000  Valid:1000] Batch:8
22-01-22 19:06:18.029 : ===>Input:[8,3,100,100] output:[8,3,100,100]
22-01-22 19:06:18.155 :        DEVICE ID : cuda
22-01-22 19:06:21.107 : L1 loss function
22-01-22 19:06:21.578 : ===> TrainEpoch =11  lr = 0.0001
22-01-22 19:50:31.221 : ===> Epoch[11]: Loss_l1: 0.05227  Duration: 44.159758 min
22-01-22 19:54:42.030 : ===> Valid. psnr: 22.5030, ssim: 0.7158, loss: 0.0529
22-01-22 19:54:42.299 : ===> Checkpoint saved to checkpoints/anime_net_checkpoints/anime_net_4/checkpoint_base_epoch_11.pth
22-01-22 19:54:42.299 : 

22-01-22 19:54:42.301 : ===> TrainEpoch =12  lr = 0.0001
22-01-22 20:37:35.213 : ===> Epoch[12]: Loss_l1: 0.05099  Duration: 42.883933 min
22-01-22 20:41:39.781 : ===> Valid. psnr: 22.8934, ssim: 0.7309, loss: 0.0503
22-01-22 20:41:40.004 : ===> Checkpoint saved to checkpoints/anime_net_checkpoints/anime_net_4/checkpoint_base_epoch_12.pth
22-01-22 20:41:40.004 : 

22-01-22 20:41:40.005 : ===> TrainEpoch =13  lr = 0.0001
22-01-22 21:24:15.220 : ===> Epoch[13]: Loss_l1: 0.04990  Duration: 42.577025 min
22-01-22 21:28:23.631 : ===> Valid. psnr: 22.8733, ssim: 0.7272, loss: 0.0506
22-01-22 21:28:23.863 : ===> Checkpoint saved to checkpoints/anime_net_checkpoints/anime_net_4/checkpoint_base_epoch_13.pth
22-01-22 21:28:23.863 : 

