22-01-23 08:18:33.654 : 

22-01-23 08:18:33.654 : #################### Trainning Resumed ####################
22-01-23 08:18:34.099 : ===>Trainning Data:[ Train:6282  Valid:1282] Batch:8
22-01-23 08:18:45.738 : ===>Input:[8,3,256,256] output:[8,3,1024,1024]
22-01-23 08:18:45.857 :        DEVICE ID : cuda
22-01-23 08:18:51.965 : L1 loss function
22-01-23 08:18:51.967 : ===> TrainEpoch =0  lr = 0.0001
22-01-23 08:20:48.569 : 

22-01-23 08:20:48.569 : #################### Trainning Resumed ####################
22-01-23 08:20:49.167 : ===>Trainning Data:[ Train:6282  Valid:1282] Batch:8
22-01-23 08:20:59.123 : ===>Input:[8,3,256,256] output:[8,3,1024,1024]
22-01-23 08:20:59.187 :        DEVICE ID : cuda
22-01-23 08:21:02.432 : L1 loss function
22-01-23 08:21:02.433 : ===> TrainEpoch =0  lr = 0.0001
22-01-23 08:21:55.645 : 

22-01-23 08:21:55.646 : #################### Trainning Resumed ####################
22-01-23 08:21:56.118 : ===>Trainning Data:[ Train:6282  Valid:1282] Batch:8
22-01-23 08:22:04.214 : ===>Input:[8,3,256,256] output:[8,3,1024,1024]
22-01-23 08:22:04.307 :        DEVICE ID : cuda
22-01-23 08:22:07.206 : L1 loss function
22-01-23 08:22:07.207 : ===> TrainEpoch =0  lr = 0.0001
22-01-23 08:23:55.123 : 

22-01-23 08:23:55.124 : #################### Trainning Resumed ####################
22-01-23 08:23:55.501 : ===>Trainning Data:[ Train:6282  Valid:1282] Batch:8
22-01-23 08:24:05.733 : ===>Input:[8,3,256,256] output:[8,3,1024,1024]
22-01-23 08:24:05.823 :        DEVICE ID : cuda
22-01-23 08:24:08.789 : L1 loss function
22-01-23 08:24:08.790 : ===> TrainEpoch =0  lr = 0.0001
22-01-23 08:28:01.202 : 

22-01-23 08:28:01.202 : #################### Trainning Resumed ####################
22-01-23 08:28:01.438 : ===>Trainning Data:[ Train:6282  Valid:1282] Batch:8
22-01-23 08:28:09.290 : ===>Input:[8,3,256,256] output:[8,3,1024,1024]
22-01-23 08:28:09.355 :        DEVICE ID : cuda
22-01-23 08:28:12.242 : L1 loss function
22-01-23 08:28:12.243 : ===> TrainEpoch =0  lr = 0.0001
22-01-23 08:33:14.394 : 

22-01-23 08:33:14.394 : #################### Trainning Resumed ####################
22-01-23 08:33:14.453 : ===>Trainning Data:[ Train:6282  Valid:1282] Batch:8
22-01-23 08:33:23.802 : ===>Input:[8,3,256,256] output:[8,3,1024,1024]
22-01-23 08:33:23.870 :        DEVICE ID : cuda
22-01-23 08:33:26.746 : L1 loss function
22-01-23 08:33:26.747 : ===> TrainEpoch =0  lr = 0.0001
22-01-23 08:34:12.367 : 

22-01-23 08:34:12.368 : #################### Trainning Resumed ####################
22-01-23 08:34:12.455 : ===>Trainning Data:[ Train:6282  Valid:1282] Batch:8
22-01-23 08:34:22.261 : ===>Input:[8,3,256,256] output:[8,3,1024,1024]
22-01-23 08:34:22.326 :        DEVICE ID : cuda
22-01-23 08:34:25.361 : L1 loss function
22-01-23 08:34:25.362 : ===> TrainEpoch =0  lr = 0.0001
22-01-23 08:35:57.286 : 

22-01-23 08:35:57.286 : #################### Trainning Resumed ####################
22-01-23 08:35:57.657 : ===>Trainning Data:[ Train:6282  Valid:1282] Batch:8
22-01-23 08:36:07.098 : ===>Input:[8,3,256,256] output:[8,3,1024,1024]
22-01-23 08:36:07.163 :        DEVICE ID : cuda
22-01-23 08:36:10.222 : L1 loss function
22-01-23 08:36:10.223 : ===> TrainEpoch =0  lr = 0.0001
22-01-23 08:36:42.644 : 

22-01-23 08:36:42.645 : #################### Trainning Resumed ####################
22-01-23 08:36:42.705 : ===>Trainning Data:[ Train:6282  Valid:1282] Batch:8
22-01-23 08:36:52.539 : ===>Input:[8,3,256,256] output:[8,3,512,512]
22-01-23 08:36:52.600 :        DEVICE ID : cuda
22-01-23 08:36:55.998 : L1 loss function
22-01-23 08:36:55.999 : ===> TrainEpoch =0  lr = 0.0001
22-01-23 08:37:37.512 : 

22-01-23 08:37:37.512 : #################### Trainning Resumed ####################
22-01-23 08:37:37.596 : ===>Trainning Data:[ Train:6282  Valid:1282] Batch:8
22-01-23 08:37:43.590 : ===>Input:[8,3,200,200] output:[8,3,400,400]
22-01-23 08:37:43.647 :        DEVICE ID : cuda
22-01-23 08:37:46.618 : L1 loss function
22-01-23 08:37:46.619 : ===> TrainEpoch =0  lr = 0.0001
22-01-23 08:38:22.711 : 

22-01-23 08:38:22.711 : #################### Trainning Resumed ####################
22-01-23 08:38:22.871 : ===>Trainning Data:[ Train:6282  Valid:1282] Batch:8
22-01-23 08:38:30.883 : ===>Input:[8,3,220,220] output:[8,3,440,440]
22-01-23 08:38:30.940 :        DEVICE ID : cuda
22-01-23 08:38:33.850 : L1 loss function
22-01-23 08:38:33.851 : ===> TrainEpoch =0  lr = 0.0001
22-01-23 08:39:30.878 : 

22-01-23 08:39:30.879 : #################### Trainning Resumed ####################
22-01-23 08:39:31.177 : ===>Trainning Data:[ Train:6282  Valid:1282] Batch:8
