
21-12-23 18:54:58.125 : #################### Trainning Resumed ####################
21-12-23 18:54:58.618 : ===>Trainning Data:[ Train:6282  Valid:1282] Batch:4
21-12-23 18:54:58.732 :        DEVICE ID : cuda
21-12-23 18:55:04.755 : L1 loss function
21-12-23 18:55:04.757 : ===> TrainEpoch =0  lr = 0.0001
21-12-23 19:36:01.378 : ===> Epoch[0]: Loss_l1: 0.04526  Duration: 40.945062 min
21-12-23 19:43:30.312 : ===> Valid. psnr: 27.5068, ssim: 0.6977, loss: 0.0339
21-12-23 19:43:30.472 : ===> Checkpoint saved to checkpoints/checkpoint_epoch_0.pth
21-12-23 19:43:30.472 : 

21-12-23 19:43:30.475 : ===> TrainEpoch =1  lr = 0.0001
21-12-23 20:24:05.218 : ===> Epoch[1]: Loss_l1: 0.03510  Duration: 40.578425 min
21-12-23 20:31:20.095 : ===> Valid. psnr: 27.7056, ssim: 0.7140, loss: 0.0330
21-12-23 20:31:20.183 : ===> Checkpoint saved to checkpoints/checkpoint_epoch_1.pth
21-12-23 20:31:20.183 : 

21-12-23 20:31:20.184 : ===> TrainEpoch =2  lr = 0.0001
21-12-23 21:12:02.590 : ===> Epoch[2]: Loss_l1: 0.03370  Duration: 40.707592 min
21-12-23 21:19:16.863 : ===> Valid. psnr: 27.9496, ssim: 0.7188, loss: 0.0328
21-12-23 21:19:16.918 : ===> Checkpoint saved to checkpoints/checkpoint_epoch_2.pth
21-12-23 21:19:16.918 : 

21-12-23 21:19:16.918 : ===> TrainEpoch =3  lr = 0.0001
21-12-23 21:59:40.475 : ===> Epoch[3]: Loss_l1: 0.03274  Duration: 40.393012 min
21-12-23 22:07:08.489 : ===> Valid. psnr: 28.2530, ssim: 0.7306, loss: 0.0316
21-12-23 22:07:08.545 : ===> Checkpoint saved to checkpoints/checkpoint_epoch_3.pth
21-12-23 22:07:08.545 : 
21-12-24 09:19:51.503 : 

21-12-24 09:19:51.503 : #################### Trainning Resumed ####################
21-12-24 09:19:51.661 : ===>Trainning Data:[ Train:6282  Valid:1282] Batch:4
21-12-24 09:19:51.762 :        DEVICE ID : cuda
21-12-24 09:19:57.443 : L1 loss function
21-12-24 09:19:57.588 : ===> TrainEpoch =4  lr = 0.0001
21-12-24 10:02:04.748 : ===> Epoch[4]: Loss_l1: 0.03236  Duration: 42.119233 min
21-12-24 10:09:16.732 : ===> Valid. psnr: 28.3427, ssim: 0.7379, loss: 0.0311
21-12-24 10:09:16.874 : ===> Checkpoint saved to checkpoints/checkpoint_epoch_4.pth
21-12-24 10:09:16.874 : 

21-12-24 10:09:16.877 : ===> TrainEpoch =5  lr = 0.0001
21-12-24 10:54:33.660 : ===> Epoch[5]: Loss_l1: 0.03173  Duration: 45.281725 min
21-12-24 11:02:25.666 : ===> Valid. psnr: 28.3578, ssim: 0.7359, loss: 0.0310
21-12-24 11:02:25.784 : ===> Checkpoint saved to checkpoints/checkpoint_epoch_5.pth
21-12-24 11:02:25.784 : 

21-12-24 11:02:25.786 : ===> TrainEpoch =6  lr = 0.0001
21-12-24 11:46:52.206 : ===> Epoch[6]: Loss_l1: 0.03122  Duration: 44.441792 min
21-12-24 11:53:37.971 : ===> Valid. psnr: 28.4283, ssim: 0.7451, loss: 0.0309
21-12-24 11:53:38.073 : ===> Checkpoint saved to checkpoints/checkpoint_epoch_6.pth
21-12-24 11:53:38.073 : 

21-12-24 11:53:38.075 : ===> TrainEpoch =7  lr = 0.0001
21-12-24 12:36:23.660 : ===> Epoch[7]: Loss_l1: 0.03147  Duration: 42.757917 min
21-12-24 12:43:01.298 : ===> Valid. psnr: 28.4455, ssim: 0.7383, loss: 0.0309
21-12-24 12:43:01.411 : ===> Checkpoint saved to checkpoints/checkpoint_epoch_7.pth
21-12-24 12:43:01.411 : 

21-12-24 14:11:25.181 : 

21-12-24 14:11:25.181 : #################### Trainning Resumed ####################
21-12-24 14:11:25.586 : ===>Trainning Data:[ Train:6282  Valid:1282] Batch:4
21-12-24 14:11:25.671 :        DEVICE ID : cuda
21-12-24 14:11:31.420 : L1 loss function
21-12-24 14:11:31.567 : ===> TrainEpoch =8  lr = 0.0001
21-12-24 14:52:41.236 : ===> Epoch[8]: Loss_l1: 0.03141  Duration: 41.161487 min
21-12-24 15:00:17.797 : ===> Valid. psnr: 28.6553, ssim: 0.7428, loss: 0.0305
21-12-24 15:00:17.899 : ===> Checkpoint saved to checkpoints/checkpoint_epoch_8.pth
21-12-24 15:00:17.900 : 

21-12-24 15:00:17.901 : ===> TrainEpoch =9  lr = 0.0001
21-12-24 15:40:33.563 : ===> Epoch[9]: Loss_l1: 0.03079  Duration: 40.262696 min
21-12-24 15:47:46.057 : ===> Valid. psnr: 28.8484, ssim: 0.7473, loss: 0.0294
21-12-24 15:47:46.114 : ===> Checkpoint saved to checkpoints/checkpoint_epoch_9.pth
21-12-24 15:47:46.114 : 

21-12-24 15:47:46.115 : ===> TrainEpoch =10  lr = 0.0001
21-12-24 16:28:54.060 : ===> Epoch[10]: Loss_l1: 0.03083  Duration: 41.131954 min
21-12-24 16:36:40.327 : ===> Valid. psnr: 28.9156, ssim: 0.7500, loss: 0.0295
21-12-24 16:36:40.416 : ===> Checkpoint saved to checkpoints/checkpoint_epoch_10.pth
21-12-24 16:36:40.416 : 

21-12-24 17:26:53.821 : 

21-12-24 17:26:53.822 : #################### Trainning Resumed ####################
21-12-24 17:26:54.461 : ===>Trainning Data:[ Train:6282  Valid:1282] Batch:4
21-12-24 17:26:54.555 :        DEVICE ID : cuda
21-12-24 17:27:00.908 : L1 loss function
21-12-24 17:27:01.067 : ===> TrainEpoch =11  lr = 3e-05
21-12-24 18:11:28.169 : ===> Epoch[11]: Loss_l1: 0.02986  Duration: 44.452642 min
21-12-24 18:18:58.853 : ===> Valid. psnr: 28.8234, ssim: 0.7493, loss: 0.0293
21-12-24 18:18:59.042 : ===> Checkpoint saved to checkpoints/checkpoint_epoch_11.pth
21-12-24 18:18:59.042 : 

21-12-24 18:18:59.046 : ===> TrainEpoch =12  lr = 3e-05
21-12-24 19:02:33.135 : ===> Epoch[12]: Loss_l1: 0.03007  Duration: 43.569633 min
21-12-24 19:09:04.202 : ===> Valid. psnr: 28.9880, ssim: 0.7527, loss: 0.0292
21-12-24 19:09:04.320 : ===> Checkpoint saved to checkpoints/checkpoint_epoch_12.pth
21-12-24 19:09:04.320 : 

21-12-24 19:13:06.827 : #################### Trainning Resumed ####################
21-12-24 19:13:06.986 : ===>Trainning Data:[ Train:6282  Valid:1282] Batch:4
21-12-24 19:13:07.061 :        DEVICE ID : cuda
21-12-24 19:13:09.820 : L1 loss function
21-12-24 19:13:09.903 : ===> TrainEpoch =13  lr = 3e-05
21-12-24 19:54:32.365 : ===> Epoch[13]: Loss_l1: 0.02999  Duration: 41.372138 min
21-12-24 20:01:20.419 : ===> Valid. psnr: 28.7263, ssim: 0.7456, loss: 0.0300
21-12-24 20:01:20.494 : ===> Checkpoint saved to checkpoints/checkpoint_epoch_13.pth
21-12-24 20:01:20.494 : 


21-12-25 09:10:36.035 : #################### Trainning Resumed ####################
21-12-25 09:10:36.101 : ===>Trainning Data:[ Train:6282  Valid:1282] Batch:4
21-12-25 09:10:36.141 :        DEVICE ID : cuda
21-12-25 09:10:39.373 : L1 loss function
21-12-25 09:10:39.464 : ===> TrainEpoch =14  lr = 3e-05
21-12-25 09:54:35.336 : ===> Epoch[14]: Loss_l1: 0.03041  Duration: 43.919892 min
21-12-25 10:02:07.456 : ===> Valid. psnr: 28.8681, ssim: 0.7519, loss: 0.0295
21-12-25 10:02:07.573 : ===> Checkpoint saved to checkpoints/checkpoint_epoch_14.pth
21-12-25 10:02:07.573 : 

21-12-25 10:02:07.574 : ===> TrainEpoch =15  lr = 3e-05
21-12-25 10:46:58.159 : ===> Epoch[15]: Loss_l1: 0.02990  Duration: 44.856400 min
21-12-25 10:54:25.060 : ===> Valid. psnr: 28.7546, ssim: 0.7459, loss: 0.0295
21-12-25 10:54:25.164 : ===> Checkpoint saved to checkpoints/checkpoint_epoch_15.pth
21-12-25 10:54:25.165 : 
 TrainEpoch =16  lr = 3.4000000000000007e-05
21-12-25 11:38:55.798 : 

21-12-25 11:38:55.799 : #################### Trainning Resumed ####################
21-12-25 11:38:56.415 : ===>Trainning Data:[ Train:6282  Valid:1282] Batch:4
21-12-25 11:38:56.526 :        DEVICE ID : cuda
21-12-25 11:39:05.905 : L1 loss function
21-12-25 11:39:06.155 : ===> TrainEpoch =16  lr = 3e-05
21-12-25 12:22:02.666 : ===> Epoch[16]: Loss_l1: 0.02974  Duration: 42.941425 min
21-12-25 12:29:23.621 : ===> Valid. psnr: 28.9962, ssim: 0.7529, loss: 0.0291
21-12-25 12:29:23.715 : ===> Checkpoint saved to checkpoints/checkpoint_epoch_16.pth
21-12-25 12:29:23.715 : 

21-12-25 12:35:23.844 : 

21-12-25 12:35:23.844 : #################### Trainning Resumed ####################
21-12-25 12:35:24.214 : ===>Trainning Data:[ Train:6282  Valid:1282] Batch:4
21-12-25 12:35:24.284 :        DEVICE ID : cuda
21-12-25 12:35:27.299 : L1 loss function
21-12-25 12:35:27.386 : ===> TrainEpoch =17  lr = 3e-05
21-12-25 13:17:49.013 : ===> Epoch[17]: Loss_l1: 0.02968  Duration: 42.360929 min
21-12-25 13:24:46.871 : ===> Valid. psnr: 29.0991, ssim: 0.7543, loss: 0.0286
21-12-25 13:24:46.946 : ===> Checkpoint saved to checkpoints/checkpoint_epoch_17.pth
21-12-25 13:24:46.946 : 

21-12-25 13:24:46.947 : ===> TrainEpoch =18  lr = 3e-05
21-12-25 14:07:07.923 : ===> Epoch[18]: Loss_l1: 0.02958  Duration: 42.351175 min
21-12-25 14:13:57.194 : ===> Valid. psnr: 28.9325, ssim: 0.7544, loss: 0.0291
21-12-25 14:13:57.255 : ===> Checkpoint saved to checkpoints/checkpoint_epoch_18.pth
21-12-25 14:13:57.255 : 

21-12-25 14:13:57.256 : ===> TrainEpoch =19  lr = 3e-05
21-12-25 14:53:00.069 : 

21-12-25 14:53:00.069 : #################### Trainning Resumed ####################
21-12-25 14:53:00.284 : ===>Trainning Data:[ Train:6282  Valid:1282] Batch:4
21-12-25 14:53:00.407 :        DEVICE ID : cuda
21-12-25 14:53:06.828 : L1 loss function
21-12-25 14:53:06.986 : ===> TrainEpoch =19  lr = 3e-05
21-12-25 15:34:38.937 : ===> Epoch[19]: Loss_l1: 0.02983  Duration: 41.529158 min
21-12-25 15:42:17.504 : ===> Valid. psnr: 28.9393, ssim: 0.7495, loss: 0.0292
21-12-25 15:42:17.612 : ===> Checkpoint saved to checkpoints/checkpoint_epoch_19.pth
21-12-25 15:42:17.612 : 

21-12-25 15:42:17.614 : ===> TrainEpoch =20  lr = 3e-05
21-12-25 16:23:11.250 : ===> Epoch[20]: Loss_l1: 0.02980  Duration: 40.898617 min
21-12-25 16:30:27.571 : ===> Valid. psnr: 29.1452, ssim: 0.7549, loss: 0.0286
21-12-25 16:30:27.627 : ===> Checkpoint saved to checkpoints/checkpoint_epoch_20.pth
21-12-25 16:30:27.627 : 

21-12-25 16:30:27.628 : ===> TrainEpoch =21  lr = 3e-05
21-12-25 17:11:22.273 : ===> Epoch[21]: Loss_l1: 0.02967  Duration: 40.912363 min
21-12-25 17:18:40.738 : ===> Valid. psnr: 29.0573, ssim: 0.7557, loss: 0.0284
21-12-25 17:18:40.790 : ===> Checkpoint saved to checkpoints/checkpoint_epoch_21.pth
21-12-25 17:18:40.790 : 

21-12-25 17:18:40.791 : ===> TrainEpoch =22  lr = 9e-06
21-12-25 17:59:30.736 : ===> Epoch[22]: Loss_l1: 0.02964  Duration: 40.832062 min
21-12-25 18:06:39.209 : ===> Valid. psnr: 29.1593, ssim: 0.7591, loss: 0.0282
21-12-25 18:06:39.263 : ===> Checkpoint saved to checkpoints/checkpoint_epoch_22.pth
21-12-25 18:06:39.263 : 

21-12-25 18:06:39.263 : ===> TrainEpoch =23  lr = 9e-06
21-12-25 18:47:41.065 : ===> Epoch[23]: Loss_l1: 0.02978  Duration: 41.032300 min
21-12-25 18:54:59.506 : ===> Valid. psnr: 28.7738, ssim: 0.7478, loss: 0.0295
21-12-25 18:54:59.558 : ===> Checkpoint saved to checkpoints/checkpoint_epoch_23.pth
21-12-25 18:54:59.559 : 


21-12-26 09:12:50.063 : #################### Trainning Resumed ####################
21-12-26 09:12:50.332 : ===>Trainning Data:[ Train:6282  Valid:1282] Batch:4
21-12-26 09:12:50.436 :        DEVICE ID : cuda
21-12-26 09:12:56.700 : L1 loss function
21-12-26 09:12:56.856 : ===> TrainEpoch =24  lr = 9e-06
21-12-26 09:54:08.295 : ===> Epoch[24]: Loss_l1: 0.02967  Duration: 41.191938 min
21-12-26 10:01:57.692 : ===> Valid. psnr: 28.9713, ssim: 0.7494, loss: 0.0293
21-12-26 10:01:57.832 : ===> Checkpoint saved to checkpoints/checkpoint_epoch_24.pth
21-12-26 10:01:57.832 : 

21-12-26 10:38:36.661 : 

21-12-26 10:38:36.663 : #################### Trainning Resumed ####################
21-12-26 10:38:37.219 : ===>Trainning Data:[ Train:6282  Valid:1282] Batch:4
21-12-26 10:38:37.332 :        DEVICE ID : cuda
21-12-26 10:38:43.877 : L1 loss function
21-12-26 10:38:44.029 : ===> TrainEpoch =25  lr = 9e-06
21-12-26 11:23:07.804 : ===> Epoch[25]: Loss_l1: 0.02941  Duration: 44.394975 min
21-12-26 11:30:25.632 : ===> Valid. psnr: 28.9495, ssim: 0.7549, loss: 0.0289
21-12-26 11:30:25.797 : ===> Checkpoint saved to checkpoints/checkpoint_epoch_25.pth
21-12-26 11:30:25.797 : 

21-12-26 11:30:25.799 : ===> TrainEpoch =26  lr = 9e-06
21-12-26 12:16:31.757 : ===> Epoch[26]: Loss_l1: 0.02944  Duration: 46.104700 min
21-12-26 12:24:45.156 : ===> Valid. psnr: 29.0479, ssim: 0.7521, loss: 0.0291
21-12-26 12:24:45.325 : ===> Checkpoint saved to checkpoints/checkpoint_epoch_26.pth
21-12-26 12:24:45.325 : 

21-12-26 12:24:45.330 : ===> TrainEpoch =27  lr = 9e-06
21-12-26 13:12:32.929 : ===> Epoch[27]: Loss_l1: 0.02951  Duration: 47.791867 min
21-12-26 13:20:34.019 : ===> Valid. psnr: 29.2009, ssim: 0.7582, loss: 0.0285
21-12-26 13:20:34.173 : ===> Checkpoint saved to checkpoints/checkpoint_epoch_27.pth
21-12-26 13:20:34.173 : 

21-12-26 13:20:34.178 : ===> TrainEpoch =28  lr = 9e-06
21-12-26 14:04:43.969 : ===> Epoch[28]: Loss_l1: 0.02960  Duration: 44.163304 min
21-12-26 14:11:21.337 : ===> Valid. psnr: 29.0348, ssim: 0.7528, loss: 0.0289
21-12-26 14:11:21.452 : ===> Checkpoint saved to checkpoints/checkpoint_epoch_28.pth
21-12-26 14:11:21.452 : 

21-12-26 14:11:21.454 : ===> TrainEpoch =29  lr = 9e-06
21-12-26 14:53:30.791 : ===> Epoch[29]: Loss_l1: 0.02965  Duration: 42.157054 min
21-12-26 14:59:55.198 : ===> Valid. psnr: 29.0649, ssim: 0.7540, loss: 0.0288
21-12-26 14:59:55.257 : ===> Checkpoint saved to checkpoints/checkpoint_epoch_29.pth
21-12-26 14:59:55.257 : 

21-12-26 16:17:07.809 :

21-12-26 16:18:09.890 : #################### Trainning Resumed ####################
21-12-26 16:18:10.266 : ===>Trainning Data:[ Train:6282  Valid:1282] Batch:4
21-12-26 16:18:10.355 :        DEVICE ID : cuda
21-12-26 16:18:13.307 : L1 loss function
21-12-26 16:18:13.412 : ===> TrainEpoch =30  lr = 9e-06
21-12-26 17:04:14.366 : ===> Epoch[30]: Loss_l1: 0.02945  Duration: 46.018654 min
21-12-26 17:12:21.420 : ===> Valid. psnr: 29.2076, ssim: 0.7554, loss: 0.0286
21-12-26 17:12:21.601 : ===> Checkpoint saved to checkpoints/checkpoint_epoch_30.pth
21-12-26 17:12:21.601 : 

21-12-26 20:41:50.604 : 

21-12-26 20:41:50.604 : #################### Trainning Resumed ####################
21-12-26 20:41:51.203 : ===>Trainning Data:[ Train:6282  Valid:1282] Batch:4
21-12-26 20:41:51.328 :        DEVICE ID : cuda
21-12-26 20:41:56.751 : L1 loss function
21-12-26 20:41:56.986 : ===> TrainEpoch =31  lr = 9e-06
21-12-26 21:28:01.704 : ===> Epoch[31]: Loss_l1: 0.02946  Duration: 46.079358 min
21-12-26 21:35:03.222 : ===> Valid. psnr: 29.0463, ssim: 0.7525, loss: 0.0287
21-12-26 21:35:03.308 : ===> Checkpoint saved to checkpoints/checkpoint_epoch_31.pth
21-12-26 21:35:03.309 : 21-12-27 14:03:59.685 : 


21-12-27 14:04:51.292 : #################### Trainning Resumed ####################
21-12-27 14:04:51.870 : ===>Trainning Data:[ Train:6282  Valid:1282] Batch:4
21-12-27 14:04:57.446 : ===>Input:[4,3,115,125] output:[4,3,345,375]
21-12-27 14:04:57.523 :        DEVICE ID : cuda
21-12-27 14:05:00.403 : L1 loss function
21-12-27 14:05:00.527 : ===> TrainEpoch =32  lr = 9e-06
21-12-27 14:46:04.183 : ===> Epoch[32]: Loss_l1: 0.02940  Duration: 41.052200 min
21-12-27 14:52:49.412 : ===> Valid. psnr: 29.0772, ssim: 0.7522, loss: 0.0286
21-12-27 14:52:49.494 : ===> Checkpoint saved to checkpoints/checkpoint_epoch_32.pth
21-12-27 14:52:49.494 : 

21-12-27 14:52:49.495 : ===> TrainEpoch =33  lr = 9e-06
21-12-27 15:33:49.226 : ===> Epoch[33]: Loss_l1: 0.02964  Duration: 40.992425 min
21-12-27 15:40:27.689 : ===> Valid. psnr: 29.1926, ssim: 0.7564, loss: 0.0286
21-12-27 15:40:27.749 : ===> Checkpoint saved to checkpoints/checkpoint_epoch_33.pth
21-12-27 15:40:27.749 : 

21-12-27 15:40:27.750 : ===> TrainEpoch =34  lr = 9e-06
21-12-27 16:21:39.585 : ===> Epoch[34]: Loss_l1: 0.02975  Duration: 41.197754 min
21-12-27 16:28:10.821 : ===> Valid. psnr: 29.0329, ssim: 0.7539, loss: 0.0288
21-12-27 16:28:10.878 : ===> Checkpoint saved to checkpoints/checkpoint_epoch_34.pth
21-12-27 16:28:10.878 : 

21-12-27 16:28:10.878 : ===> TrainEpoch =35  lr = 9e-06
21-12-27 17:09:20.567 : ===> Epoch[35]: Loss_l1: 0.02967  Duration: 41.170054 min
21-12-27 17:15:53.946 : ===> Valid. psnr: 29.0717, ssim: 0.7544, loss: 0.0291
21-12-27 17:15:54.001 : ===> Checkpoint saved to checkpoints/checkpoint_epoch_35.pth
21-12-27 17:15:54.001 : 

21-12-27 17:15:54.002 : ===> TrainEpoch =36  lr = 9e-06
21-12-27 17:57:04.509 : ===> Epoch[36]: Loss_l1: 0.02934  Duration: 41.174558 min
21-12-27 18:04:08.453 : ===> Valid. psnr: 29.0034, ssim: 0.7527, loss: 0.0288
21-12-27 18:04:08.516 : ===> Checkpoint saved to checkpoints/checkpoint_epoch_36.pth
21-12-27 18:04:08.516 : 


21-12-27 20:15:40.173 : #################### Trainning Resumed ####################
21-12-27 20:15:40.720 : ===>Trainning Data:[ Train:6282  Valid:1282] Batch:4
21-12-27 20:15:54.565 : ===>Input:[4,3,95,145] output:[4,3,285,435]
21-12-27 20:15:54.668 :        DEVICE ID : cuda
21-12-27 20:15:59.994 : L1 loss function
21-12-27 20:16:00.129 : ===> TrainEpoch =37  lr = 1e-06
21-12-27 20:59:03.090 : ===> Epoch[37]: Loss_l1: 0.02933  Duration: 43.046571 min
21-12-27 21:06:13.883 : ===> Valid. psnr: 29.0728, ssim: 0.7527, loss: 0.0292
21-12-27 21:06:13.993 : ===> Checkpoint saved to checkpoints/checkpoint_epoch_37.pth
21-12-27 21:06:13.993 : 


22-01-01 17:03:23.190 : 

22-01-01 17:03:23.190 : #################### Trainning Resumed ####################
22-01-01 17:03:23.833 : ===>Trainning Data:[ Train:6282  Valid:1282] Batch:4
22-01-01 17:03:33.558 : ===>Input:[4,3,147,100] output:[4,3,441,300]
22-01-01 17:03:33.654 :        DEVICE ID : cuda
22-01-01 17:03:39.904 : L1 loss function
22-01-01 17:03:40.056 : ===> TrainEpoch =38  lr = 1e-06
22-01-01 17:43:01.898 : ===> Epoch[38]: Loss_l1: 0.02925  Duration: 39.365483 min
22-01-01 17:50:29.421 : ===> Valid. psnr: 28.9565, ssim: 0.7514, loss: 0.0291
22-01-01 17:50:29.506 : ===> Checkpoint saved to checkpoints/checkpoint_epoch_38.pth
22-01-01 17:50:29.506 : 

22-01-01 17:50:29.507 : ===> TrainEpoch =39  lr = 1e-06
22-01-01 18:31:12.876 : ===> Epoch[39]: Loss_l1: 0.02977  Duration: 40.723779 min
22-01-01 18:38:17.604 : ===> Valid. psnr: 29.1217, ssim: 0.7552, loss: 0.0286
22-01-01 18:38:17.661 : ===> Checkpoint saved to checkpoints/checkpoint_epoch_39.pth
22-01-01 18:38:17.662 : 

22-01-01 18:38:17.662 : ===> TrainEpoch =40  lr = 1e-06
22-02-19 07:51:38.373 : 

22-02-19 07:51:38.373 : #################### Trainning Resumed ####################
22-02-19 07:51:40.824 : ===>Trainning Data:[ Train:6436  Valid:1282] Batch:4
22-02-19 07:53:18.482 : 

22-02-19 07:53:18.482 : #################### Trainning Resumed ####################
22-02-19 07:53:19.790 : ===>Trainning Data:[ Train:6436  Valid:1282] Batch:4
22-02-19 07:53:27.983 : ===>Input:[4,3,114,128] output:[4,3,342,384]
22-02-19 07:53:28.080 :        DEVICE ID : cuda
22-02-19 07:53:34.063 : L1 loss function
22-02-19 08:01:06.833 : ===> Valid. psnr: 28.9199, ssim: 0.7520, loss: 0.0292
22-02-19 08:01:06.924 : ===> Checkpoint saved to checkpoints/enhance_net_checkpoints/enhance_net_x3/enhance_checkpoints/checkpoint_base_epoch_40.pth
22-02-19 08:01:06.924 : 

22-02-19 08:02:54.215 : 

22-02-19 08:02:54.215 : #################### Trainning Resumed ####################
22-02-19 08:02:55.505 : ===>Trainning Data:[ Train:6436  Valid:1282] Batch:4
22-02-19 08:03:01.944 : ===>Input:[4,3,86,104] output:[4,3,258,312]
22-02-19 08:03:02.039 :        DEVICE ID : cuda
22-02-19 08:03:07.927 : L1 loss function
22-02-19 08:03:37.128 : 

22-02-19 08:03:37.128 : #################### Trainning Resumed ####################
22-02-19 08:03:38.065 : ===>Trainning Data:[ Train:6436  Valid:1282] Batch:4
22-02-19 08:03:46.606 : ===>Input:[4,3,84,150] output:[4,3,252,450]
22-02-19 08:03:46.697 :        DEVICE ID : cuda
22-02-19 08:03:49.209 : L1 loss function
22-02-19 08:05:04.471 : 

22-02-19 08:05:04.471 : #################### Trainning Resumed ####################
22-02-19 08:05:04.531 : ===>Trainning Data:[ Train:6436  Valid:1282] Batch:4
22-02-19 08:05:16.774 : ===>Input:[4,3,92,124] output:[4,3,276,372]
22-02-19 08:05:16.871 :        DEVICE ID : cuda
22-02-19 08:05:19.375 : L1 loss function
22-02-19 08:06:27.535 : 

22-02-19 08:06:27.535 : #################### Trainning Resumed ####################
22-02-19 08:06:28.685 : ===>Trainning Data:[ Train:6436  Valid:1282] Batch:4
22-02-19 08:06:36.177 : ===>Input:[4,3,104,88] output:[4,3,312,264]
22-02-19 08:06:36.271 :        DEVICE ID : cuda
22-02-19 08:06:38.780 : L1 loss function
22-02-19 08:08:08.851 : 

22-02-19 08:08:08.852 : #################### Trainning Resumed ####################
22-02-19 08:08:10.155 : ===>Trainning Data:[ Train:6436  Valid:1282] Batch:4
22-02-19 08:08:19.817 : ===>Input:[4,3,92,144] output:[4,3,276,432]
22-02-19 08:08:19.908 :        DEVICE ID : cuda
22-02-19 08:08:23.973 : L1 loss function
22-02-19 08:16:00.471 : ===> Valid. psnr: 28.7863, ssim: 0.7498, loss: 0.0295
22-02-19 08:16:00.626 : ===> Checkpoint saved to checkpoints/enhance_net_checkpoints/enhance_net_x3/enhance_checkpoints/checkpoint_base_epoch_40.pth
22-02-19 08:16:00.626 : 

